#
# A fatal error has been detected by the Java Runtime Environment:
#
#  EXCEPTION_ACCESS_VIOLATION (0xc0000005) at pc=0x00007ffbbc225175, pid=8284, tid=11300
#
# JRE version: OpenJDK Runtime Environment (24.0+36) (build 24+36-3646)
# Java VM: OpenJDK 64-Bit Server VM (24+36-3646, mixed mode, sharing, tiered, compressed oops, compressed class ptrs, g1 gc, windows-amd64)
# Problematic frame:
# C  [d3d9.dll+0x115175]
#
# No core dump will be written. Minidumps are not enabled by default on client versions of Windows
#
# If you would like to submit a bug report, please visit:
#   https://bugreport.java.com/bugreport/crash.jsp
# The crash happened outside the Java Virtual Machine in native code.
# See problematic frame for where to report the bug.
#

---------------  S U M M A R Y ------------

Command Line: -javaagent:C:\Program Files\JetBrains\IntelliJ IDEA Community Edition 2024.3.5\lib\idea_rt.jar=50362 -Dfile.encoding=UTF-8 -Dsun.stdout.encoding=UTF-8 -Dsun.stderr.encoding=UTF-8 --module-path=C:\Users\Administrator\.m2\repository\org\openjfx\javafx-fxml\17.0.6\javafx-fxml-17.0.6-win.jar;C:\Users\Administrator\.m2\repository\org\openjfx\javafx-graphics\17.0.6\javafx-graphics-17.0.6-win.jar;C:\Users\Administrator\IdeaProjects\ProyectoBanco\target\classes;C:\Users\Administrator\.m2\repository\org\openjfx\javafx-base\17.0.6\javafx-base-17.0.6-win.jar;C:\Users\Administrator\.m2\repository\org\openjfx\javafx-controls\17.0.6\javafx-controls-17.0.6-win.jar -Djdk.module.main=SistemaTicketsBanco SistemaTicketsBanco/cliente.Cliente

Host: Intel(R) Core(TM) i5-10400 CPU @ 2.90GHz, 12 cores, 15G,  Windows 10 , 64 bit Build 19041 (10.0.19041.3393)
Time: Tue May 13 12:34:52 2025 Central America Standard Time elapsed time: 3.967367 seconds (0d 0h 0m 3s)

---------------  T H R E A D  ---------------

Current thread (0x000002a5957cc6b0):  JavaThread "QuantumRenderer-0" daemon [_thread_in_native, id=11300, stack(0x000000aa85e00000,0x000000aa85f00000) (1024K)]

Stack: [0x000000aa85e00000,0x000000aa85f00000],  sp=0x000000aa85efe750,  free space=1017k
Native frames: (J=compiled Java code, j=interpreted, Vv=VM code, C=native code)
C  [d3d9.dll+0x115175]  (no source info available)
C  [prism_d3d.dll+0x1daa]  (no source info available)
C  [prism_d3d.dll+0x3ec4]  (no source info available)
C  0x000002a58753ce20  (no source info available)

The last pc belongs to native method entry point (kind = native) (printed below).
Java frames: (J=compiled Java code, j=interpreted, Vv=VM code)
j  com.sun.prism.d3d.D3DContext.nSetRenderTarget(JJZZ)I+0 javafx.graphics
j  com.sun.prism.d3d.D3DContext.updateRenderTarget(Lcom/sun/prism/RenderTarget;Lcom/sun/javafx/sg/prism/NGCamera;Z)Lcom/sun/prism/impl/ps/BaseShaderContext$State;+33 javafx.graphics
j  com.sun.prism.impl.ps.BaseShaderContext.setRenderTarget(Lcom/sun/prism/RenderTarget;Lcom/sun/javafx/sg/prism/NGCamera;ZZ)V+85 javafx.graphics
j  com.sun.prism.impl.BaseContext.setRenderTarget(Lcom/sun/prism/impl/BaseGraphics;)V+36 javafx.graphics
j  com.sun.prism.impl.BaseGraphics.<init>(Lcom/sun/prism/impl/BaseContext;Lcom/sun/prism/RenderTarget;)V+151 javafx.graphics
j  com.sun.prism.impl.ps.BaseShaderGraphics.<init>(Lcom/sun/prism/impl/ps/BaseShaderContext;Lcom/sun/prism/RenderTarget;)V+3 javafx.graphics
j  com.sun.prism.d3d.D3DGraphics.<init>(Lcom/sun/prism/d3d/D3DContext;Lcom/sun/prism/RenderTarget;)V+3 javafx.graphics
j  com.sun.prism.d3d.D3DGraphics.create(Lcom/sun/prism/RenderTarget;Lcom/sun/prism/d3d/D3DContext;)Lcom/sun/prism/Graphics;+51 javafx.graphics
j  com.sun.prism.d3d.D3DSwapChain.createGraphics()Lcom/sun/prism/Graphics;+8 javafx.graphics
j  com.sun.javafx.tk.quantum.PresentingPainter.run()V+304 javafx.graphics
j  java.util.concurrent.Executors$RunnableAdapter.call()Ljava/lang/Object;+4 java.base@24
j  java.util.concurrent.FutureTask.runAndReset()Z+44 java.base@24
j  com.sun.javafx.tk.RenderJob.run()V+1 javafx.graphics
j  java.util.concurrent.ThreadPoolExecutor.runWorker(Ljava/util/concurrent/ThreadPoolExecutor$Worker;)V+92 java.base@24
j  java.util.concurrent.ThreadPoolExecutor$Worker.run()V+5 java.base@24
j  com.sun.javafx.tk.quantum.QuantumRenderer$PipelineRunnable.run()V+8 javafx.graphics
j  java.lang.Thread.runWith(Ljava/lang/Object;Ljava/lang/Runnable;)V+5 java.base@24
j  java.lang.Thread.run()V+19 java.base@24
v  ~StubRoutines::call_stub 0x000002a587530fcd

siginfo: EXCEPTION_ACCESS_VIOLATION (0xc0000005), reading address 0x00000000000100ec


Registers:
RAX=0x00000000000100e4, RBX=0x0000000000000000, RCX=0x000002a5dc684438, RDX=0x000002a5dbf73fa8
RSP=0x000000aa85efe750, RBP=0x0000000000000000, RSI=0x000002a5dbf73fa0, RDI=0x000000aa85efe7f8
R8 =0x0000000000000000, R9 =0x000002a5dbf73fa8, R10=0x000002a5dbd9ac20, R11=0x000000aa85efe798
R12=0x0000000000000000, R13=0x000002a5d752a468, R14=0x000000aa85efe900, R15=0x000002a5957cc600
RIP=0x00007ffbbc225175, EFLAGS=0x0000000000010202

XMM[0]=0x0000000408000001 0x0000000100000015
XMM[1]=0x0000012e00000190 0x0000000000000000
XMM[2]=0x0000000000000000 0x0000000043c80000
XMM[3]=0x0000000000000000 0x0000000043970000
XMM[4]=0x0000000000000000 0x0000000000000000
XMM[5]=0x0000000000000000 0x0000000000000000
XMM[6]=0x3b70000000000000 0x3b70000000000000
XMM[7]=0x0000000000000000 0x0000000000000000
XMM[8]=0x0000000000000000 0x5120ff6c0aa274b1
XMM[9]=0x0000000000000000 0x2e98492c96eb053a
XMM[10]=0x0000000000000000 0x000000006852bc0e
XMM[11]=0x0000000000000000 0x149db459ab88b993
XMM[12]=0x0000000000000000 0x0000000096eb053a
XMM[13]=0x0000000000000000 0x0000000000000000
XMM[14]=0x0000000000000000 0x0000000000000000
XMM[15]=0x0000000000000000 0x0000000000000000
  MXCSR=0x00001fa2


Register to memory mapping:

RAX=0x00000000000100e4 is an unknown value
RBX=0x0 is null
RCX=0x000002a5dc684438 points into unknown readable memory: 0x00000000000100e4 | e4 00 01 00 00 00 00 00
RDX=0x000002a5dbf73fa8 points into unknown readable memory: 0x0000000000000000 | 00 00 00 00 00 00 00 00
RSP=0x000000aa85efe750 is pointing into the stack for thread: 0x000002a5957cc6b0
RBP=0x0 is null
RSI=0x000002a5dbf73fa0 points into unknown readable memory: 0x000002a5dbf78590 | 90 85 f7 db a5 02 00 00
RDI=0x000000aa85efe7f8 is pointing into the stack for thread: 0x000002a5957cc6b0
R8 =0x0 is null
R9 =0x000002a5dbf73fa8 points into unknown readable memory: 0x0000000000000000 | 00 00 00 00 00 00 00 00
R10=0x000002a5dbd9ac20 points into unknown readable memory: 0x00000054000002d4 | d4 02 00 00 54 00 00 00
R11=0x000000aa85efe798 is pointing into the stack for thread: 0x000002a5957cc6b0
R12=0x0 is null
R13={method} {0x000002a5d752a470} 'nSetRenderTarget' '(JJZZ)I' in 'com/sun/prism/d3d/D3DContext'
R14=0x000000aa85efe900 is pointing into the stack for thread: 0x000002a5957cc6b0
R15=0x000002a5957cc600 points into unknown readable memory: 0x0000000000000000 | 00 00 00 00 00 00 00 00

Top of Stack: (sp=0x000000aa85efe750)
0x000000aa85efe750:   0000000000000000 00007ffbbc11fa1c   ................
0x000000aa85efe760:   0000001000000000 0000000000000000   ................
0x000000aa85efe770:   fffffffffffffffe 000002a5dbf73fa8   .........?......
0x000000aa85efe780:   000002a500000000 00007ffc00000000   ................
0x000000aa85efe790:   000002a5dbd9ac20 00007ffbe9d61daa    ...............
0x000000aa85efe7a0:   000002a5dc73f010 000000aa85efe851   ..s.....Q.......
0x000000aa85efe7b0:   000002a5e44975e0 00007ffbbc1b60b3   .uI......`......
0x000000aa85efe7c0:   0000000000000003 0000000000000000   ................
0x000000aa85efe7d0:   0000012e00000002 000000aa85efe820   ........ .......
0x000000aa85efe7e0:   0000000000000048 00007ffbbc1b628b   H........b......
0x000000aa85efe7f0:   0000000000000000 000002a5dc684438   ........8Dh.....
0x000000aa85efe800:   0000000100000015 0000000000000001   ................
0x000000aa85efe810:   0000000000000000 0000012e00000190   ................
0x000000aa85efe820:   0000000000000000 0000000000000000   ................
0x000000aa85efe830:   000000aa85efe870 0000000000000004   p...............
0x000000aa85efe840:   00000c8a15491d3a 0000000000000000   :.I.............
0x000000aa85efe850:   000081a55c04c5b5 00007ffbbc11db6b   ...\....k.......
0x000000aa85efe860:   3b70000000000000 3b70000000000000   ......p;......p;
0x000000aa85efe870:   000002a5957cc6b0 000000aa85efe9d0   ..|.............
0x000000aa85efe880:   0000000000000000 0000000000000298   ................
0x000000aa85efe890:   0000000000000110 000002a5dc73f010   ..........s.....
0x000000aa85efe8a0:   000000aa85efe988 00007ffbe9d63ec4   .........>......
0x000000aa85efe8b0:   0000000000000000 000002a5dbf73fa8   .........?......
0x000000aa85efe8c0:   000002a500000000 000002a5d752a468   ........h.R.....
0x000000aa85efe8d0:   000002a500000000 000002a5dbf73fa0   .........?......
0x000000aa85efe8e0:   000002a5d752a468 000002a58753ce20   h.R..... .S.....
0x000000aa85efe8f0:   fffffffffffffff7 000002a5d7d18a20   ........ .......
0x000000aa85efe900:   0000000000000000 000002a5d7d197c8   ................
0x000000aa85efe910:   0000000000000000 0000000700000000   ................
0x000000aa85efe920:   000002a5d7d18a30 0000000000000000   0...............
0x000000aa85efe930:   000000aa85efe948 000000aa85efe998   H...............
0x000000aa85efe940:   fffffffffffffff7 0000000000000000   ................

Instructions: (pc=0x00007ffbbc225175)
  0x00007ffbbc225075:   cc cc cc cc cc cc cc cc cc cc cc 40 53 48 83 ec
  0x00007ffbbc225085:   40 48 c7 44 24 20 fe ff ff ff 48 8b d9 48 8b c1
  0x00007ffbbc225095:   4c 8d 41 08 48 f7 d8 48 1b d2 49 23 d0 45 33 c0
  0x00007ffbbc2250a5:   48 8d 4c 24 28 e8 55 aa ef ff 90 8b 43 4c 83 e0
  0x00007ffbbc2250b5:   02 84 c0 75 1f 41 b9 33 1e 00 00 4c 8d 05 f9 e8
  0x00007ffbbc2250c5:   07 00 48 8d 15 62 03 08 00 b9 ef be ad de e8 34
  0x00007ffbbc2250d5:   16 f0 ff 90 48 8d 4c 24 28 e8 59 a9 ef ff b8 6c
  0x00007ffbbc2250e5:   08 76 88 48 83 c4 40 5b c3 cc 48 8d 8a 28 00 00
  0x00007ffbbc2250f5:   00 e9 41 a9 ef ff cc cc cc cc cc cc cc cc cc cc
  0x00007ffbbc225105:   cc cc cc cc cc cc cc cc cc cc cc 4c 8b dc 57 48
  0x00007ffbbc225115:   83 ec 40 49 c7 43 d8 fe ff ff ff 49 89 5b 08 49
  0x00007ffbbc225125:   89 6b 10 49 89 73 18 49 8b f8 8b ea 48 8b f1 48
  0x00007ffbbc225135:   8b c1 4c 8d 49 08 48 f7 d8 48 1b d2 49 23 d1 45
  0x00007ffbbc225145:   33 c0 49 8d 4b e0 e8 b4 a9 ef ff 90 8b 46 4c 83
  0x00007ffbbc225155:   e0 02 33 db 84 c0 75 49 48 85 ff 74 26 48 8b 8c
  0x00007ffbbc225165:   ee 00 40 00 00 48 89 0f 48 85 c9 74 0f 48 8b 01
=>0x00007ffbbc225175:   48 8b 40 08 ff 15 a9 2c 04 00 eb 2a bb 66 08 76
  0x00007ffbbc225185:   88 eb 23 41 b9 4f 08 00 00 4c 8d 05 2b e8 07 00
  0x00007ffbbc225195:   48 8d 15 6c f0 07 00 b9 ef be ad de e8 66 15 f0
  0x00007ffbbc2251a5:   ff bb 6c 08 76 88 48 8d 4c 24 28 e8 87 a8 ef ff
  0x00007ffbbc2251b5:   8b c3 48 8b 5c 24 50 48 8b 6c 24 58 48 8b 74 24
  0x00007ffbbc2251c5:   60 48 83 c4 40 5f c3 cc 48 8d 8a 28 00 00 00 e9
  0x00007ffbbc2251d5:   63 a8 ef ff cc cc cc cc cc cc cc 40 53 48 83 ec
  0x00007ffbbc2251e5:   40 48 c7 44 24 20 fe ff ff ff 48 8b d9 48 8b c1
  0x00007ffbbc2251f5:   4c 8d 41 08 48 f7 d8 48 1b d2 49 23 d0 45 33 c0
  0x00007ffbbc225205:   48 8d 4c 24 28 e8 f5 a8 ef ff 90 8b 43 4c 83 e0
  0x00007ffbbc225215:   02 84 c0 75 1f 41 b9 13 1e 00 00 4c 8d 05 99 e7
  0x00007ffbbc225225:   07 00 48 8d 15 9a 01 08 00 b9 ef be ad de e8 d4
  0x00007ffbbc225235:   14 f0 ff 90 48 8d 4c 24 28 e8 f9 a7 ef ff b8 6c
  0x00007ffbbc225245:   08 76 88 48 83 c4 40 5b c3 cc 48 8d 8a 28 00 00
  0x00007ffbbc225255:   00 e9 e1 a7 ef ff cc cc cc cc cc cc cc cc cc cc
  0x00007ffbbc225265:   cc cc cc cc cc cc cc cc cc cc cc 4c 8b dc 57 48


Stack slot to memory mapping:

stack at sp + 0 slots: 0x0 is null
stack at sp + 1 slots: 0x00007ffbbc11fa1c d3d9.dll
stack at sp + 2 slots: 0x0000001000000000 is an unknown value
stack at sp + 3 slots: 0x0 is null
stack at sp + 4 slots: 0xfffffffffffffffe is an unknown value
stack at sp + 5 slots: 0x000002a5dbf73fa8 points into unknown readable memory: 0x0000000000000000 | 00 00 00 00 00 00 00 00
stack at sp + 6 slots: 0x000002a500000000 is an unknown value
stack at sp + 7 slots: 0x00007ffc00000000 msvcp140.dll

Lock stack of current Java thread (top to bottom):

native method entry point (kind = native)  [0x000002a58753ca40, 0x000002a58753d478]  2616 bytes
[MachCode]
  0x000002a58753ca40: 488b 4b08 | 0fb7 492e | 584c 8d74 | ccf8 6800 | 0000 0068 | 0000 0000 | 5055 488b | ec41 5568 
  0x000002a58753ca60: 0000 0000 | 4c8b 6b08 | 4d8d 6d38 | 5348 8b53 | 0848 8b52 | 0848 8b52 | 1848 8b52 | 7048 8b12 
  0x000002a58753ca80: 5248 8b53 | 1048 85d2 | 0f84 0700 | 0000 4881 | c208 0100 | 0052 488b | 5308 488b | 5208 488b 
  0x000002a58753caa0: 5210 5249 | 8bc6 482b | c548 c1e8 | 0350 6800 | 0000 0068 | f7ff ffff | 41c6 8771 | 0400 0001 
  0x000002a58753cac0: 488b 4310 | 4885 c074 | 208b 88cc | 0000 0083 | c102 8988 | cc00 0000 | 2388 e000 | 0000 0f84 
  0x000002a58753cae0: e408 0000 | e9cd 0000 | 0048 8b43 | 1848 85c0 | 0f85 b000 | 0000 e805 | 0000 00e9 | 9900 0000 
  0x000002a58753cb00: 488b d348 | 8d44 2408 | 4c89 6dc0 | 498b cfc5 | f877 4989 | afb8 0300 | 0049 8987 | a803 0000 
  0x000002a58753cb20: 4883 ec20 | 40f6 c40f | 0f84 1900 | 0000 4883 | ec08 48b8 | 0031 dfb6 | fb7f 0000 | ffd0 4883 
  0x000002a58753cb40: c408 e90c | 0000 0048 | b800 31df | b6fb 7f00 | 00ff d048 | 83c4 2049 | c787 a803 | 0000 0000 
  0x000002a58753cb60: 0000 49c7 | 87b8 0300 | 0000 0000 | 0049 c787 | b003 0000 | 0000 0000 | c5f8 7749 | 837f 0800 
  0x000002a58753cb80: 0f84 0500 | 0000 e935 | 43ff ff4c | 8b6d c04c | 8b75 c84e | 8d74 f500 | c348 8b43 | 1848 85c0 
  0x000002a58753cba0: 0f84 1000 | 0000 8b08 | 83c1 0289 | 0823 4814 | 0f84 1208 | 0000 493b | a7f0 0400 | 000f 8748 
  0x000002a58753cbc0: 0000 0089 | 8424 00f0 | ffff 8984 | 2400 e0ff | ff89 8424 | 00d0 ffff | 8984 2400 | c0ff ff89 
  0x000002a58753cbe0: 8424 00b0 | ffff 8984 | 2400 a0ff | ff89 8424 | 0090 ffff | 8984 2400 | 80ff ff49 | 3ba7 e804 
  0x000002a58753cc00: 0000 7607 | 4989 a7f0 | 0400 0041 | c687 7104 | 0000 0048 | 8b5d e84c | 8b5b 0845 | 0fb7 5b2e 
  0x000002a58753cc20: 41c1 e303 | 492b e348 | 83ec 2048 | 83e4 f04c | 8b5b 604d | 85db 0f85 | ab00 0000 | e805 0000 
  0x000002a58753cc40: 00e9 9900 | 0000 488b | d348 8d44 | 2408 4c89 | 6dc0 498b | cfc5 f877 | 4989 afb8 | 0300 0049 
  0x000002a58753cc60: 8987 a803 | 0000 4883 | ec20 40f6 | c40f 0f84 | 1900 0000 | 4883 ec08 | 48b8 405b | dfb6 fb7f 
  0x000002a58753cc80: 0000 ffd0 | 4883 c408 | e90c 0000 | 0048 b840 | 5bdf b6fb | 7f00 00ff | d048 83c4 | 2049 c787 
  0x000002a58753cca0: a803 0000 | 0000 0000 | 49c7 87b8 | 0300 0000 | 0000 0049 | c787 b003 | 0000 0000 | 0000 c5f8 
  0x000002a58753ccc0: 7749 837f | 0800 0f84 | 0500 0000 | e9ef 41ff | ff4c 8b6d | c04c 8b75 | c84e 8d74 | f500 c348 
  0x000002a58753cce0: 8b5d e84c | 8b5b 6041 | ffd3 488b | 5de8 4889 | 4518 448b | 5b28 41f6 | c308 0f84 | 1b00 0000 
  0x000002a58753cd00: 4c8b 5b08 | 4d8b 5b08 | 4d8b 5b18 | 4d8b 5b70 | 4d8b 1b4c | 895d 1048 | 8d55 1048 | 8b43 5849 
  0x000002a58753cd20: bad0 7118 | b7fb 7f00 | 0049 3bc2 | 0f85 ab00 | 0000 e805 | 0000 00e9 | 9900 0000 | 488b d348 
  0x000002a58753cd40: 8d44 2408 | 4c89 6dc0 | 498b cfc5 | f877 4989 | afb8 0300 | 0049 8987 | a803 0000 | 4883 ec20 
  0x000002a58753cd60: 40f6 c40f | 0f84 1900 | 0000 4883 | ec08 48b8 | 405b dfb6 | fb7f 0000 | ffd0 4883 | c408 e90c 
  0x000002a58753cd80: 0000 0048 | b840 5bdf | b6fb 7f00 | 00ff d048 | 83c4 2049 | c787 a803 | 0000 0000 | 0000 49c7 
  0x000002a58753cda0: 87b8 0300 | 0000 0000 | 0049 c787 | b003 0000 | 0000 0000 | c5f8 7749 | 837f 0800 | 0f84 0500 
  0x000002a58753cdc0: 0000 e9f9 | 40ff ff4c | 8b6d c04c | 8b75 c84e | 8d74 f500 | c348 8b5d | e848 8b43 | 5849 8d8f 
  0x000002a58753cde0: c803 0000 | 4c8d 15d5 | 0000 004d | 8997 b003 | 0000 c5f8 | 7749 89af | b803 0000 | 4989 a7a8 
  0x000002a58753ce00: 0300 0041 | c787 5404 | 0000 0400 | 0000 493b | a748 0500 | 0076 0749 | 89a7 4805 | 0000 ffd0 
  0x000002a58753ce20: 493b a748 | 0500 0072 | 0b49 c787 | 4805 0000 | 0000 0000 | c5f8 7748 | 83ec 10c5 | fb11 0424 
  0x000002a58753ce40: 4883 ec10 | 4889 0424 | 48c7 4424 | 0800 0000 | 0041 c787 | 5404 0000 | 0500 0000 | f083 4424 
  0x000002a58753ce60: c000 493b | 6f28 0f87 | 0e00 0000 | 4183 bf50 | 0400 0000 | 0f84 2000 | 0000 498b | cf4c 8be4 
  0x000002a58753ce80: 4883 ec20 | 4883 e4f0 | 48b8 c0ba | e0b6 fb7f | 0000 ffd0 | 498b e44d | 33e4 41c7 | 8754 0400 
  0x000002a58753cea0: 0008 0000 | 004d 8b97 | 7005 0000 | 4983 fa00 | 7435 49c7 | 8770 0500 | 0000 0000 | 0041 ffe2 
  0x000002a58753cec0: 49ba 00bb | 5387 a502 | 0000 41ff | d248 83ec | 10c5 fb11 | 0424 4883 | ec10 4889 | 0424 48c7 
  0x000002a58753cee0: 4424 0800 | 0000 0049 | c787 a803 | 0000 0000 | 0000 49c7 | 87b8 0300 | 0000 0000 | 0049 c787 
  0x000002a58753cf00: b003 0000 | 0000 0000 | c5f8 774d | 8b9f 3804 | 0000 41c7 | 8300 0100 | 0000 0000 | 0049 bb3a 
  0x000002a58753cf20: a453 87a5 | 0200 004c | 3b5d 180f | 8555 0100 | 0048 8b04 | 2448 83c4 | 1048 85c0 | 0f84 2f01 
  0x000002a58753cf40: 0000 a803 | 0f85 0800 | 0000 488b | 00e9 1f01 | 0000 a801 | 0f85 0900 | 0000 488b | 40fe e90e 
  0x000002a58753cf60: 0100 0048 | 8b40 ff41 | 807f 4800 | 0f84 ff00 | 0000 4883 | f800 0f84 | f500 0000 | 4d8b 5f38 
  0x000002a58753cf80: 4d85 db0f | 8414 0000 | 0049 83eb | 084d 895f | 384d 035f | 4049 8903 | e9d4 0000 | 0048 83ec 
  0x000002a58753cfa0: 7048 8904 | 2448 894c | 2408 4889 | 5424 104c | 8944 2418 | 4c89 4c24 | 204c 8954 | 2428 4c89 
  0x000002a58753cfc0: 5c24 30c5 | fb11 4424 | 40c5 fb11 | 4c24 48c5 | fb11 5424 | 50c5 fb11 | 5c24 58c5 | fb11 6424 
  0x000002a58753cfe0: 60c5 fb11 | 6c24 6849 | 8bd7 488b | c848 83ec | 2040 f6c4 | 0f0f 8419 | 0000 0048 | 83ec 0848 
  0x000002a58753d000: b830 4ad3 | b6fb 7f00 | 00ff d048 | 83c4 08e9 | 0c00 0000 | 48b8 304a | d3b6 fb7f | 0000 ffd0 
  0x000002a58753d020: 4883 c420 | c5fb 106c | 2468 c5fb | 1064 2460 | c5fb 105c | 2458 c5fb | 1054 2450 | c5fb 104c 
  0x000002a58753d040: 2448 c5fb | 1044 2440 | 4c8b 5c24 | 304c 8b54 | 2428 4c8b | 4c24 204c | 8b44 2418 | 488b 5424 
  0x000002a58753d060: 1048 8b4c | 2408 488b | 0424 4883 | c470 c5f8 | 7748 8945 | 1048 83ec | 1048 8904 | 2448 c744 
  0x000002a58753d080: 2408 0000 | 0000 4183 | bfd0 0400 | 0002 0f85 | bf00 0000 | 4881 ec80 | 0000 0048 | 8944 2478 
  0x000002a58753d0a0: 4889 4c24 | 7048 8954 | 2468 4889 | 5c24 6048 | 896c 2450 | 4889 7424 | 4848 897c | 2440 4c89 
  0x000002a58753d0c0: 4424 384c | 894c 2430 | 4c89 5424 | 284c 895c | 2420 4c89 | 6424 184c | 896c 2410 | 4c89 7424 
  0x000002a58753d0e0: 084c 893c | 244c 8be4 | 4883 ec20 | 4883 e4f0 | 48b8 6058 | 18b7 fb7f | 0000 ffd0 | 498b e44c 
  0x000002a58753d100: 8b3c 244c | 8b74 2408 | 4c8b 6c24 | 104c 8b64 | 2418 4c8b | 5c24 204c | 8b54 2428 | 4c8b 4c24 
  0x000002a58753d120: 304c 8b44 | 2438 488b | 7c24 4048 | 8b74 2448 | 488b 6c24 | 5048 8b5c | 2460 488b | 5424 6848 
  0x000002a58753d140: 8b4c 2470 | 488b 4424 | 7848 81c4 | 8000 0000 | 4d33 e448 | 8b5d e84c | 8b6b 084d | 8d6d 3849 
  0x000002a58753d160: 837f 0800 | 0f84 bb00 | 0000 e805 | 0000 00e9 | 9600 0000 | 488d 4424 | 084c 896d | c049 8bcf 
  0x000002a58753d180: c5f8 7749 | 89af b803 | 0000 4989 | 87a8 0300 | 0048 83ec | 2040 f6c4 | 0f0f 8419 | 0000 0048 
  0x000002a58753d1a0: 83ec 0848 | b8e0 79df | b6fb 7f00 | 00ff d048 | 83c4 08e9 | 0c00 0000 | 48b8 e079 | dfb6 fb7f 
  0x000002a58753d1c0: 0000 ffd0 | 4883 c420 | 49c7 87a8 | 0300 0000 | 0000 0049 | c787 b803 | 0000 0000 | 0000 49c7 
  0x000002a58753d1e0: 87b0 0300 | 0000 0000 | 00c5 f877 | 4983 7f08 | 000f 8405 | 0000 00e9 | c43c ffff | 4c8b 6dc0 
  0x000002a58753d200: 4c8b 75c8 | 4e8d 74f5 | 00c3 48b9 | f8eb 3eb7 | fb7f 0000 | 4883 e4f0 | 48b8 b0a9 | 05b7 fb7f 
  0x000002a58753d220: 0000 ffd0 | f444 8b5b | 2841 f6c3 | 200f 8472 | 0100 0048 | 8d55 a84c | 8b5a 084d | 85db 0f85 
  0x000002a58753d240: bb00 0000 | e805 0000 | 00e9 9600 | 0000 488d | 4424 084c | 896d c049 | 8bcf c5f8 | 7749 89af 
  0x000002a58753d260: b803 0000 | 4989 87a8 | 0300 0048 | 83ec 2040 | f6c4 0f0f | 8419 0000 | 0048 83ec | 0848 b810 
  0x000002a58753d280: 79df b6fb | 7f00 00ff | d048 83c4 | 08e9 0c00 | 0000 48b8 | 1079 dfb6 | fb7f 0000 | ffd0 4883 
  0x000002a58753d2a0: c420 49c7 | 87a8 0300 | 0000 0000 | 0049 c787 | b803 0000 | 0000 0000 | 49c7 87b0 | 0300 0000 
  0x000002a58753d2c0: 0000 00c5 | f877 4983 | 7f08 000f | 8405 0000 | 00e9 ea3b | ffff 4c8b | 6dc0 4c8b | 75c8 4e8d 
  0x000002a58753d2e0: 74f5 00c3 | 48b9 f8eb | 3eb7 fb7f | 0000 4883 | e4f0 48b8 | b0a9 05b7 | fb7f 0000 | ffd0 f44c 
  0x000002a58753d300: 896d c04c | 8b4a 0848 | c742 0800 | 0000 0045 | 8b87 5806 | 0000 4f3b | 4c07 f80f | 8542 0000 
  0x000002a58753d320: 0041 83af | 5806 0000 | 084f 3b4c | 07f0 0f84 | 2a00 0000 | 498b 01a8 | 020f 8512 | 0000 004c 
  0x000002a58753d340: 8bc0 4983 | c801 f04d | 0fb1 010f | 840d 0000 | 0041 8387 | 5806 0000 | 08e9 0500 | 0000 e93e 
  0x000002a58753d360: 0000 004c | 894a 0848 | 8bca 4883 | ec20 40f6 | c40f 0f84 | 1900 0000 | 4883 ec08 | 48b8 304b 
  0x000002a58753d380: dfb6 fb7f | 0000 ffd0 | 4883 c408 | e90c 0000 | 0048 b830 | 4bdf b6fb | 7f00 00ff | d048 83c4 
  0x000002a58753d3a0: 204c 8b6d | c048 8b04 | 2448 83c4 | 10c5 fb10 | 0424 4883 | c410 4c8b | 5d18 41ff | d34c 8b5d 
  0x000002a58753d3c0: f8c9 5f49 | 8be3 ffe7 | ba00 0000 | 00e8 0500 | 0000 e996 | 0000 0048 | 8d44 2408 | 4c89 6dc0 
  0x000002a58753d3e0: 498b cfc5 | f877 4989 | afb8 0300 | 0049 8987 | a803 0000 | 4883 ec20 | 40f6 c40f | 0f84 1900 
  0x000002a58753d400: 0000 4883 | ec08 48b8 | d03f dfb6 | fb7f 0000 | ffd0 4883 | c408 e90c | 0000 0048 | b8d0 3fdf 
  0x000002a58753d420: b6fb 7f00 | 00ff d048 | 83c4 2049 | c787 a803 | 0000 0000 | 0000 49c7 | 87b8 0300 | 0000 0000 
  0x000002a58753d440: 0049 c787 | b003 0000 | 0000 0000 | c5f8 7749 | 837f 0800 | 0f84 0500 | 0000 e961 | 3aff ff4c 
  0x000002a58753d460: 8b6d c04c | 8b75 c84e | 8d74 f500 | c348 8b5d | e8e9 40f7 | ffff 6690 
[/MachCode]

---------------  P R O C E S S  ---------------

Threads class SMR info:
_java_thread_list=0x000002a5dc356940, length=20, elements={
0x000002a5f5b992f0, 0x000002a5fffd5500, 0x000002a5fffd6050, 0x000002a5fffdb910,
0x000002a5fffe0460, 0x000002a5fffe8fa0, 0x000002a5fffea2f0, 0x000002a5fffee610,
0x000002a5ffff35b0, 0x000002a5957ceb40, 0x000002a5957cf290, 0x000002a5957cbf60,
0x000002a5957cc6b0, 0x000002a5957cd550, 0x000002a5957cce00, 0x000002a5957cdca0,
0x000002a5957ce3f0, 0x000002a5dc0f6350, 0x000002a5dc0f87e0, 0x000002a5dc0f9dd0
}

Java Threads: ( => current thread )
  0x000002a5f5b992f0 JavaThread "main"                              [_thread_blocked, id=8512, stack(0x000000aa84900000,0x000000aa84a00000) (1024K)]
  0x000002a5fffd5500 JavaThread "Reference Handler"          daemon [_thread_blocked, id=7428, stack(0x000000aa85100000,0x000000aa85200000) (1024K)]
  0x000002a5fffd6050 JavaThread "Finalizer"                  daemon [_thread_blocked, id=11692, stack(0x000000aa85200000,0x000000aa85300000) (1024K)]
  0x000002a5fffdb910 JavaThread "Signal Dispatcher"          daemon [_thread_blocked, id=6972, stack(0x000000aa85300000,0x000000aa85400000) (1024K)]
  0x000002a5fffe0460 JavaThread "Attach Listener"            daemon [_thread_blocked, id=10492, stack(0x000000aa85400000,0x000000aa85500000) (1024K)]
  0x000002a5fffe8fa0 JavaThread "Service Thread"             daemon [_thread_blocked, id=9888, stack(0x000000aa85500000,0x000000aa85600000) (1024K)]
  0x000002a5fffea2f0 JavaThread "Monitor Deflation Thread"   daemon [_thread_blocked, id=5512, stack(0x000000aa85600000,0x000000aa85700000) (1024K)]
  0x000002a5fffee610 JavaThread "C2 CompilerThread0"         daemon [_thread_blocked, id=10028, stack(0x000000aa85700000,0x000000aa85800000) (1024K)]
  0x000002a5ffff35b0 JavaThread "C1 CompilerThread0"         daemon [_thread_blocked, id=8364, stack(0x000000aa85800000,0x000000aa85900000) (1024K)]
  0x000002a5957ceb40 JavaThread "Common-Cleaner"             daemon [_thread_blocked, id=10372, stack(0x000000aa85900000,0x000000aa85a00000) (1024K)]
  0x000002a5957cf290 JavaThread "Monitor Ctrl-Break"         daemon [_thread_in_native, id=11240, stack(0x000000aa85c00000,0x000000aa85d00000) (1024K)]
  0x000002a5957cbf60 JavaThread "Notification Thread"        daemon [_thread_blocked, id=948, stack(0x000000aa85d00000,0x000000aa85e00000) (1024K)]
=>0x000002a5957cc6b0 JavaThread "QuantumRenderer-0"          daemon [_thread_in_native, id=11300, stack(0x000000aa85e00000,0x000000aa85f00000) (1024K)]
  0x000002a5957cd550 JavaThread "InvokeLaterDispatcher"      daemon [_thread_blocked, id=2940, stack(0x000000aa85a00000,0x000000aa85b00000) (1024K)]
  0x000002a5957cce00 JavaThread "JavaFX Application Thread"         [_thread_blocked, id=9804, stack(0x000000aa85b00000,0x000000aa85c00000) (1024K)]
  0x000002a5957cdca0 JavaThread "JavaFX-Launcher"                   [_thread_blocked, id=11324, stack(0x000000aa86200000,0x000000aa86300000) (1024K)]
  0x000002a5957ce3f0 JavaThread "Thread-2"                   daemon [_thread_in_native, id=3640, stack(0x000000aa86100000,0x000000aa86200000) (1024K)]
  0x000002a5dc0f6350 JavaThread "Prism Font Disposer"        daemon [_thread_blocked, id=1108, stack(0x000000aa86c00000,0x000000aa86d00000) (1024K)]
  0x000002a5dc0f87e0 JavaThread "Timer-0"                           [_thread_blocked, id=11516, stack(0x000000aa86300000,0x000000aa86400000) (1024K)]
  0x000002a5dc0f9dd0 JavaThread "Cleaner-0"                  daemon [_thread_blocked, id=5240, stack(0x000000aa86d20000,0x000000aa86e20000) (1024K)]
Total: 20

Other Threads:
  0x000002a5fffc5e80 VMThread "VM Thread"                           [id=10524, stack(0x000000aa85000000,0x000000aa85100000) (1024K)]
  0x000002a5fffb83c0 WatcherThread "VM Periodic Task Thread"        [id=9392, stack(0x000000aa84f00000,0x000000aa85000000) (1024K)]
  0x000002a5f5c08ad0 WorkerThread "GC Thread#0"                     [id=9156, stack(0x000000aa84a00000,0x000000aa84b00000) (1024K)]
  0x000002a5dc30f4c0 WorkerThread "GC Thread#1"                     [id=1180, stack(0x000000aa86700000,0x000000aa86800000) (1024K)]
  0x000002a5dc30f870 WorkerThread "GC Thread#2"                     [id=1644, stack(0x000000aa86800000,0x000000aa86900000) (1024K)]
  0x000002a5dc30fc20 WorkerThread "GC Thread#3"                     [id=9728, stack(0x000000aa86900000,0x000000aa86a00000) (1024K)]
  0x000002a5dc30ffd0 WorkerThread "GC Thread#4"                     [id=5808, stack(0x000000aa86a00000,0x000000aa86b00000) (1024K)]
  0x000002a5dc30a5d0 WorkerThread "GC Thread#5"                     [id=2292, stack(0x000000aa86b00000,0x000000aa86c00000) (1024K)]
  0x000002a5f5c1eb20 ConcurrentGCThread "G1 Main Marker"            [id=12208, stack(0x000000aa84b00000,0x000000aa84c00000) (1024K)]
  0x000002a5f5c1f630 WorkerThread "G1 Conc#0"                       [id=9660, stack(0x000000aa84c00000,0x000000aa84d00000) (1024K)]
  0x000002a5ffe8b030 ConcurrentGCThread "G1 Refine#0"               [id=5084, stack(0x000000aa84d00000,0x000000aa84e00000) (1024K)]
  0x000002a5ffe8b9c0 ConcurrentGCThread "G1 Service"                [id=12172, stack(0x000000aa84e00000,0x000000aa84f00000) (1024K)]
Total: 12

Threads with active compile tasks:
Total: 0

VM state: not at safepoint (normal execution)

VM Mutex/Monitor currently owned by a thread: None

Heap address: 0x0000000701400000, size: 4076 MB, Compressed Oops mode: Zero based, Oop shift amount: 3

CDS archive(s) mapped at: [0x000002a596000000-0x000002a596d40000-0x000002a596d40000), size 13893632, SharedBaseAddress: 0x000002a596000000, ArchiveRelocationMode: 1.
Compressed class space mapped at: 0x000002a597000000-0x000002a5d7000000, reserved size: 1073741824
UseCompressedClassPointers 1, UseCompactObjectHeaders 0
Narrow klass pointer bits 32, Max shift 3
Narrow klass base: 0x000002a596000000, Narrow klass shift: 0
Encoding Range: [0x000002a596000000 - 0x000002a696000000), (4294967296 bytes)
Klass Range:    [0x000002a596000000 - 0x000002a5d7000000), (1090519040 bytes)
Klass ID Range:  [8 - 1090519033) (1090519025)

GC Precious Log:
 CardTable entry size: 512
 Card Set container configuration: InlinePtr #cards 4 size 8 Array Of Cards #cards 16 size 48 Howl #buckets 8 coarsen threshold 3686 Howl Bitmap #cards 512 size 80 coarsen threshold 460 Card regions per heap region 1 cards per card region 4096
 CPUs: 12 total, 12 available
 Memory: 16303M
 Large Page Support: Disabled
 NUMA Support: Disabled
 Compressed Oops: Enabled (Zero based)
 Heap Region Size: 2M
 Heap Min Capacity: 8M
 Heap Initial Capacity: 256M
 Heap Max Capacity: 4076M
 Pre-touch: Disabled
 Parallel Workers: 10
 Concurrent Workers: 3
 Concurrent Refinement Workers: 10
 Periodic GC: Disabled

Heap:
 garbage-first heap   total reserved 4173824K, committed 264192K, used 128272K [0x0000000701400000, 0x0000000800000000)
  region size 2048K, 25 young (51200K), 3 survivors (6144K)
 Metaspace       used 15500K, committed 15744K, reserved 1114112K
  class space    used 2189K, committed 2304K, reserved 1048576K

Heap Regions: E=young(eden), S=young(survivor), O=old, HS=humongous(starts), HC=humongous(continues), CS=collection set, F=free, TAMS=top-at-mark-start, PB=parsable bottom
|   0|0x0000000701400000, 0x0000000701600000, 0x0000000701600000|100%|HS|  |TAMS 0x0000000701400000| PB 0x0000000701400000| Complete |  0
|   1|0x0000000701600000, 0x0000000701800000, 0x0000000701800000|100%|HC|  |TAMS 0x0000000701600000| PB 0x0000000701600000| Complete |  0
|   2|0x0000000701800000, 0x0000000701a00000, 0x0000000701a00000|100%|HC|  |TAMS 0x0000000701800000| PB 0x0000000701800000| Complete |  0
|   3|0x0000000701a00000, 0x0000000701c00000, 0x0000000701c00000|100%|HC|  |TAMS 0x0000000701a00000| PB 0x0000000701a00000| Complete |  0
|   4|0x0000000701c00000, 0x0000000701e00000, 0x0000000701e00000|100%|HC|  |TAMS 0x0000000701c00000| PB 0x0000000701c00000| Complete |  0
|   5|0x0000000701e00000, 0x0000000702000000, 0x0000000702000000|100%|HC|  |TAMS 0x0000000701e00000| PB 0x0000000701e00000| Complete |  0
|   6|0x0000000702000000, 0x0000000702200000, 0x0000000702200000|100%|HC|  |TAMS 0x0000000702000000| PB 0x0000000702000000| Complete |  0
|   7|0x0000000702200000, 0x0000000702400000, 0x0000000702400000|100%|HC|  |TAMS 0x0000000702200000| PB 0x0000000702200000| Complete |  0
|   8|0x0000000702400000, 0x0000000702600000, 0x0000000702600000|100%|HC|  |TAMS 0x0000000702400000| PB 0x0000000702400000| Complete |  0
|   9|0x0000000702600000, 0x0000000702800000, 0x0000000702800000|100%|HC|  |TAMS 0x0000000702600000| PB 0x0000000702600000| Complete |  0
|  10|0x0000000702800000, 0x0000000702a00000, 0x0000000702a00000|100%|HC|  |TAMS 0x0000000702800000| PB 0x0000000702800000| Complete |  0
|  11|0x0000000702a00000, 0x0000000702c00000, 0x0000000702c00000|100%|HC|  |TAMS 0x0000000702a00000| PB 0x0000000702a00000| Complete |  0
|  12|0x0000000702c00000, 0x0000000702e00000, 0x0000000702e00000|100%|HC|  |TAMS 0x0000000702c00000| PB 0x0000000702c00000| Complete |  0
|  13|0x0000000702e00000, 0x0000000703000000, 0x0000000703000000|100%|HC|  |TAMS 0x0000000702e00000| PB 0x0000000702e00000| Complete |  0
|  14|0x0000000703000000, 0x0000000703200000, 0x0000000703200000|100%|HC|  |TAMS 0x0000000703000000| PB 0x0000000703000000| Complete |  0
|  15|0x0000000703200000, 0x0000000703400000, 0x0000000703400000|100%|HC|  |TAMS 0x0000000703200000| PB 0x0000000703200000| Complete |  0
|  16|0x0000000703400000, 0x0000000703600000, 0x0000000703600000|100%|HC|  |TAMS 0x0000000703400000| PB 0x0000000703400000| Complete |  0
|  17|0x0000000703600000, 0x0000000703800000, 0x0000000703800000|100%|HC|  |TAMS 0x0000000703600000| PB 0x0000000703600000| Complete |  0
|  18|0x0000000703800000, 0x0000000703a00000, 0x0000000703a00000|100%|HC|  |TAMS 0x0000000703800000| PB 0x0000000703800000| Complete |  0
|  19|0x0000000703a00000, 0x0000000703c00000, 0x0000000703c00000|100%|HC|  |TAMS 0x0000000703a00000| PB 0x0000000703a00000| Complete |  0
|  20|0x0000000703c00000, 0x0000000703e00000, 0x0000000703e00000|100%|HC|  |TAMS 0x0000000703c00000| PB 0x0000000703c00000| Complete |  0
|  21|0x0000000703e00000, 0x0000000704000000, 0x0000000704000000|100%|HC|  |TAMS 0x0000000703e00000| PB 0x0000000703e00000| Complete |  0
|  22|0x0000000704000000, 0x0000000704200000, 0x0000000704200000|100%|HC|  |TAMS 0x0000000704000000| PB 0x0000000704000000| Complete |  0
|  23|0x0000000704200000, 0x0000000704400000, 0x0000000704400000|100%|HC|  |TAMS 0x0000000704200000| PB 0x0000000704200000| Complete |  0
|  24|0x0000000704400000, 0x0000000704600000, 0x0000000704600000|100%|HC|  |TAMS 0x0000000704400000| PB 0x0000000704400000| Complete |  0
|  25|0x0000000704600000, 0x0000000704800000, 0x0000000704800000|100%|HC|  |TAMS 0x0000000704600000| PB 0x0000000704600000| Complete |  0
|  26|0x0000000704800000, 0x0000000704a00000, 0x0000000704a00000|100%|HC|  |TAMS 0x0000000704800000| PB 0x0000000704800000| Complete |  0
|  27|0x0000000704a00000, 0x0000000704c00000, 0x0000000704c00000|100%|HC|  |TAMS 0x0000000704a00000| PB 0x0000000704a00000| Complete |  0
|  28|0x0000000704c00000, 0x0000000704e00000, 0x0000000704e00000|100%|HC|  |TAMS 0x0000000704c00000| PB 0x0000000704c00000| Complete |  0
|  29|0x0000000704e00000, 0x0000000705000000, 0x0000000705000000|100%|HC|  |TAMS 0x0000000704e00000| PB 0x0000000704e00000| Complete |  0
|  30|0x0000000705000000, 0x0000000705200000, 0x0000000705200000|100%|HC|  |TAMS 0x0000000705000000| PB 0x0000000705000000| Complete |  0
|  31|0x0000000705200000, 0x0000000705400000, 0x0000000705400000|100%|HC|  |TAMS 0x0000000705200000| PB 0x0000000705200000| Complete |  0
|  32|0x0000000705400000, 0x0000000705600000, 0x0000000705600000|100%|HC|  |TAMS 0x0000000705400000| PB 0x0000000705400000| Complete |  0
|  33|0x0000000705600000, 0x0000000705800000, 0x0000000705800000|100%|HC|  |TAMS 0x0000000705600000| PB 0x0000000705600000| Complete |  0
|  34|0x0000000705800000, 0x0000000705a00000, 0x0000000705a00000|100%|HC|  |TAMS 0x0000000705800000| PB 0x0000000705800000| Complete |  0
|  35|0x0000000705a00000, 0x0000000705c00000, 0x0000000705c00000|100%|HC|  |TAMS 0x0000000705a00000| PB 0x0000000705a00000| Complete |  0
|  36|0x0000000705c00000, 0x0000000705e00000, 0x0000000705e00000|100%|HC|  |TAMS 0x0000000705c00000| PB 0x0000000705c00000| Complete |  0
|  37|0x0000000705e00000, 0x0000000706000000, 0x0000000706000000|100%|HC|  |TAMS 0x0000000705e00000| PB 0x0000000705e00000| Complete |  0
|  38|0x0000000706000000, 0x0000000706200000, 0x0000000706200000|100%|HC|  |TAMS 0x0000000706000000| PB 0x0000000706000000| Complete |  0
|  39|0x0000000706200000, 0x0000000706400000, 0x0000000706400000|100%|HS|  |TAMS 0x0000000706200000| PB 0x0000000706200000| Complete |  0
|  40|0x0000000706400000, 0x0000000706400000, 0x0000000706600000|  0%| F|  |TAMS 0x0000000706400000| PB 0x0000000706400000| Untracked |  0
|  41|0x0000000706600000, 0x0000000706600000, 0x0000000706800000|  0%| F|  |TAMS 0x0000000706600000| PB 0x0000000706600000| Untracked |  0
|  42|0x0000000706800000, 0x0000000706800000, 0x0000000706a00000|  0%| F|  |TAMS 0x0000000706800000| PB 0x0000000706800000| Untracked |  0
|  43|0x0000000706a00000, 0x0000000706a00000, 0x0000000706c00000|  0%| F|  |TAMS 0x0000000706a00000| PB 0x0000000706a00000| Untracked |  0
|  44|0x0000000706c00000, 0x0000000706c00000, 0x0000000706e00000|  0%| F|  |TAMS 0x0000000706c00000| PB 0x0000000706c00000| Untracked |  0
|  45|0x0000000706e00000, 0x0000000706e00000, 0x0000000707000000|  0%| F|  |TAMS 0x0000000706e00000| PB 0x0000000706e00000| Untracked |  0
|  46|0x0000000707000000, 0x0000000707000000, 0x0000000707200000|  0%| F|  |TAMS 0x0000000707000000| PB 0x0000000707000000| Untracked |  0
|  47|0x0000000707200000, 0x0000000707200000, 0x0000000707400000|  0%| F|  |TAMS 0x0000000707200000| PB 0x0000000707200000| Untracked |  0
|  48|0x0000000707400000, 0x0000000707400000, 0x0000000707600000|  0%| F|  |TAMS 0x0000000707400000| PB 0x0000000707400000| Untracked |  0
|  49|0x0000000707600000, 0x0000000707600000, 0x0000000707800000|  0%| F|  |TAMS 0x0000000707600000| PB 0x0000000707600000| Untracked |  0
|  50|0x0000000707800000, 0x0000000707800000, 0x0000000707a00000|  0%| F|  |TAMS 0x0000000707800000| PB 0x0000000707800000| Untracked |  0
|  51|0x0000000707a00000, 0x0000000707a00000, 0x0000000707c00000|  0%| F|  |TAMS 0x0000000707a00000| PB 0x0000000707a00000| Untracked |  0
|  52|0x0000000707c00000, 0x0000000707c00000, 0x0000000707e00000|  0%| F|  |TAMS 0x0000000707c00000| PB 0x0000000707c00000| Untracked |  0
|  53|0x0000000707e00000, 0x0000000707e00000, 0x0000000708000000|  0%| F|  |TAMS 0x0000000707e00000| PB 0x0000000707e00000| Untracked |  0
|  54|0x0000000708000000, 0x0000000708000000, 0x0000000708200000|  0%| F|  |TAMS 0x0000000708000000| PB 0x0000000708000000| Untracked |  0
|  55|0x0000000708200000, 0x0000000708200000, 0x0000000708400000|  0%| F|  |TAMS 0x0000000708200000| PB 0x0000000708200000| Untracked |  0
|  56|0x0000000708400000, 0x0000000708400000, 0x0000000708600000|  0%| F|  |TAMS 0x0000000708400000| PB 0x0000000708400000| Untracked |  0
|  57|0x0000000708600000, 0x0000000708600000, 0x0000000708800000|  0%| F|  |TAMS 0x0000000708600000| PB 0x0000000708600000| Untracked |  0
|  58|0x0000000708800000, 0x0000000708800000, 0x0000000708a00000|  0%| F|  |TAMS 0x0000000708800000| PB 0x0000000708800000| Untracked |  0
|  59|0x0000000708a00000, 0x0000000708a00000, 0x0000000708c00000|  0%| F|  |TAMS 0x0000000708a00000| PB 0x0000000708a00000| Untracked |  0
|  60|0x0000000708c00000, 0x0000000708c00000, 0x0000000708e00000|  0%| F|  |TAMS 0x0000000708c00000| PB 0x0000000708c00000| Untracked |  0
|  61|0x0000000708e00000, 0x0000000708e00000, 0x0000000709000000|  0%| F|  |TAMS 0x0000000708e00000| PB 0x0000000708e00000| Untracked |  0
|  62|0x0000000709000000, 0x0000000709000000, 0x0000000709200000|  0%| F|  |TAMS 0x0000000709000000| PB 0x0000000709000000| Untracked |  0
|  63|0x0000000709200000, 0x0000000709200000, 0x0000000709400000|  0%| F|  |TAMS 0x0000000709200000| PB 0x0000000709200000| Untracked |  0
|  64|0x0000000709400000, 0x0000000709400000, 0x0000000709600000|  0%| F|  |TAMS 0x0000000709400000| PB 0x0000000709400000| Untracked |  0
|  65|0x0000000709600000, 0x0000000709600000, 0x0000000709800000|  0%| F|  |TAMS 0x0000000709600000| PB 0x0000000709600000| Untracked |  0
|  66|0x0000000709800000, 0x0000000709800000, 0x0000000709a00000|  0%| F|  |TAMS 0x0000000709800000| PB 0x0000000709800000| Untracked |  0
|  67|0x0000000709a00000, 0x0000000709a00000, 0x0000000709c00000|  0%| F|  |TAMS 0x0000000709a00000| PB 0x0000000709a00000| Untracked |  0
|  68|0x0000000709c00000, 0x0000000709c00000, 0x0000000709e00000|  0%| F|  |TAMS 0x0000000709c00000| PB 0x0000000709c00000| Untracked |  0
|  69|0x0000000709e00000, 0x0000000709e00000, 0x000000070a000000|  0%| F|  |TAMS 0x0000000709e00000| PB 0x0000000709e00000| Untracked |  0
|  70|0x000000070a000000, 0x000000070a000000, 0x000000070a200000|  0%| F|  |TAMS 0x000000070a000000| PB 0x000000070a000000| Untracked |  0
|  71|0x000000070a200000, 0x000000070a200000, 0x000000070a400000|  0%| F|  |TAMS 0x000000070a200000| PB 0x000000070a200000| Untracked |  0
|  72|0x000000070a400000, 0x000000070a400000, 0x000000070a600000|  0%| F|  |TAMS 0x000000070a400000| PB 0x000000070a400000| Untracked |  0
|  73|0x000000070a600000, 0x000000070a600000, 0x000000070a800000|  0%| F|  |TAMS 0x000000070a600000| PB 0x000000070a600000| Untracked |  0
|  74|0x000000070a800000, 0x000000070a800000, 0x000000070aa00000|  0%| F|  |TAMS 0x000000070a800000| PB 0x000000070a800000| Untracked |  0
|  75|0x000000070aa00000, 0x000000070aa00000, 0x000000070ac00000|  0%| F|  |TAMS 0x000000070aa00000| PB 0x000000070aa00000| Untracked |  0
|  76|0x000000070ac00000, 0x000000070ac00000, 0x000000070ae00000|  0%| F|  |TAMS 0x000000070ac00000| PB 0x000000070ac00000| Untracked |  0
|  77|0x000000070ae00000, 0x000000070ae00000, 0x000000070b000000|  0%| F|  |TAMS 0x000000070ae00000| PB 0x000000070ae00000| Untracked |  0
|  78|0x000000070b000000, 0x000000070b000000, 0x000000070b200000|  0%| F|  |TAMS 0x000000070b000000| PB 0x000000070b000000| Untracked |  0
|  79|0x000000070b200000, 0x000000070b200000, 0x000000070b400000|  0%| F|  |TAMS 0x000000070b200000| PB 0x000000070b200000| Untracked |  0
|  80|0x000000070b400000, 0x000000070b400000, 0x000000070b600000|  0%| F|  |TAMS 0x000000070b400000| PB 0x000000070b400000| Untracked |  0
|  81|0x000000070b600000, 0x000000070b600000, 0x000000070b800000|  0%| F|  |TAMS 0x000000070b600000| PB 0x000000070b600000| Untracked |  0
|  82|0x000000070b800000, 0x000000070b800000, 0x000000070ba00000|  0%| F|  |TAMS 0x000000070b800000| PB 0x000000070b800000| Untracked |  0
|  83|0x000000070ba00000, 0x000000070ba00000, 0x000000070bc00000|  0%| F|  |TAMS 0x000000070ba00000| PB 0x000000070ba00000| Untracked |  0
|  84|0x000000070bc00000, 0x000000070bc00000, 0x000000070be00000|  0%| F|  |TAMS 0x000000070bc00000| PB 0x000000070bc00000| Untracked |  0
|  85|0x000000070be00000, 0x000000070be00000, 0x000000070c000000|  0%| F|  |TAMS 0x000000070be00000| PB 0x000000070be00000| Untracked |  0
|  86|0x000000070c000000, 0x000000070c000000, 0x000000070c200000|  0%| F|  |TAMS 0x000000070c000000| PB 0x000000070c000000| Untracked |  0
|  87|0x000000070c200000, 0x000000070c200000, 0x000000070c400000|  0%| F|  |TAMS 0x000000070c200000| PB 0x000000070c200000| Untracked |  0
|  88|0x000000070c400000, 0x000000070c400000, 0x000000070c600000|  0%| F|  |TAMS 0x000000070c400000| PB 0x000000070c400000| Untracked |  0
|  89|0x000000070c600000, 0x000000070c600000, 0x000000070c800000|  0%| F|  |TAMS 0x000000070c600000| PB 0x000000070c600000| Untracked |  0
|  90|0x000000070c800000, 0x000000070c800000, 0x000000070ca00000|  0%| F|  |TAMS 0x000000070c800000| PB 0x000000070c800000| Untracked |  0
|  91|0x000000070ca00000, 0x000000070ca00000, 0x000000070cc00000|  0%| F|  |TAMS 0x000000070ca00000| PB 0x000000070ca00000| Untracked |  0
|  92|0x000000070cc00000, 0x000000070cc00000, 0x000000070ce00000|  0%| F|  |TAMS 0x000000070cc00000| PB 0x000000070cc00000| Untracked |  0
|  93|0x000000070ce00000, 0x000000070ce00000, 0x000000070d000000|  0%| F|  |TAMS 0x000000070ce00000| PB 0x000000070ce00000| Untracked |  0
|  94|0x000000070d000000, 0x000000070d000000, 0x000000070d200000|  0%| F|  |TAMS 0x000000070d000000| PB 0x000000070d000000| Untracked |  0
|  95|0x000000070d200000, 0x000000070d200000, 0x000000070d400000|  0%| F|  |TAMS 0x000000070d200000| PB 0x000000070d200000| Untracked |  0
|  96|0x000000070d400000, 0x000000070d400000, 0x000000070d600000|  0%| F|  |TAMS 0x000000070d400000| PB 0x000000070d400000| Untracked |  0
|  97|0x000000070d600000, 0x000000070d600000, 0x000000070d800000|  0%| F|  |TAMS 0x000000070d600000| PB 0x000000070d600000| Untracked |  0
|  98|0x000000070d800000, 0x000000070d800000, 0x000000070da00000|  0%| F|  |TAMS 0x000000070d800000| PB 0x000000070d800000| Untracked |  0
|  99|0x000000070da00000, 0x000000070da00000, 0x000000070dc00000|  0%| F|  |TAMS 0x000000070da00000| PB 0x000000070da00000| Untracked |  0
| 100|0x000000070dc00000, 0x000000070dc00000, 0x000000070de00000|  0%| F|  |TAMS 0x000000070dc00000| PB 0x000000070dc00000| Untracked |  0
| 101|0x000000070de00000, 0x000000070de27ff0, 0x000000070e000000|  7%| S|CS|TAMS 0x000000070de00000| PB 0x000000070de00000| Complete |  0
| 102|0x000000070e000000, 0x000000070e200000, 0x000000070e200000|100%| S|CS|TAMS 0x000000070e000000| PB 0x000000070e000000| Complete |  0
| 103|0x000000070e200000, 0x000000070e400000, 0x000000070e400000|100%| S|CS|TAMS 0x000000070e200000| PB 0x000000070e200000| Complete |  0
| 104|0x000000070e400000, 0x000000070e400000, 0x000000070e600000|  0%| F|  |TAMS 0x000000070e400000| PB 0x000000070e400000| Untracked |  0
| 105|0x000000070e600000, 0x000000070e600000, 0x000000070e800000|  0%| F|  |TAMS 0x000000070e600000| PB 0x000000070e600000| Untracked |  0
| 106|0x000000070e800000, 0x000000070e9947e8, 0x000000070ea00000| 79%| E|  |TAMS 0x000000070e800000| PB 0x000000070e800000| Complete |  0
| 107|0x000000070ea00000, 0x000000070ec00000, 0x000000070ec00000|100%| E|CS|TAMS 0x000000070ea00000| PB 0x000000070ea00000| Complete |  0
| 108|0x000000070ec00000, 0x000000070ee00000, 0x000000070ee00000|100%| E|CS|TAMS 0x000000070ec00000| PB 0x000000070ec00000| Complete |  0
| 109|0x000000070ee00000, 0x000000070f000000, 0x000000070f000000|100%| E|CS|TAMS 0x000000070ee00000| PB 0x000000070ee00000| Complete |  0
| 110|0x000000070f000000, 0x000000070f200000, 0x000000070f200000|100%| E|CS|TAMS 0x000000070f000000| PB 0x000000070f000000| Complete |  0
| 111|0x000000070f200000, 0x000000070f400000, 0x000000070f400000|100%| E|  |TAMS 0x000000070f200000| PB 0x000000070f200000| Complete |  0
| 112|0x000000070f400000, 0x000000070f600000, 0x000000070f600000|100%| E|CS|TAMS 0x000000070f400000| PB 0x000000070f400000| Complete |  0
| 113|0x000000070f600000, 0x000000070f800000, 0x000000070f800000|100%| E|CS|TAMS 0x000000070f600000| PB 0x000000070f600000| Complete |  0
| 114|0x000000070f800000, 0x000000070fa00000, 0x000000070fa00000|100%| E|CS|TAMS 0x000000070f800000| PB 0x000000070f800000| Complete |  0
| 115|0x000000070fa00000, 0x000000070fc00000, 0x000000070fc00000|100%| E|CS|TAMS 0x000000070fa00000| PB 0x000000070fa00000| Complete |  0
| 116|0x000000070fc00000, 0x000000070fe00000, 0x000000070fe00000|100%| E|CS|TAMS 0x000000070fc00000| PB 0x000000070fc00000| Complete |  0
| 117|0x000000070fe00000, 0x0000000710000000, 0x0000000710000000|100%| E|CS|TAMS 0x000000070fe00000| PB 0x000000070fe00000| Complete |  0
| 118|0x0000000710000000, 0x0000000710200000, 0x0000000710200000|100%| E|CS|TAMS 0x0000000710000000| PB 0x0000000710000000| Complete |  0
| 119|0x0000000710200000, 0x0000000710400000, 0x0000000710400000|100%| E|CS|TAMS 0x0000000710200000| PB 0x0000000710200000| Complete |  0
| 120|0x0000000710400000, 0x0000000710600000, 0x0000000710600000|100%| E|CS|TAMS 0x0000000710400000| PB 0x0000000710400000| Complete |  0
| 121|0x0000000710600000, 0x0000000710800000, 0x0000000710800000|100%| E|CS|TAMS 0x0000000710600000| PB 0x0000000710600000| Complete |  0
| 122|0x0000000710800000, 0x0000000710a00000, 0x0000000710a00000|100%| E|CS|TAMS 0x0000000710800000| PB 0x0000000710800000| Complete |  0
| 123|0x0000000710a00000, 0x0000000710c00000, 0x0000000710c00000|100%| E|CS|TAMS 0x0000000710a00000| PB 0x0000000710a00000| Complete |  0
| 124|0x0000000710c00000, 0x0000000710e00000, 0x0000000710e00000|100%| E|CS|TAMS 0x0000000710c00000| PB 0x0000000710c00000| Complete |  0
| 125|0x0000000710e00000, 0x0000000711000000, 0x0000000711000000|100%| E|CS|TAMS 0x0000000710e00000| PB 0x0000000710e00000| Complete |  0
| 126|0x0000000711000000, 0x0000000711200000, 0x0000000711200000|100%| E|CS|TAMS 0x0000000711000000| PB 0x0000000711000000| Complete |  0
| 127|0x0000000711200000, 0x0000000711400000, 0x0000000711400000|100%| E|CS|TAMS 0x0000000711200000| PB 0x0000000711200000| Complete |  0
|2037|0x00000007ffe00000, 0x00000007fff1c348, 0x0000000800000000| 55%| O|  |TAMS 0x00000007ffe00000| PB 0x00000007ffe00000| Untracked |  0

Card table byte_map: [0x000002a5ff2d0000,0x000002a5ffad0000] _byte_map_base: 0x000002a5fbac6000

Marking Bits: (CMBitMap*) 0x000002a5f5c0a1f0
 Bits: [0x000002a58f000000, 0x000002a592fb0000)

Polling page: 0x000002a5f3a20000

Metaspace:

Usage:
  Non-class:     13.00 MB used.
      Class:      2.14 MB used.
       Both:     15.14 MB used.

Virtual space:
  Non-class space:       64.00 MB reserved,      13.12 MB ( 21%) committed,  1 nodes.
      Class space:        1.00 GB reserved,       2.25 MB ( <1%) committed,  1 nodes.
             Both:        1.06 GB reserved,      15.38 MB (  1%) committed. 

Chunk freelists:
   Non-Class:  2.27 MB
       Class:  13.57 MB
        Both:  15.83 MB

MaxMetaspaceSize: unlimited
CompressedClassSpaceSize: 1.00 GB
Initial GC threshold: 21.00 MB
Current GC threshold: 21.00 MB
CDS: on
 - commit_granule_bytes: 65536.
 - commit_granule_words: 8192.
 - virtual_space_node_default_size: 8388608.
 - enlarge_chunks_in_place: 1.
UseCompressedClassPointers 1, UseCompactObjectHeaders 0
Narrow klass pointer bits 32, Max shift 3
Narrow klass base: 0x000002a596000000, Narrow klass shift: 0
Encoding Range: [0x000002a596000000 - 0x000002a696000000), (4294967296 bytes)
Klass Range:    [0x000002a596000000 - 0x000002a5d7000000), (1090519040 bytes)
Klass ID Range:  [8 - 1090519033) (1090519025)


Internal statistics:

num_allocs_failed_limit: 0.
num_arena_births: 156.
num_arena_deaths: 0.
num_vsnodes_births: 2.
num_vsnodes_deaths: 0.
num_space_committed: 246.
num_space_uncommitted: 0.
num_chunks_returned_to_freelist: 0.
num_chunks_taken_from_freelist: 663.
num_chunk_merges: 0.
num_chunk_splits: 472.
num_chunks_enlarged: 395.
num_inconsistent_stats: 0.

CodeHeap 'non-profiled nmethods': size=120064Kb used=897Kb max_used=897Kb free=119166Kb
 bounds [0x000002a587ac0000, 0x000002a587d30000, 0x000002a58f000000]
CodeHeap 'profiled nmethods': size=120000Kb used=3995Kb max_used=3995Kb free=116004Kb
 bounds [0x000002a580000000, 0x000002a5803f0000, 0x000002a587530000]
CodeHeap 'non-nmethods': size=5696Kb used=1634Kb max_used=1649Kb free=4061Kb
 bounds [0x000002a587530000, 0x000002a5877a0000, 0x000002a587ac0000]
CodeCache: size=245760Kb, used=6526Kb, max_used=6541Kb, free=239231Kb
 total_blobs=3293, nmethods=2491, adapters=707, full_count=0
Compilation: enabled, stopped_count=0, restarted_count=0

Compilation events (20 events):
Event: 3.960 Thread 0x000002a5ffff35b0 2483       1       com.sun.javafx.sg.prism.NGNode::getClipNode (5 bytes)
Event: 3.960 Thread 0x000002a5ffff35b0 nmethod 2483 0x000002a587b9f908 code [0x000002a587b9fa00, 0x000002a587b9fac8]
Event: 3.960 Thread 0x000002a5ffff35b0 2480       1       com.sun.javafx.geom.transform.AffineBase::getMyy (5 bytes)
Event: 3.960 Thread 0x000002a5ffff35b0 nmethod 2480 0x000002a587b9fc08 code [0x000002a587b9fd00, 0x000002a587b9fdc8]
Event: 3.960 Thread 0x000002a5ffff35b0 2484       1       com.sun.prism.impl.BaseGraphics::getClipRectNoClone (5 bytes)
Event: 3.960 Thread 0x000002a5ffff35b0 nmethod 2484 0x000002a587b9ff08 code [0x000002a587ba0000, 0x000002a587ba00c8]
Event: 3.960 Thread 0x000002a5ffff35b0 2485       3       javafx.scene.Node::layoutBoundsChanged (47 bytes)
Event: 3.960 Thread 0x000002a5ffff35b0 nmethod 2485 0x000002a5803e4608 code [0x000002a5803e47c0, 0x000002a5803e5008]
Event: 3.960 Thread 0x000002a5ffff35b0 2486       3       javafx.stage.Window::getRenderScaleY (8 bytes)
Event: 3.961 Thread 0x000002a5ffff35b0 nmethod 2486 0x000002a5803e5088 code [0x000002a5803e51c0, 0x000002a5803e54f0]
Event: 3.961 Thread 0x000002a5ffff35b0 2487       3       java.lang.Math::max (46 bytes)
Event: 3.961 Thread 0x000002a5ffff35b0 nmethod 2487 0x000002a5803e5588 code [0x000002a5803e56c0, 0x000002a5803e59c0]
Event: 3.961 Thread 0x000002a5ffff35b0 2488       3       com.sun.javafx.scene.NodeHelper::isDirty (11 bytes)
Event: 3.961 Thread 0x000002a5ffff35b0 nmethod 2488 0x000002a5803e5a08 code [0x000002a5803e5b40, 0x000002a5803e5e98]
Event: 3.961 Thread 0x000002a5ffff35b0 2489       3       javafx.scene.Node$1::isDirty (6 bytes)
Event: 3.961 Thread 0x000002a5ffff35b0 nmethod 2489 0x000002a5803e5f08 code [0x000002a5803e6040, 0x000002a5803e6308]
Event: 3.962 Thread 0x000002a5ffff35b0 2490       1       com.sun.prism.impl.BaseGraphics::isDepthBuffer (5 bytes)
Event: 3.962 Thread 0x000002a5ffff35b0 nmethod 2490 0x000002a587ba0208 code [0x000002a587ba0300, 0x000002a587ba03c8]
Event: 3.962 Thread 0x000002a5ffff35b0 2491       3       com.sun.prism.impl.VertexBuffer::ensureCapacityForQuad (38 bytes)
Event: 3.962 Thread 0x000002a5ffff35b0 nmethod 2491 0x000002a5803e6388 code [0x000002a5803e64c0, 0x000002a5803e6830]

GC Heap History (2 events):
Event: 0.766 GC heap before
{Heap before GC invocations=0 (full 0):
 garbage-first heap   total reserved 4173824K, committed 264192K, used 48240K [0x0000000701400000, 0x0000000800000000)
  region size 2048K, 24 young (49152K), 0 survivors (0K)
 Metaspace       used 9043K, committed 9280K, reserved 1114112K
  class space    used 1059K, committed 1152K, reserved 1048576K
}
Event: 0.769 GC heap after
{Heap after GC invocations=1 (full 0):
 garbage-first heap   total reserved 4173824K, committed 264192K, used 5392K [0x0000000701400000, 0x0000000800000000)
  region size 2048K, 3 young (6144K), 3 survivors (6144K)
 Metaspace       used 9043K, committed 9280K, reserved 1114112K
  class space    used 1059K, committed 1152K, reserved 1048576K
}

Dll operation events (20 events):
Event: 0.283 Loaded shared library C:\Users\Administrator\.openjfx\cache\17.0.6\api-ms-win-crt-locale-l1-1-0.dll
Event: 0.285 Loaded shared library C:\Users\Administrator\.openjfx\cache\17.0.6\api-ms-win-crt-math-l1-1-0.dll
Event: 0.286 Loaded shared library C:\Users\Administrator\.openjfx\cache\17.0.6\api-ms-win-crt-multibyte-l1-1-0.dll
Event: 0.288 Loaded shared library C:\Users\Administrator\.openjfx\cache\17.0.6\api-ms-win-crt-private-l1-1-0.dll
Event: 0.289 Loaded shared library C:\Users\Administrator\.openjfx\cache\17.0.6\api-ms-win-crt-process-l1-1-0.dll
Event: 0.291 Loaded shared library C:\Users\Administrator\.openjfx\cache\17.0.6\api-ms-win-crt-runtime-l1-1-0.dll
Event: 0.292 Loaded shared library C:\Users\Administrator\.openjfx\cache\17.0.6\api-ms-win-crt-stdio-l1-1-0.dll
Event: 0.293 Loaded shared library C:\Users\Administrator\.openjfx\cache\17.0.6\api-ms-win-crt-string-l1-1-0.dll
Event: 0.294 Loaded shared library C:\Users\Administrator\.openjfx\cache\17.0.6\api-ms-win-crt-time-l1-1-0.dll
Event: 0.295 Loaded shared library C:\Users\Administrator\.openjfx\cache\17.0.6\api-ms-win-crt-utility-l1-1-0.dll
Event: 0.305 Loaded shared library C:\Users\Administrator\.openjfx\cache\17.0.6\ucrtbase.dll
Event: 0.307 Loaded shared library C:\Users\Administrator\.openjfx\cache\17.0.6\vcruntime140.dll
Event: 0.308 Loaded shared library C:\Users\Administrator\.openjfx\cache\17.0.6\vcruntime140_1.dll
Event: 0.313 Loaded shared library C:\Users\Administrator\.openjfx\cache\17.0.6\msvcp140.dll
Event: 0.315 Loaded shared library C:\Users\Administrator\.openjfx\cache\17.0.6\msvcp140_1.dll
Event: 0.318 Loaded shared library C:\Users\Administrator\.openjfx\cache\17.0.6\msvcp140_2.dll
Event: 0.345 Loaded shared library C:\Users\Administrator\.openjfx\cache\17.0.6\prism_d3d.dll
Event: 0.444 Loaded shared library C:\Users\Administrator\.openjfx\cache\17.0.6\glass.dll
Event: 0.605 Loaded shared library C:\Users\Administrator\.openjfx\cache\17.0.6\javafx_font.dll
Event: 0.677 Loaded shared library C:\Users\Administrator\.jdks\openjdk-24\bin\jimage.dll

Deoptimization events (20 events):
Event: 1.621 Thread 0x000002a5957cce00 Uncommon trap: trap_request=0xffffffc6 fr.pc=0x000002a587b1db5c relative=0x00000000000003fc
Event: 1.621 Thread 0x000002a5957cce00 Uncommon trap: reason=bimorphic_or_optimized_type_check action=maybe_recompile pc=0x000002a587b1db5c method=java.util.concurrent.ConcurrentHashMap.get(Ljava/lang/Object;)Ljava/lang/Object; @ 149 c2
Event: 1.621 Thread 0x000002a5957cce00 DEOPT PACKING pc=0x000002a587b1db5c sp=0x000000aa85bfdb60
Event: 1.621 Thread 0x000002a5957cce00 DEOPT UNPACKING pc=0x000002a587644102 sp=0x000000aa85bfdae0 mode 2
Event: 1.626 Thread 0x000002a5957cce00 Uncommon trap: trap_request=0xffffff4d fr.pc=0x000002a587b4d0dc relative=0x000000000000227c
Event: 1.626 Thread 0x000002a5957cce00 Uncommon trap: reason=unstable_if action=reinterpret pc=0x000002a587b4d0dc method=jdk.internal.classfile.impl.StackMapGenerator.processBlock(Ljdk/internal/classfile/impl/RawBytecodeHelper;)Z @ 56 c2
Event: 1.626 Thread 0x000002a5957cce00 DEOPT PACKING pc=0x000002a587b4d0dc sp=0x000000aa85bfaf00
Event: 1.626 Thread 0x000002a5957cce00 DEOPT UNPACKING pc=0x000002a587644102 sp=0x000000aa85bfae78 mode 2
Event: 1.654 Thread 0x000002a5957cc6b0 Uncommon trap: trap_request=0xffffffc6 fr.pc=0x000002a587b69660 relative=0x0000000000000ce0
Event: 1.654 Thread 0x000002a5957cc6b0 Uncommon trap: reason=bimorphic_or_optimized_type_check action=maybe_recompile pc=0x000002a587b69660 method=java.io.BufferedInputStream.read([BII)I @ 100 c2
Event: 1.654 Thread 0x000002a5957cc6b0 DEOPT PACKING pc=0x000002a587b69660 sp=0x000000aa85efdae0
Event: 1.654 Thread 0x000002a5957cc6b0 DEOPT UNPACKING pc=0x000002a587644102 sp=0x000000aa85efdac8 mode 2
Event: 1.654 Thread 0x000002a5957cc6b0 Uncommon trap: trap_request=0xffffff4d fr.pc=0x000002a587b69484 relative=0x0000000000000b04
Event: 1.654 Thread 0x000002a5957cc6b0 Uncommon trap: reason=unstable_if action=reinterpret pc=0x000002a587b69484 method=java.io.BufferedInputStream.read([BII)I @ 55 c2
Event: 1.654 Thread 0x000002a5957cc6b0 DEOPT PACKING pc=0x000002a587b69484 sp=0x000000aa85efdae0
Event: 1.654 Thread 0x000002a5957cc6b0 DEOPT UNPACKING pc=0x000002a587644102 sp=0x000000aa85efdac8 mode 2
Event: 1.665 Thread 0x000002a5957cc6b0 Uncommon trap: trap_request=0xffffff4d fr.pc=0x000002a587b76a14 relative=0x0000000000007694
Event: 1.665 Thread 0x000002a5957cc6b0 Uncommon trap: reason=unstable_if action=reinterpret pc=0x000002a587b76a14 method=java.lang.invoke.MethodType.checkPtypes([Ljava/lang/Class;)I @ 47 c2
Event: 1.665 Thread 0x000002a5957cc6b0 DEOPT PACKING pc=0x000002a587b76a14 sp=0x000000aa85efc820
Event: 1.665 Thread 0x000002a5957cc6b0 DEOPT UNPACKING pc=0x000002a587644102 sp=0x000000aa85efc738 mode 2

Classes loaded (20 events):
Event: 1.671 Loading class java/util/stream/WhileOps$1Op$1OpSink
Event: 1.671 Loading class java/util/stream/WhileOps$DropWhileSink
Event: 1.671 Loading class java/util/stream/WhileOps$DropWhileSink done
Event: 1.671 Loading class java/util/stream/WhileOps$1Op$1OpSink done
Event: 1.679 Loading class java/security/PrivilegedExceptionAction
Event: 1.679 Loading class java/security/PrivilegedExceptionAction done
Event: 1.679 Loading class java/nio/ShortBuffer
Event: 1.679 Loading class java/nio/ShortBuffer done
Event: 1.679 Loading class java/nio/DoubleBuffer
Event: 1.679 Loading class java/nio/DoubleBuffer done
Event: 1.680 Loading class java/nio/DirectFloatBufferU
Event: 1.680 Loading class java/nio/DirectFloatBufferU done
Event: 1.682 Loading class java/lang/FdLibm$Atan2
Event: 1.682 Loading class java/lang/FdLibm$Atan2 done
Event: 1.866 Loading class java/util/EnumMap$Values
Event: 1.866 Loading class java/util/EnumMap$Values done
Event: 1.866 Loading class java/util/EnumMap$ValueIterator
Event: 1.866 Loading class java/util/EnumMap$EnumMapIterator
Event: 1.866 Loading class java/util/EnumMap$EnumMapIterator done
Event: 1.866 Loading class java/util/EnumMap$ValueIterator done

Classes unloaded (0 events):
No events

Classes redefined (0 events):
No events

Internal exceptions (20 events):
Event: 0.585 Thread 0x000002a5957cce00 Exception <a 'java/lang/ClassNotFoundException'{0x000000070f41a980}: com/sun/glass/ui/win/themes_en> (0x000000070f41a980) 
thrown [s\open\src\hotspot\share\prims\jni.cpp, line 536]
Event: 0.585 Thread 0x000002a5957cce00 Exception <a 'java/lang/ClassNotFoundException'{0x000000070f422398}: com/sun/glass/ui/win/themes_en_US> (0x000000070f422398) 
thrown [s\open\src\hotspot\share\prims\jni.cpp, line 536]
Event: 0.603 Thread 0x000002a5957cce00 Exception <a 'java/io/IOException'{0x000000070f5fc358}> (0x000000070f5fc358) 
thrown [s\open\src\hotspot\share\prims\jni.cpp, line 518]
Event: 0.649 Thread 0x000002a5957cce00 Exception <a 'java/lang/NoSuchMethodError'{0x000000070eed62f8}: 'void java.lang.invoke.DirectMethodHandle$Holder.invokeStaticInit(java.lang.Object, java.lang.Object)'> (0x000000070eed62f8) 
thrown [s\open\src\hotspot\share\interpreter\linkResolver.cpp, line 805]
Event: 0.678 Thread 0x000002a5957cce00 Exception <a 'sun/nio/fs/WindowsException'{0x000000070eaae108}> (0x000000070eaae108) 
thrown [s\open\src\hotspot\share\prims\jni.cpp, line 518]
Event: 0.697 Thread 0x000002a5957cce00 Implicit null exception at 0x000002a587b1812d to 0x000002a587b18408
Event: 0.765 Thread 0x000002a5957cce00 Exception <a 'java/lang/IncompatibleClassChangeError'{0x000000070e5df2d8}: Found class java.lang.Object, but interface was expected> (0x000000070e5df2d8) 
thrown [s\open\src\hotspot\share\interpreter\linkResolver.cpp, line 872]
Event: 0.795 Thread 0x000002a5957cce00 Exception <a 'java/lang/NoSuchMethodError'{0x000000071118f9b0}: 'void java.lang.invoke.DirectMethodHandle$Holder.invokeSpecialIFC(java.lang.Object, java.lang.Object, java.lang.Object, java.lang.Object)'> (0x000000071118f9b0) 
thrown [s\open\src\hotspot\share\interpreter\linkResolver.cpp, line 805]
Event: 0.801 Thread 0x000002a5957cce00 Exception <a 'java/lang/ClassNotFoundException'{0x0000000710e16668}: com/sun/javafx/scene/control/skin/resources/controls> (0x0000000710e16668) 
thrown [s\open\src\hotspot\share\prims\jni.cpp, line 536]
Event: 0.801 Thread 0x000002a5957cce00 Exception <a 'java/lang/ClassNotFoundException'{0x0000000710e23678}: com/sun/javafx/scene/control/skin/resources/controls_en> (0x0000000710e23678) 
thrown [s\open\src\hotspot\share\prims\jni.cpp, line 536]
Event: 0.801 Thread 0x000002a5957cce00 Exception <a 'java/lang/ClassNotFoundException'{0x0000000710e244c8}: com/sun/javafx/scene/control/skin/resources/controls_en_US> (0x0000000710e244c8) 
thrown [s\open\src\hotspot\share\prims\jni.cpp, line 536]
Event: 0.829 Thread 0x000002a5957cce00 Exception <a 'java/lang/NoSuchMethodError'{0x0000000710a13700}: 'int java.lang.invoke.DirectMethodHandle$Holder.invokeSpecial(java.lang.Object, java.lang.Object, int)'> (0x0000000710a13700) 
thrown [s\open\src\hotspot\share\interpreter\linkResolver.cpp, line 805]
Event: 1.045 Thread 0x000002a5957cce00 Exception <a 'java/lang/NoSuchMethodError'{0x00000007106addd0}: 'java.lang.Object java.lang.invoke.DirectMethodHandle$Holder.invokeStatic(java.lang.Object, java.lang.Object, java.lang.Object, java.lang.Object, int)'> (0x00000007106addd0) 
thrown [s\open\src\hotspot\share\interpreter\linkResolver.cpp, line 805]
Event: 1.046 Thread 0x000002a5957cce00 Exception <a 'java/lang/NoSuchMethodError'{0x00000007106bf918}: 'int java.lang.invoke.DirectMethodHandle$Holder.invokeSpecial(java.lang.Object, java.lang.Object, java.lang.Object)'> (0x00000007106bf918) 
thrown [s\open\src\hotspot\share\interpreter\linkResolver.cpp, line 805]
Event: 1.072 Thread 0x000002a5957cce00 Exception <a 'java/lang/NoSuchMethodError'{0x00000007104d6648}: 'java.lang.Object java.lang.invoke.DirectMethodHandle$Holder.newInvokeSpecial(java.lang.Object, java.lang.Object, int)'> (0x00000007104d6648) 
thrown [s\open\src\hotspot\share\interpreter\linkResolver.cpp, line 805]
Event: 1.167 Thread 0x000002a5957cce00 Exception <a 'java/lang/NoSuchMethodError'{0x000000070f628830}: 'void java.lang.invoke.DirectMethodHandle$Holder.invokeSpecial(java.lang.Object, java.lang.Object, java.lang.Object, java.lang.Object, java.lang.Object, java.lang.Object)'> (0x000000070f628830) 
thrown [s\open\src\hotspot\share\interpreter\linkResolver.cpp, line 805]
Event: 1.626 Thread 0x000002a5957cce00 Exception <a 'java/lang/NoSuchMethodError'{0x000000070f1e6f80}: 'long java.lang.invoke.DirectMethodHandle$Holder.invokeStaticInit(java.lang.Object, java.lang.Object, java.lang.Object)'> (0x000000070f1e6f80) 
thrown [s\open\src\hotspot\share\interpreter\linkResolver.cpp, line 805]
Event: 1.628 Thread 0x000002a5957cce00 Exception <a 'java/lang/NoSuchMethodError'{0x000000070ef0a2a8}: 'java.lang.Object java.lang.invoke.DirectMethodHandle$Holder.newInvokeSpecial(java.lang.Object, java.lang.Object, long)'> (0x000000070ef0a2a8) 
thrown [s\open\src\hotspot\share\interpreter\linkResolver.cpp, line 805]
Event: 1.628 Thread 0x000002a5957cce00 Exception <a 'java/lang/NoSuchMethodError'{0x000000070ef12e90}: 'java.lang.Object java.lang.invoke.Invokers$Holder.linkToTargetMethod(java.lang.Object, long, java.lang.Object)'> (0x000000070ef12e90) 
thrown [s\open\src\hotspot\share\interpreter\linkResolver.cpp, line 805]
Event: 1.646 Thread 0x000002a5957cc6b0 Exception <a 'java/lang/NoSuchMethodError'{0x000000070ec1e508}: 'int java.lang.invoke.DirectMethodHandle$Holder.invokeStaticInit(java.lang.Object, java.lang.Object)'> (0x000000070ec1e508) 
thrown [s\open\src\hotspot\share\interpreter\linkResolver.cpp, line 805]

VM Operations (16 events):
Event: 0.126 Executing VM operation: HandshakeAllThreads (Deoptimize)
Event: 0.126 Executing VM operation: HandshakeAllThreads (Deoptimize) done
Event: 0.126 Executing VM operation: HandshakeAllThreads (Deoptimize)
Event: 0.126 Executing VM operation: HandshakeAllThreads (Deoptimize) done
Event: 0.439 Executing VM operation: HandshakeAllThreads (Deoptimize)
Event: 0.439 Executing VM operation: HandshakeAllThreads (Deoptimize) done
Event: 0.610 Executing VM operation: HandshakeAllThreads (Deoptimize)
Event: 0.610 Executing VM operation: HandshakeAllThreads (Deoptimize) done
Event: 0.678 Executing VM operation: HandshakeAllThreads (Deoptimize)
Event: 0.678 Executing VM operation: HandshakeAllThreads (Deoptimize) done
Event: 0.766 Executing VM operation: G1CollectForAllocation (G1 Evacuation Pause)
Event: 0.769 Executing VM operation: G1CollectForAllocation (G1 Evacuation Pause) done
Event: 0.786 Executing VM operation: HandshakeAllThreads (Deoptimize)
Event: 0.786 Executing VM operation: HandshakeAllThreads (Deoptimize) done
Event: 1.118 Executing VM operation: HandshakeAllThreads (Deoptimize)
Event: 1.118 Executing VM operation: HandshakeAllThreads (Deoptimize) done

Memory protections (0 events):
No events

Nmethod flushes (0 events):
No events

Events (20 events):
Event: 0.026 Thread 0x000002a5f5b992f0 Thread added: 0x000002a5fffea2f0
Event: 0.026 Thread 0x000002a5f5b992f0 Thread added: 0x000002a5fffee610
Event: 0.027 Thread 0x000002a5f5b992f0 Thread added: 0x000002a5ffff35b0
Event: 0.048 Thread 0x000002a5f5b992f0 Thread added: 0x000002a5957ceb40
Event: 0.074 Thread 0x000002a5ffff35b0 Thread added: 0x000002a595802550
Event: 0.091 Thread 0x000002a5ffff35b0 Thread added: 0x000002a5959366e0
Event: 0.151 Thread 0x000002a5f5b992f0 Thread added: 0x000002a5957cf290
Event: 0.151 Thread 0x000002a5f5b992f0 Thread added: 0x000002a5957cbf60
Event: 0.339 Thread 0x000002a5f5b992f0 Thread added: 0x000002a5957cc6b0
Event: 0.429 Thread 0x000002a5959366e0 Thread exited: 0x000002a5959366e0
Event: 0.429 Thread 0x000002a595802550 Thread exited: 0x000002a595802550
Event: 0.445 Thread 0x000002a5f5b992f0 Thread added: 0x000002a5957cd550
Event: 0.448 Thread 0x000002a5f5b992f0 Thread added: 0x000002a5957cce00
Event: 0.537 Thread 0x000002a5f5b992f0 Thread added: 0x000002a5957cdca0
Event: 0.547 Thread 0x000002a5957ce3f0 Thread added: 0x000002a5957ce3f0
Event: 0.621 Thread 0x000002a5ffff35b0 Thread added: 0x000002a5dc1731c0
Event: 1.014 Thread 0x000002a5957cce00 Thread added: 0x000002a5dc0f6350
Event: 1.560 Thread 0x000002a5dc1731c0 Thread exited: 0x000002a5dc1731c0
Event: 1.618 Thread 0x000002a5957cce00 Thread added: 0x000002a5dc0f87e0
Event: 1.661 Thread 0x000002a5957cc6b0 Thread added: 0x000002a5dc0f9dd0


Dynamic libraries:
0x00007ff6d0e00000 - 0x00007ff6d0e0e000 	C:\Users\Administrator\.jdks\openjdk-24\bin\java.exe
0x00007ffc19d70000 - 0x00007ffc19f68000 	C:\Windows\SYSTEM32\ntdll.dll
0x00007ffc19840000 - 0x00007ffc198fd000 	C:\Windows\System32\KERNEL32.DLL
0x00007ffc17450000 - 0x00007ffc17746000 	C:\Windows\System32\KERNELBASE.dll
0x00007ffc17750000 - 0x00007ffc17850000 	C:\Windows\System32\ucrtbase.dll
0x00007ffc126b0000 - 0x00007ffc126c6000 	C:\Users\Administrator\.jdks\openjdk-24\bin\jli.dll
0x00007ffc13bd0000 - 0x00007ffc13beb000 	C:\Users\Administrator\.jdks\openjdk-24\bin\VCRUNTIME140.dll
0x00007ffc19270000 - 0x00007ffc1940e000 	C:\Windows\System32\USER32.dll
0x00007ffbff860000 - 0x00007ffbffafa000 	C:\Windows\WinSxS\amd64_microsoft.windows.common-controls_6595b64144ccf1df_6.0.19041.1110_none_60b5254171f9507e\COMCTL32.dll
0x00007ffc17da0000 - 0x00007ffc17dc2000 	C:\Windows\System32\win32u.dll
0x00007ffc17dd0000 - 0x00007ffc17e6e000 	C:\Windows\System32\msvcrt.dll
0x00007ffc19b10000 - 0x00007ffc19b3c000 	C:\Windows\System32\GDI32.dll
0x00007ffc17850000 - 0x00007ffc1796a000 	C:\Windows\System32\gdi32full.dll
0x00007ffc17c50000 - 0x00007ffc17ced000 	C:\Windows\System32\msvcp_win.dll
0x00007ffc19900000 - 0x00007ffc19930000 	C:\Windows\System32\IMM32.DLL
0x00007ffc14cc0000 - 0x00007ffc14ccc000 	C:\Users\Administrator\.jdks\openjdk-24\bin\vcruntime140_1.dll
0x00007ffbffff0000 - 0x00007ffc0007e000 	C:\Users\Administrator\.jdks\openjdk-24\bin\msvcp140.dll
0x00007ffbb69e0000 - 0x00007ffbb7782000 	C:\Users\Administrator\.jdks\openjdk-24\bin\server\jvm.dll
0x00007ffc17e70000 - 0x00007ffc17f1e000 	C:\Windows\System32\ADVAPI32.dll
0x00007ffc191d0000 - 0x00007ffc1926c000 	C:\Windows\System32\sechost.dll
0x00007ffc188b0000 - 0x00007ffc189d6000 	C:\Windows\System32\RPCRT4.dll
0x00007ffc19410000 - 0x00007ffc1947b000 	C:\Windows\System32\WS2_32.dll
0x00007ffc16a00000 - 0x00007ffc16a4b000 	C:\Windows\SYSTEM32\POWRPROF.dll
0x00007ffc08970000 - 0x00007ffc08997000 	C:\Windows\SYSTEM32\WINMM.dll
0x00007ffc11760000 - 0x00007ffc1176a000 	C:\Windows\SYSTEM32\VERSION.dll
0x00007ffc16870000 - 0x00007ffc16882000 	C:\Windows\SYSTEM32\UMPDC.dll
0x00007ffc15300000 - 0x00007ffc15312000 	C:\Windows\SYSTEM32\kernel.appcore.dll
0x00007ffc13bc0000 - 0x00007ffc13bca000 	C:\Users\Administrator\.jdks\openjdk-24\bin\jimage.dll
0x00007ffc080f0000 - 0x00007ffc082d4000 	C:\Windows\SYSTEM32\DBGHELP.DLL
0x00007ffbefcc0000 - 0x00007ffbefcf4000 	C:\Windows\SYSTEM32\dbgcore.DLL
0x00007ffc17970000 - 0x00007ffc179f2000 	C:\Windows\System32\bcryptPrimitives.dll
0x00007ffc0f2e0000 - 0x00007ffc0f2ef000 	C:\Users\Administrator\.jdks\openjdk-24\bin\instrument.dll
0x00007ffc118c0000 - 0x00007ffc118de000 	C:\Users\Administrator\.jdks\openjdk-24\bin\java.dll
0x00007ffc19c00000 - 0x00007ffc19d2a000 	C:\Windows\System32\ole32.dll
0x00007ffc19480000 - 0x00007ffc197d4000 	C:\Windows\System32\combase.dll
0x00007ffc18010000 - 0x00007ffc18755000 	C:\Windows\System32\SHELL32.dll
0x00007ffc15500000 - 0x00007ffc15c9b000 	C:\Windows\SYSTEM32\windows.storage.dll
0x00007ffc16e90000 - 0x00007ffc16ebe000 	C:\Windows\SYSTEM32\Wldp.dll
0x00007ffc18760000 - 0x00007ffc1880d000 	C:\Windows\System32\SHCORE.dll
0x00007ffc19b40000 - 0x00007ffc19b95000 	C:\Windows\System32\shlwapi.dll
0x00007ffc17380000 - 0x00007ffc173a5000 	C:\Windows\SYSTEM32\profapi.dll
0x00007ffbf1280000 - 0x00007ffbf1357000 	C:\Users\Administrator\.jdks\openjdk-24\bin\jsvml.dll
0x00007ffc0f2d0000 - 0x00007ffc0f2e0000 	C:\Users\Administrator\.jdks\openjdk-24\bin\net.dll
0x00007ffc16bf0000 - 0x00007ffc16c5a000 	C:\Windows\system32\mswsock.dll
0x00007ffc0f2b0000 - 0x00007ffc0f2c6000 	C:\Users\Administrator\.jdks\openjdk-24\bin\nio.dll
0x00007ffc0f290000 - 0x00007ffc0f2a7000 	C:\Users\Administrator\.jdks\openjdk-24\bin\zip.dll
0x000002a595b30000 - 0x000002a595b33000 	C:\Users\Administrator\.openjfx\cache\17.0.6\api-ms-win-core-console-l1-1-0.dll
0x000002a595b40000 - 0x000002a595b43000 	C:\Users\Administrator\.openjfx\cache\17.0.6\api-ms-win-core-console-l1-2-0.dll
0x000002a595b50000 - 0x000002a595b53000 	C:\Users\Administrator\.openjfx\cache\17.0.6\api-ms-win-core-datetime-l1-1-0.dll
0x000002a595b60000 - 0x000002a595b63000 	C:\Users\Administrator\.openjfx\cache\17.0.6\api-ms-win-core-debug-l1-1-0.dll
0x000002a595b70000 - 0x000002a595b73000 	C:\Users\Administrator\.openjfx\cache\17.0.6\api-ms-win-core-errorhandling-l1-1-0.dll
0x000002a595b80000 - 0x000002a595b84000 	C:\Users\Administrator\.openjfx\cache\17.0.6\api-ms-win-core-file-l1-1-0.dll
0x000002a595b90000 - 0x000002a595b93000 	C:\Users\Administrator\.openjfx\cache\17.0.6\api-ms-win-core-file-l1-2-0.dll
0x000002a595ba0000 - 0x000002a595ba3000 	C:\Users\Administrator\.openjfx\cache\17.0.6\api-ms-win-core-file-l2-1-0.dll
0x000002a595bb0000 - 0x000002a595bb3000 	C:\Users\Administrator\.openjfx\cache\17.0.6\api-ms-win-core-handle-l1-1-0.dll
0x000002a595bc0000 - 0x000002a595bc3000 	C:\Users\Administrator\.openjfx\cache\17.0.6\api-ms-win-core-heap-l1-1-0.dll
0x000002a595bd0000 - 0x000002a595bd3000 	C:\Users\Administrator\.openjfx\cache\17.0.6\api-ms-win-core-interlocked-l1-1-0.dll
0x000002a595be0000 - 0x000002a595be3000 	C:\Users\Administrator\.openjfx\cache\17.0.6\api-ms-win-core-libraryloader-l1-1-0.dll
0x000002a595bf0000 - 0x000002a595bf3000 	C:\Users\Administrator\.openjfx\cache\17.0.6\api-ms-win-core-localization-l1-2-0.dll
0x000002a595c00000 - 0x000002a595c03000 	C:\Users\Administrator\.openjfx\cache\17.0.6\api-ms-win-core-memory-l1-1-0.dll
0x000002a595c10000 - 0x000002a595c13000 	C:\Users\Administrator\.openjfx\cache\17.0.6\api-ms-win-core-namedpipe-l1-1-0.dll
0x000002a595c20000 - 0x000002a595c23000 	C:\Users\Administrator\.openjfx\cache\17.0.6\api-ms-win-core-processenvironment-l1-1-0.dll
0x000002a595c30000 - 0x000002a595c33000 	C:\Users\Administrator\.openjfx\cache\17.0.6\api-ms-win-core-processthreads-l1-1-0.dll
0x000002a595c40000 - 0x000002a595c43000 	C:\Users\Administrator\.openjfx\cache\17.0.6\api-ms-win-core-processthreads-l1-1-1.dll
0x000002a595c50000 - 0x000002a595c53000 	C:\Users\Administrator\.openjfx\cache\17.0.6\api-ms-win-core-profile-l1-1-0.dll
0x000002a595c60000 - 0x000002a595c63000 	C:\Users\Administrator\.openjfx\cache\17.0.6\api-ms-win-core-rtlsupport-l1-1-0.dll
0x000002a595c70000 - 0x000002a595c73000 	C:\Users\Administrator\.openjfx\cache\17.0.6\api-ms-win-core-string-l1-1-0.dll
0x000002a595c80000 - 0x000002a595c83000 	C:\Users\Administrator\.openjfx\cache\17.0.6\api-ms-win-core-synch-l1-1-0.dll
0x000002a595c90000 - 0x000002a595c93000 	C:\Users\Administrator\.openjfx\cache\17.0.6\api-ms-win-core-synch-l1-2-0.dll
0x000002a595ca0000 - 0x000002a595ca3000 	C:\Users\Administrator\.openjfx\cache\17.0.6\api-ms-win-core-sysinfo-l1-1-0.dll
0x000002a595cb0000 - 0x000002a595cb3000 	C:\Users\Administrator\.openjfx\cache\17.0.6\api-ms-win-core-timezone-l1-1-0.dll
0x000002a595cc0000 - 0x000002a595cc3000 	C:\Users\Administrator\.openjfx\cache\17.0.6\api-ms-win-core-util-l1-1-0.dll
0x000002a595cd0000 - 0x000002a595cd3000 	C:\Users\Administrator\.openjfx\cache\17.0.6\api-ms-win-crt-conio-l1-1-0.dll
0x000002a595ce0000 - 0x000002a595ce4000 	C:\Users\Administrator\.openjfx\cache\17.0.6\api-ms-win-crt-convert-l1-1-0.dll
0x000002a595cf0000 - 0x000002a595cf3000 	C:\Users\Administrator\.openjfx\cache\17.0.6\api-ms-win-crt-environment-l1-1-0.dll
0x000002a595d00000 - 0x000002a595d03000 	C:\Users\Administrator\.openjfx\cache\17.0.6\api-ms-win-crt-filesystem-l1-1-0.dll
0x000002a595d10000 - 0x000002a595d13000 	C:\Users\Administrator\.openjfx\cache\17.0.6\api-ms-win-crt-heap-l1-1-0.dll
0x000002a595d20000 - 0x000002a595d23000 	C:\Users\Administrator\.openjfx\cache\17.0.6\api-ms-win-crt-locale-l1-1-0.dll
0x000002a595d30000 - 0x000002a595d35000 	C:\Users\Administrator\.openjfx\cache\17.0.6\api-ms-win-crt-math-l1-1-0.dll
0x000002a595d40000 - 0x000002a595d45000 	C:\Users\Administrator\.openjfx\cache\17.0.6\api-ms-win-crt-multibyte-l1-1-0.dll
0x000002a595d50000 - 0x000002a595d60000 	C:\Users\Administrator\.openjfx\cache\17.0.6\api-ms-win-crt-private-l1-1-0.dll
0x000002a595d60000 - 0x000002a595d63000 	C:\Users\Administrator\.openjfx\cache\17.0.6\api-ms-win-crt-process-l1-1-0.dll
0x000002a595d70000 - 0x000002a595d74000 	C:\Users\Administrator\.openjfx\cache\17.0.6\api-ms-win-crt-runtime-l1-1-0.dll
0x000002a595d80000 - 0x000002a595d84000 	C:\Users\Administrator\.openjfx\cache\17.0.6\api-ms-win-crt-stdio-l1-1-0.dll
0x000002a595d90000 - 0x000002a595d94000 	C:\Users\Administrator\.openjfx\cache\17.0.6\api-ms-win-crt-string-l1-1-0.dll
0x000002a595da0000 - 0x000002a595da3000 	C:\Users\Administrator\.openjfx\cache\17.0.6\api-ms-win-crt-time-l1-1-0.dll
0x000002a595db0000 - 0x000002a595db3000 	C:\Users\Administrator\.openjfx\cache\17.0.6\api-ms-win-crt-utility-l1-1-0.dll
0x00007ffbe9d90000 - 0x00007ffbe9e8c000 	C:\Users\Administrator\.openjfx\cache\17.0.6\ucrtbase.dll
0x00007ffbfffa0000 - 0x00007ffbfffba000 	C:\Users\Administrator\.openjfx\cache\17.0.6\vcruntime140.dll
0x00007ffbfff90000 - 0x00007ffbfff9c000 	C:\Users\Administrator\.openjfx\cache\17.0.6\vcruntime140_1.dll
0x00007ffbe4d00000 - 0x00007ffbe4d8d000 	C:\Users\Administrator\.openjfx\cache\17.0.6\msvcp140.dll
0x00007ffbfff80000 - 0x00007ffbfff89000 	C:\Users\Administrator\.openjfx\cache\17.0.6\msvcp140_1.dll
0x00007ffbea370000 - 0x00007ffbea39f000 	C:\Users\Administrator\.openjfx\cache\17.0.6\msvcp140_2.dll
0x00007ffbe9d60000 - 0x00007ffbe9d8a000 	C:\Users\Administrator\.openjfx\cache\17.0.6\prism_d3d.dll
0x00007ffbbc110000 - 0x00007ffbbc2dd000 	C:\Windows\system32\d3d9.dll
0x00007ffc151f0000 - 0x00007ffc1521f000 	C:\Windows\SYSTEM32\dwmapi.dll
0x00007ffc14e30000 - 0x00007ffc14ece000 	C:\Windows\system32\uxtheme.dll
0x00007ffc0e730000 - 0x00007ffc0e7f2000 	C:\Windows\System32\DriverStore\FileRepository\nv_dispi.inf_amd64_3cae04f75ee04f42\nvldumdx.dll
0x00007ffc17020000 - 0x00007ffc17032000 	C:\Windows\SYSTEM32\msasn1.dll
0x00007ffc11910000 - 0x00007ffc11941000 	C:\Windows\SYSTEM32\cryptnet.dll
0x00007ffc17a80000 - 0x00007ffc17bde000 	C:\Windows\System32\CRYPT32.dll
0x00007ffc16de0000 - 0x00007ffc16dec000 	C:\Windows\SYSTEM32\cryptbase.dll
0x00007ffc11400000 - 0x00007ffc11548000 	C:\Windows\SYSTEM32\drvstore.dll
0x00007ffc171e0000 - 0x00007ffc17213000 	C:\Windows\SYSTEM32\devobj.dll
0x00007ffc17a00000 - 0x00007ffc17a4e000 	C:\Windows\System32\cfgmgr32.dll
0x00007ffc17be0000 - 0x00007ffc17c47000 	C:\Windows\System32\wintrust.dll
0x00007ffc19af0000 - 0x00007ffc19b0d000 	C:\Windows\System32\imagehlp.dll
0x00007ffc16df0000 - 0x00007ffc16e08000 	C:\Windows\SYSTEM32\CRYPTSP.dll
0x00007ffc16490000 - 0x00007ffc164c4000 	C:\Windows\system32\rsaenh.dll
0x00007ffc17a50000 - 0x00007ffc17a77000 	C:\Windows\System32\bcrypt.dll
0x00007ffc096e0000 - 0x00007ffc0d190000 	C:\Windows\System32\DriverStore\FileRepository\nv_dispi.inf_amd64_3cae04f75ee04f42\nvgpucomp64.dll
0x00007ffc06a40000 - 0x00007ffc06b19000 	C:\Windows\System32\DriverStore\FileRepository\nv_dispi.inf_amd64_3cae04f75ee04f42\NvMemMapStoragex.dll
0x00007ffbb3a80000 - 0x00007ffbb5d07000 	C:\Windows\System32\DriverStore\FileRepository\nv_dispi.inf_amd64_3cae04f75ee04f42\nvd3dumx.dll
0x00007ffbe2110000 - 0x00007ffbe2152000 	C:\Users\Administrator\.openjfx\cache\17.0.6\glass.dll
0x00007ffc17f30000 - 0x00007ffc1800a000 	C:\Windows\System32\COMDLG32.dll
0x00007ffc189e0000 - 0x00007ffc18aad000 	C:\Windows\System32\OLEAUT32.dll
0x0000000180000000 - 0x0000000188132000 	C:\Program Files (x86)\ASUS\GPUTweakIII\GTIII-OSD\x64\GTIII-OSD64-VK.dll
0x00007ffbc76b0000 - 0x00007ffbc7835000 	C:\Windows\SYSTEM32\vulkan-1.dll
0x00007ffc190b0000 - 0x00007ffc191c4000 	C:\Windows\System32\MSCTF.dll
0x00007ffbb9b70000 - 0x00007ffbb9e76000 	C:\Windows\system32\nvspcap64.dll
0x00007ffc165d0000 - 0x00007ffc16603000 	C:\Windows\SYSTEM32\ntmarta.dll
0x00007ffc15cb0000 - 0x00007ffc15cd3000 	C:\Windows\SYSTEM32\gpapi.dll
0x00007ffbb99b0000 - 0x00007ffbb9b64000 	C:\Windows\System32\DriverStore\FileRepository\nv_dispi.inf_amd64_3cae04f75ee04f42\nvppex.dll
0x00007ffc0f0c0000 - 0x00007ffc0f0fb000 	C:\Windows\SYSTEM32\dxcore.dll
0x00007ffbef040000 - 0x00007ffbef054000 	C:\Users\Administrator\.openjfx\cache\17.0.6\javafx_font.dll
0x00007ffc06770000 - 0x00007ffc069ef000 	C:\Windows\SYSTEM32\dwrite.dll
0x00007ffc18ab0000 - 0x00007ffc18b59000 	C:\Windows\System32\clbcatq.dll
0x00007ffc10fd0000 - 0x00007ffc11184000 	C:\Windows\SYSTEM32\WindowsCodecs.dll

dbghelp: loaded successfully - version: 4.0.5 - missing functions: none
symbol engine: initialized successfully - sym options: 0x614 - pdb path: .;C:\Users\Administrator\.jdks\openjdk-24\bin;C:\Windows\SYSTEM32;C:\Windows\WinSxS\amd64_microsoft.windows.common-controls_6595b64144ccf1df_6.0.19041.1110_none_60b5254171f9507e;C:\Users\Administrator\.jdks\openjdk-24\bin\server;C:\Users\Administrator\.openjfx\cache\17.0.6;C:\Windows\System32\DriverStore\FileRepository\nv_dispi.inf_amd64_3cae04f75ee04f42;C:\Program Files (x86)\ASUS\GPUTweakIII\GTIII-OSD\x64;C:\Program Files\Common Files\Microsoft Shared\Ink

VM Arguments:
jvm_args: -javaagent:C:\Program Files\JetBrains\IntelliJ IDEA Community Edition 2024.3.5\lib\idea_rt.jar=50362 -Dfile.encoding=UTF-8 -Dsun.stdout.encoding=UTF-8 -Dsun.stderr.encoding=UTF-8 --module-path=C:\Users\Administrator\.m2\repository\org\openjfx\javafx-fxml\17.0.6\javafx-fxml-17.0.6-win.jar;C:\Users\Administrator\.m2\repository\org\openjfx\javafx-graphics\17.0.6\javafx-graphics-17.0.6-win.jar;C:\Users\Administrator\IdeaProjects\ProyectoBanco\target\classes;C:\Users\Administrator\.m2\repository\org\openjfx\javafx-base\17.0.6\javafx-base-17.0.6-win.jar;C:\Users\Administrator\.m2\repository\org\openjfx\javafx-controls\17.0.6\javafx-controls-17.0.6-win.jar -Djdk.module.main=SistemaTicketsBanco 
java_command: SistemaTicketsBanco/cliente.Cliente
java_class_path (initial): C:\Users\Administrator\.m2\repository\org\openjfx\javafx-controls\17.0.6\javafx-controls-17.0.6.jar;C:\Users\Administrator\.m2\repository\org\openjfx\javafx-graphics\17.0.6\javafx-graphics-17.0.6.jar;C:\Users\Administrator\.m2\repository\org\openjfx\javafx-base\17.0.6\javafx-base-17.0.6.jar;C:\Users\Administrator\.m2\repository\org\openjfx\javafx-fxml\17.0.6\javafx-fxml-17.0.6.jar
Launcher Type: SUN_STANDARD

[Global flags]
     intx CICompilerCount                          = 4                                         {product} {ergonomic}
     uint ConcGCThreads                            = 3                                         {product} {ergonomic}
     uint G1ConcRefinementThreads                  = 10                                        {product} {ergonomic}
   size_t G1HeapRegionSize                         = 2097152                                   {product} {ergonomic}
   size_t InitialHeapSize                          = 268435456                                 {product} {ergonomic}
   size_t MarkStackSize                            = 4194304                                   {product} {ergonomic}
   size_t MarkStackSizeMax                         = 536870912                                 {product} {ergonomic}
   size_t MaxHeapSize                              = 4273995776                                {product} {ergonomic}
   size_t MaxNewSize                               = 2562719744                                {product} {ergonomic}
   size_t MinHeapDeltaBytes                        = 2097152                                   {product} {ergonomic}
   size_t MinHeapSize                              = 8388608                                   {product} {ergonomic}
    uintx NonNMethodCodeHeapSize                   = 5832704                                {pd product} {ergonomic}
    uintx NonProfiledCodeHeapSize                  = 122945536                              {pd product} {ergonomic}
    uintx ProfiledCodeHeapSize                     = 122880000                              {pd product} {ergonomic}
    uintx ReservedCodeCacheSize                    = 251658240                              {pd product} {ergonomic}
     bool SegmentedCodeCache                       = true                                      {product} {ergonomic}
   size_t SoftMaxHeapSize                          = 4273995776                             {manageable} {ergonomic}
     bool UseCompressedOops                        = true                           {product lp64_product} {ergonomic}
     bool UseG1GC                                  = true                                      {product} {ergonomic}
     bool UseLargePagesIndividualAllocation        = false                                  {pd product} {ergonomic}

Logging:
Log output configuration:
 #0: stdout all=warning uptime,level,tags foldmultilines=false
 #1: stderr all=off uptime,level,tags foldmultilines=false

Environment Variables:
PATH=C:\Program Files\Common Files\Oracle\Java\javapath;C:\Program Files (x86)\Common Files\Oracle\Java\javapath;C:\Windows\system32;C:\Windows;C:\Windows\System32\Wbem;C:\Windows\System32\WindowsPowerShell\v1.0\;C:\Program Files (x86)\NVIDIA Corporation\PhysX\Common;C:\Program Files\dotnet\;C:\Program Files\NVIDIA Corporation\NVIDIA app\NvDLISR;C:\Program Files\Git\cmd;C:\Users\Administrator\AppData\Local\Microsoft\WindowsApps;
USERNAME=Administrator
OS=Windows_NT
PROCESSOR_IDENTIFIER=Intel64 Family 6 Model 165 Stepping 5, GenuineIntel
TMP=C:\Users\ADMINI~1\AppData\Local\Temp
TEMP=C:\Users\ADMINI~1\AppData\Local\Temp




Periodic native trim disabled

---------------  S Y S T E M  ---------------

OS:
 Windows 10 , 64 bit Build 19041 (10.0.19041.3393)
OS uptime: 0 days 1:18 hours

CPU: total 12 (initial active 12) (6 cores per cpu, 2 threads per core) family 6 model 165 stepping 5 microcode 0xe2, cx8, cmov, fxsr, ht, mmx, 3dnowpref, sse, sse2, sse3, ssse3, sse4.1, sse4.2, popcnt, lzcnt, tsc, tscinvbit, avx, avx2, aes, erms, clmul, bmi1, bmi2, adx, fma, vzeroupper, clflush, clflushopt, rdtscp, f16c, pku
Processor Information for the first 12 processors :
  Max Mhz: 2901, Current Mhz: 2901, Mhz Limit: 2901

Memory: 4k page, system-wide physical 16303M (8395M free)
TotalPageFile size 18607M (AvailPageFile size 5404M)
current process WorkingSet (physical memory assigned to process): 370M, peak: 370M
current process commit charge ("private bytes"): 902M, peak: 902M

vm_info: OpenJDK 64-Bit Server VM (24+36-3646) for windows-amd64 JRE (24+36-3646), built on 2025-02-06T00:20:43Z with MS VC++ 17.6 (VS2022)

END.
