#
# A fatal error has been detected by the Java Runtime Environment:
#
#  EXCEPTION_ACCESS_VIOLATION (0xc0000005) at pc=0x00007ffbbc228026, pid=7860, tid=12116
#
# JRE version: OpenJDK Runtime Environment (24.0+36) (build 24+36-3646)
# Java VM: OpenJDK 64-Bit Server VM (24+36-3646, mixed mode, sharing, tiered, compressed oops, compressed class ptrs, g1 gc, windows-amd64)
# Problematic frame:
# C  [d3d9.dll+0x118026]
#
# No core dump will be written. Minidumps are not enabled by default on client versions of Windows
#
# If you would like to submit a bug report, please visit:
#   https://bugreport.java.com/bugreport/crash.jsp
# The crash happened outside the Java Virtual Machine in native code.
# See problematic frame for where to report the bug.
#

---------------  S U M M A R Y ------------

Command Line: -javaagent:C:\Program Files\JetBrains\IntelliJ IDEA Community Edition 2024.3.5\lib\idea_rt.jar=50678 -Dfile.encoding=UTF-8 -Dsun.stdout.encoding=UTF-8 -Dsun.stderr.encoding=UTF-8 --module-path=C:\Users\Administrator\.m2\repository\org\openjfx\javafx-fxml\17.0.6\javafx-fxml-17.0.6-win.jar;C:\Users\Administrator\.m2\repository\org\openjfx\javafx-graphics\17.0.6\javafx-graphics-17.0.6-win.jar;C:\Users\Administrator\IdeaProjects\ProyectoBanco\target\classes;C:\Users\Administrator\.m2\repository\org\openjfx\javafx-base\17.0.6\javafx-base-17.0.6-win.jar;C:\Users\Administrator\.m2\repository\org\openjfx\javafx-controls\17.0.6\javafx-controls-17.0.6-win.jar -Djdk.module.main=SistemaTicketsBanco SistemaTicketsBanco/cliente.Cliente

Host: Intel(R) Core(TM) i5-10400 CPU @ 2.90GHz, 12 cores, 15G,  Windows 10 , 64 bit Build 19041 (10.0.19041.3393)
Time: Tue May 13 12:40:28 2025 Central America Standard Time elapsed time: 3.979252 seconds (0d 0h 0m 3s)

---------------  T H R E A D  ---------------

Current thread (0x0000026887d61e10):  JavaThread "QuantumRenderer-0" daemon [_thread_in_native, id=12116, stack(0x000000bf5b600000,0x000000bf5b700000) (1024K)]

Stack: [0x000000bf5b600000,0x000000bf5b700000],  sp=0x000000bf5b6febb0,  free space=1018k
Native frames: (J=compiled Java code, j=interpreted, Vv=VM code, C=native code)
C  [d3d9.dll+0x118026]  (no source info available)
C  0x000002689b5b4818  (no source info available)
C  0x000002689b5b4379  (no source info available)
C  0x000002689b5d2fef  (no source info available)
C  [prism_d3d.dll+0x42fa]  (no source info available)
C  0x0000026831e5ce20  (no source info available)

The last pc belongs to native method entry point (kind = native) (printed below).
Java frames: (J=compiled Java code, j=interpreted, Vv=VM code)
j  com.sun.prism.d3d.D3DSwapChain.nPresent(JJ)I+0 javafx.graphics
j  com.sun.prism.d3d.D3DSwapChain.present()Z+25 javafx.graphics
j  com.sun.javafx.tk.quantum.PresentingPainter.run()V+451 javafx.graphics
j  java.util.concurrent.Executors$RunnableAdapter.call()Ljava/lang/Object;+4 java.base@24
j  java.util.concurrent.FutureTask.runAndReset()Z+44 java.base@24
j  com.sun.javafx.tk.RenderJob.run()V+1 javafx.graphics
j  java.util.concurrent.ThreadPoolExecutor.runWorker(Ljava/util/concurrent/ThreadPoolExecutor$Worker;)V+92 java.base@24
j  java.util.concurrent.ThreadPoolExecutor$Worker.run()V+5 java.base@24
j  com.sun.javafx.tk.quantum.QuantumRenderer$PipelineRunnable.run()V+8 javafx.graphics
j  java.lang.Thread.runWith(Ljava/lang/Object;Ljava/lang/Runnable;)V+5 java.base@24
j  java.lang.Thread.run()V+19 java.base@24
v  ~StubRoutines::call_stub 0x0000026831e50fcd

siginfo: EXCEPTION_ACCESS_VIOLATION (0xc0000005), reading address 0x00000268000101f4


Registers:
RAX=0x00000268000100e4, RBX=0x00000268883b2a60, RCX=0x0000026888930f38, RDX=0x00000268883b2a68
RSP=0x000000bf5b6febb0, RBP=0x000000bf5b6fef90, RSI=0x0000000000000000, RDI=0x0000026888930f38
R8 =0x0000000000000000, R9 =0x000000007ffef000, R10=0x00000000546c6148, R11=0xfffffffffa06ede8
R12=0x0000000000000000, R13=0x0000026883d2ec58, R14=0x0000000000000000, R15=0x0000000000000000
RIP=0x00007ffbbc228026, EFLAGS=0x0000000000010202

XMM[0]=0x0000000000000000 0x000000003b53572b
XMM[1]=0x0000000000000000 0x000000004b189680
XMM[2]=0x0000000000000000 0x000000003b53572b
XMM[3]=0x0000000000000000 0x0000000000000000
XMM[4]=0x0000000000000000 0x0000000000000000
XMM[5]=0x0000000000000000 0x0000000000000000
XMM[6]=0x0000000000000000 0x000000003d6c0000
XMM[7]=0x0000000000000000 0x000000003c880000
XMM[8]=0x0000000000000000 0xa0a5ba4eeec2060f
XMM[9]=0x0000000000000000 0x77037f1fa202d4a6
XMM[10]=0x0000000000000000 0x000000002aff5587
XMM[11]=0x0000000000000000 0xc35ac0db655d9581
XMM[12]=0x0000000000000000 0x00000000a202d4a6
XMM[13]=0x0000000000000000 0x0000000000000000
XMM[14]=0x0000000000000000 0x0000000000000000
XMM[15]=0x0000000000000000 0x0000000000000000
  MXCSR=0x00001fa0


Register to memory mapping:

RAX=0x00000268000100e4 is an unknown value
RBX=0x00000268883b2a60 points into unknown readable memory: 0x00000268883b7050 | 50 70 3b 88 68 02 00 00
RCX=0x0000026888930f38 points into unknown readable memory: 0x00000268000100e4 | e4 00 01 00 68 02 00 00
RDX=0x00000268883b2a68 points into unknown readable memory: 0x0000000000000000 | 00 00 00 00 00 00 00 00
RSP=0x000000bf5b6febb0 is pointing into the stack for thread: 0x0000026887d61e10
RBP=0x000000bf5b6fef90 is pointing into the stack for thread: 0x0000026887d61e10
RSI=0x0 is null
RDI=0x0000026888930f38 points into unknown readable memory: 0x00000268000100e4 | e4 00 01 00 68 02 00 00
R8 =0x0 is null
R9 =0x000000007ffef000 points into unknown readable memory: 0x00000000546c6148 | 48 61 6c 54 00 00 00 00
R10=0x00000000546c6148 is an unknown value
R11=0xfffffffffa06ede8 is an unknown value
R12=0x0 is null
R13={method} {0x0000026883d2ec60} 'nPresent' '(JJ)I' in 'com/sun/prism/d3d/D3DSwapChain'
R14=0x0 is null
R15=0x0 is null

Top of Stack: (sp=0x000000bf5b6febb0)
0x000000bf5b6febb0:   0000026883d2ec58 0000000000000000   X...h...........
0x000000bf5b6febc0:   0000c596cbfb0c70 0000000000000000   p...............
0x000000bf5b6febd0:   00000268883b2a68 0000000000000000   h*;.h...........
0x000000bf5b6febe0:   000000003c880000 0000000100000001   ...<............
0x000000bf5b6febf0:   0000026888895078 000002689b5a56b4   xP..h....VZ.h...
0x000000bf5b6fec00:   00000268a358f490 0000000000000000   ..X.h...........
0x000000bf5b6fec10:   0000026883d2ec58 0000000000000000   X...h...........
0x000000bf5b6fec20:   0000000000001910 000002689b613df5   .........=a.h...
0x000000bf5b6fec30:   0000000bc7f789f8 00000d1c7afec99d   ...........z....
0x000000bf5b6fec40:   0000000000000000 0000026888895078   ........xP..h...
0x000000bf5b6fec50:   0000000000000000 000002689b5b4818   .........H[.h...
0x000000bf5b6fec60:   0000000000001910 fffffffff79b60ac   .........`......
0x000000bf5b6fec70:   0000000000000004 0000000000001910   ................
0x000000bf5b6fec80:   0000000000000024 00000268883b2a68   $.......h*;.h...
0x000000bf5b6fec90:   0000026888895078 000002689b5b4379   xP..h...yC[.h...
0x000000bf5b6feca0:   0000000000002f54 0000026888895078   T/......xP..h...
0x000000bf5b6fecb0:   000000bf5b6fef90 0000000000000000   ..o[............
0x000000bf5b6fecc0:   0000000000000004 00000268883b2a60   ........`*;.h...
0x000000bf5b6fecd0:   0000000000000000 00000268883b6d40   ........@m;.h...
0x000000bf5b6fece0:   0000026888401320 00007ffbbc138734    .@.h...4.......
0x000000bf5b6fecf0:   0000c596cbfb0f40 000000070e05afa0   @...............
0x000000bf5b6fed00:   0000026888895078 000002689b5d2fef   xP..h..../].h...
0x000000bf5b6fed10:   0000000000002f54 0000000000000000   T/..............
0x000000bf5b6fed20:   000000bf5b6fef90 0000000000000000   ..o[............
0x000000bf5b6fed30:   0000000000000000 0000026800000000   ............h...
0x000000bf5b6fed40:   0000000000000000 0000000000000000   ................
0x000000bf5b6fed50:   000002688838f080 fffffffffffffffe   ..8.h...........
0x000000bf5b6fed60:   00000268883b2a68 00007ffb00000000   h*;.h...........
0x000000bf5b6fed70:   0000000000000004 0000000000000001   ................
0x000000bf5b6fed80:   000000070e288060 000000070e26aaa0   `.(.......&.....
0x000000bf5b6fed90:   00000268880473b0 0000000000000001   .s..h...........
0x000000bf5b6feda0:   0000000000000314 00007ffbea3735ec   .........57.....

Instructions: (pc=0x00007ffbbc228026)
  0x00007ffbbc227f26:   cc cc cc cc cc cc cc cc cc cc 48 8b c4 56 57 41
  0x00007ffbbc227f36:   56 48 81 ec 90 00 00 00 48 c7 40 90 fe ff ff ff
  0x00007ffbbc227f46:   48 89 58 20 48 8b 05 37 b5 09 00 48 33 c4 48 89
  0x00007ffbbc227f56:   84 24 88 00 00 00 49 8b f8 8b f2 48 8b d9 48 8b
  0x00007ffbbc227f66:   c1 48 83 c1 08 48 f7 d8 48 1b d2 48 23 d1 45 33
  0x00007ffbbc227f76:   c0 48 8d 4c 24 20 e8 83 7b ef ff 90 8b 43 4c 83
  0x00007ffbbc227f86:   e0 02 84 c0 74 14 48 8d 4c 24 20 e8 a6 7a ef ff
  0x00007ffbbc227f96:   b8 6c 08 76 88 e9 da 02 00 00 85 f6 75 38 48 85
  0x00007ffbbc227fa6:   ff 75 33 41 b9 ce 07 00 00 4c 8d 05 0a ba 07 00
  0x00007ffbbc227fb6:   48 8d 15 d3 c0 07 00 b9 ef be ad de e8 45 e7 ef
  0x00007ffbbc227fc6:   ff 90 48 8d 4c 24 20 e8 6a 7a ef ff b8 6c 08 76
  0x00007ffbbc227fd6:   88 e9 9e 02 00 00 3b b3 a0 02 00 00 72 33 41 b9
  0x00007ffbbc227fe6:   d3 07 00 00 4c 8d 05 cf b9 07 00 48 8d 15 70 c0
  0x00007ffbbc227ff6:   07 00 b9 ef be ad de e8 0a e7 ef ff 90 48 8d 4c
  0x00007ffbbc228006:   24 20 e8 2f 7a ef ff b8 6c 08 76 88 e9 63 02 00
  0x00007ffbbc228016:   00 48 85 ff 0f 84 6d 01 00 00 48 8b 07 48 8b cf
=>0x00007ffbbc228026:   48 8b 80 10 01 00 00 ff 15 f5 fd 03 00 48 3b c3
  0x00007ffbbc228036:   74 33 41 b9 e0 07 00 00 4c 8d 05 7b b9 07 00 48
  0x00007ffbbc228046:   8d 15 74 c0 07 00 b9 ef be ad de e8 b6 e6 ef ff
  0x00007ffbbc228056:   90 48 8d 4c 24 20 e8 db 79 ef ff b8 6c 08 76 88
  0x00007ffbbc228066:   e9 0f 02 00 00 48 8b 07 48 8d 54 24 68 48 8b cf
  0x00007ffbbc228076:   48 8b 80 f0 00 00 00 ff 15 a5 fd 03 00 41 be 01
  0x00007ffbbc228086:   00 00 00 44 84 74 24 70 75 6f 41 b9 e8 07 00 00
  0x00007ffbbc228096:   4c 8d 05 23 b9 07 00 48 8d 15 14 b5 07 00 b9 ef
  0x00007ffbbc2280a6:   be ad de e8 5e e6 ef ff 41 b9 e9 07 00 00 4c 8d
  0x00007ffbbc2280b6:   05 05 b9 07 00 48 8d 15 ae b4 07 00 b9 ef be ad
  0x00007ffbbc2280c6:   de e8 40 e6 ef ff 41 b9 ea 07 00 00 4c 8d 05 e7
  0x00007ffbbc2280d6:   b8 07 00 48 8d 15 a8 c0 07 00 b9 ef be ad de e8
  0x00007ffbbc2280e6:   22 e6 ef ff 90 48 8d 4c 24 20 e8 47 79 ef ff b8
  0x00007ffbbc2280f6:   6c 08 76 88 e9 7b 01 00 00 f6 44 24 70 20 74 33
  0x00007ffbbc228106:   41 b9 f0 07 00 00 4c 8d 05 ad b8 07 00 48 8d 15
  0x00007ffbbc228116:   f6 bf 07 00 b9 ef be ad de e8 e8 e5 ef ff 90 48


Stack slot to memory mapping:

stack at sp + 0 slots: {method} {0x0000026883d2ec60} 'nPresent' '(JJ)I' in 'com/sun/prism/d3d/D3DSwapChain'
stack at sp + 1 slots: 0x0 is null
stack at sp + 2 slots: 0x0000c596cbfb0c70 is an unknown value
stack at sp + 3 slots: 0x0 is null
stack at sp + 4 slots: 0x00000268883b2a68 points into unknown readable memory: 0x0000000000000000 | 00 00 00 00 00 00 00 00
stack at sp + 5 slots: 0x0 is null
stack at sp + 6 slots: 0x000000003c880000 is an unknown value
stack at sp + 7 slots: 0x0000000100000001 is an unknown value

Lock stack of current Java thread (top to bottom):

native method entry point (kind = native)  [0x0000026831e5ca40, 0x0000026831e5d478]  2616 bytes
[MachCode]
  0x0000026831e5ca40: 488b 4b08 | 0fb7 492e | 584c 8d74 | ccf8 6800 | 0000 0068 | 0000 0000 | 5055 488b | ec41 5568 
  0x0000026831e5ca60: 0000 0000 | 4c8b 6b08 | 4d8d 6d38 | 5348 8b53 | 0848 8b52 | 0848 8b52 | 1848 8b52 | 7048 8b12 
  0x0000026831e5ca80: 5248 8b53 | 1048 85d2 | 0f84 0700 | 0000 4881 | c208 0100 | 0052 488b | 5308 488b | 5208 488b 
  0x0000026831e5caa0: 5210 5249 | 8bc6 482b | c548 c1e8 | 0350 6800 | 0000 0068 | f7ff ffff | 41c6 8771 | 0400 0001 
  0x0000026831e5cac0: 488b 4310 | 4885 c074 | 208b 88cc | 0000 0083 | c102 8988 | cc00 0000 | 2388 e000 | 0000 0f84 
  0x0000026831e5cae0: e408 0000 | e9cd 0000 | 0048 8b43 | 1848 85c0 | 0f85 b000 | 0000 e805 | 0000 00e9 | 9900 0000 
  0x0000026831e5cb00: 488b d348 | 8d44 2408 | 4c89 6dc0 | 498b cfc5 | f877 4989 | afb8 0300 | 0049 8987 | a803 0000 
  0x0000026831e5cb20: 4883 ec20 | 40f6 c40f | 0f84 1900 | 0000 4883 | ec08 48b8 | 0031 dfb6 | fb7f 0000 | ffd0 4883 
  0x0000026831e5cb40: c408 e90c | 0000 0048 | b800 31df | b6fb 7f00 | 00ff d048 | 83c4 2049 | c787 a803 | 0000 0000 
  0x0000026831e5cb60: 0000 49c7 | 87b8 0300 | 0000 0000 | 0049 c787 | b003 0000 | 0000 0000 | c5f8 7749 | 837f 0800 
  0x0000026831e5cb80: 0f84 0500 | 0000 e935 | 43ff ff4c | 8b6d c04c | 8b75 c84e | 8d74 f500 | c348 8b43 | 1848 85c0 
  0x0000026831e5cba0: 0f84 1000 | 0000 8b08 | 83c1 0289 | 0823 4814 | 0f84 1208 | 0000 493b | a7f0 0400 | 000f 8748 
  0x0000026831e5cbc0: 0000 0089 | 8424 00f0 | ffff 8984 | 2400 e0ff | ff89 8424 | 00d0 ffff | 8984 2400 | c0ff ff89 
  0x0000026831e5cbe0: 8424 00b0 | ffff 8984 | 2400 a0ff | ff89 8424 | 0090 ffff | 8984 2400 | 80ff ff49 | 3ba7 e804 
  0x0000026831e5cc00: 0000 7607 | 4989 a7f0 | 0400 0041 | c687 7104 | 0000 0048 | 8b5d e84c | 8b5b 0845 | 0fb7 5b2e 
  0x0000026831e5cc20: 41c1 e303 | 492b e348 | 83ec 2048 | 83e4 f04c | 8b5b 604d | 85db 0f85 | ab00 0000 | e805 0000 
  0x0000026831e5cc40: 00e9 9900 | 0000 488b | d348 8d44 | 2408 4c89 | 6dc0 498b | cfc5 f877 | 4989 afb8 | 0300 0049 
  0x0000026831e5cc60: 8987 a803 | 0000 4883 | ec20 40f6 | c40f 0f84 | 1900 0000 | 4883 ec08 | 48b8 405b | dfb6 fb7f 
  0x0000026831e5cc80: 0000 ffd0 | 4883 c408 | e90c 0000 | 0048 b840 | 5bdf b6fb | 7f00 00ff | d048 83c4 | 2049 c787 
  0x0000026831e5cca0: a803 0000 | 0000 0000 | 49c7 87b8 | 0300 0000 | 0000 0049 | c787 b003 | 0000 0000 | 0000 c5f8 
  0x0000026831e5ccc0: 7749 837f | 0800 0f84 | 0500 0000 | e9ef 41ff | ff4c 8b6d | c04c 8b75 | c84e 8d74 | f500 c348 
  0x0000026831e5cce0: 8b5d e84c | 8b5b 6041 | ffd3 488b | 5de8 4889 | 4518 448b | 5b28 41f6 | c308 0f84 | 1b00 0000 
  0x0000026831e5cd00: 4c8b 5b08 | 4d8b 5b08 | 4d8b 5b18 | 4d8b 5b70 | 4d8b 1b4c | 895d 1048 | 8d55 1048 | 8b43 5849 
  0x0000026831e5cd20: bad0 7118 | b7fb 7f00 | 0049 3bc2 | 0f85 ab00 | 0000 e805 | 0000 00e9 | 9900 0000 | 488b d348 
  0x0000026831e5cd40: 8d44 2408 | 4c89 6dc0 | 498b cfc5 | f877 4989 | afb8 0300 | 0049 8987 | a803 0000 | 4883 ec20 
  0x0000026831e5cd60: 40f6 c40f | 0f84 1900 | 0000 4883 | ec08 48b8 | 405b dfb6 | fb7f 0000 | ffd0 4883 | c408 e90c 
  0x0000026831e5cd80: 0000 0048 | b840 5bdf | b6fb 7f00 | 00ff d048 | 83c4 2049 | c787 a803 | 0000 0000 | 0000 49c7 
  0x0000026831e5cda0: 87b8 0300 | 0000 0000 | 0049 c787 | b003 0000 | 0000 0000 | c5f8 7749 | 837f 0800 | 0f84 0500 
  0x0000026831e5cdc0: 0000 e9f9 | 40ff ff4c | 8b6d c04c | 8b75 c84e | 8d74 f500 | c348 8b5d | e848 8b43 | 5849 8d8f 
  0x0000026831e5cde0: c803 0000 | 4c8d 15d5 | 0000 004d | 8997 b003 | 0000 c5f8 | 7749 89af | b803 0000 | 4989 a7a8 
  0x0000026831e5ce00: 0300 0041 | c787 5404 | 0000 0400 | 0000 493b | a748 0500 | 0076 0749 | 89a7 4805 | 0000 ffd0 
  0x0000026831e5ce20: 493b a748 | 0500 0072 | 0b49 c787 | 4805 0000 | 0000 0000 | c5f8 7748 | 83ec 10c5 | fb11 0424 
  0x0000026831e5ce40: 4883 ec10 | 4889 0424 | 48c7 4424 | 0800 0000 | 0041 c787 | 5404 0000 | 0500 0000 | f083 4424 
  0x0000026831e5ce60: c000 493b | 6f28 0f87 | 0e00 0000 | 4183 bf50 | 0400 0000 | 0f84 2000 | 0000 498b | cf4c 8be4 
  0x0000026831e5ce80: 4883 ec20 | 4883 e4f0 | 48b8 c0ba | e0b6 fb7f | 0000 ffd0 | 498b e44d | 33e4 41c7 | 8754 0400 
  0x0000026831e5cea0: 0008 0000 | 004d 8b97 | 7005 0000 | 4983 fa00 | 7435 49c7 | 8770 0500 | 0000 0000 | 0041 ffe2 
  0x0000026831e5cec0: 49ba 00bb | e531 6802 | 0000 41ff | d248 83ec | 10c5 fb11 | 0424 4883 | ec10 4889 | 0424 48c7 
  0x0000026831e5cee0: 4424 0800 | 0000 0049 | c787 a803 | 0000 0000 | 0000 49c7 | 87b8 0300 | 0000 0000 | 0049 c787 
  0x0000026831e5cf00: b003 0000 | 0000 0000 | c5f8 774d | 8b9f 3804 | 0000 41c7 | 8300 0100 | 0000 0000 | 0049 bb3a 
  0x0000026831e5cf20: a4e5 3168 | 0200 004c | 3b5d 180f | 8555 0100 | 0048 8b04 | 2448 83c4 | 1048 85c0 | 0f84 2f01 
  0x0000026831e5cf40: 0000 a803 | 0f85 0800 | 0000 488b | 00e9 1f01 | 0000 a801 | 0f85 0900 | 0000 488b | 40fe e90e 
  0x0000026831e5cf60: 0100 0048 | 8b40 ff41 | 807f 4800 | 0f84 ff00 | 0000 4883 | f800 0f84 | f500 0000 | 4d8b 5f38 
  0x0000026831e5cf80: 4d85 db0f | 8414 0000 | 0049 83eb | 084d 895f | 384d 035f | 4049 8903 | e9d4 0000 | 0048 83ec 
  0x0000026831e5cfa0: 7048 8904 | 2448 894c | 2408 4889 | 5424 104c | 8944 2418 | 4c89 4c24 | 204c 8954 | 2428 4c89 
  0x0000026831e5cfc0: 5c24 30c5 | fb11 4424 | 40c5 fb11 | 4c24 48c5 | fb11 5424 | 50c5 fb11 | 5c24 58c5 | fb11 6424 
  0x0000026831e5cfe0: 60c5 fb11 | 6c24 6849 | 8bd7 488b | c848 83ec | 2040 f6c4 | 0f0f 8419 | 0000 0048 | 83ec 0848 
  0x0000026831e5d000: b830 4ad3 | b6fb 7f00 | 00ff d048 | 83c4 08e9 | 0c00 0000 | 48b8 304a | d3b6 fb7f | 0000 ffd0 
  0x0000026831e5d020: 4883 c420 | c5fb 106c | 2468 c5fb | 1064 2460 | c5fb 105c | 2458 c5fb | 1054 2450 | c5fb 104c 
  0x0000026831e5d040: 2448 c5fb | 1044 2440 | 4c8b 5c24 | 304c 8b54 | 2428 4c8b | 4c24 204c | 8b44 2418 | 488b 5424 
  0x0000026831e5d060: 1048 8b4c | 2408 488b | 0424 4883 | c470 c5f8 | 7748 8945 | 1048 83ec | 1048 8904 | 2448 c744 
  0x0000026831e5d080: 2408 0000 | 0000 4183 | bfd0 0400 | 0002 0f85 | bf00 0000 | 4881 ec80 | 0000 0048 | 8944 2478 
  0x0000026831e5d0a0: 4889 4c24 | 7048 8954 | 2468 4889 | 5c24 6048 | 896c 2450 | 4889 7424 | 4848 897c | 2440 4c89 
  0x0000026831e5d0c0: 4424 384c | 894c 2430 | 4c89 5424 | 284c 895c | 2420 4c89 | 6424 184c | 896c 2410 | 4c89 7424 
  0x0000026831e5d0e0: 084c 893c | 244c 8be4 | 4883 ec20 | 4883 e4f0 | 48b8 6058 | 18b7 fb7f | 0000 ffd0 | 498b e44c 
  0x0000026831e5d100: 8b3c 244c | 8b74 2408 | 4c8b 6c24 | 104c 8b64 | 2418 4c8b | 5c24 204c | 8b54 2428 | 4c8b 4c24 
  0x0000026831e5d120: 304c 8b44 | 2438 488b | 7c24 4048 | 8b74 2448 | 488b 6c24 | 5048 8b5c | 2460 488b | 5424 6848 
  0x0000026831e5d140: 8b4c 2470 | 488b 4424 | 7848 81c4 | 8000 0000 | 4d33 e448 | 8b5d e84c | 8b6b 084d | 8d6d 3849 
  0x0000026831e5d160: 837f 0800 | 0f84 bb00 | 0000 e805 | 0000 00e9 | 9600 0000 | 488d 4424 | 084c 896d | c049 8bcf 
  0x0000026831e5d180: c5f8 7749 | 89af b803 | 0000 4989 | 87a8 0300 | 0048 83ec | 2040 f6c4 | 0f0f 8419 | 0000 0048 
  0x0000026831e5d1a0: 83ec 0848 | b8e0 79df | b6fb 7f00 | 00ff d048 | 83c4 08e9 | 0c00 0000 | 48b8 e079 | dfb6 fb7f 
  0x0000026831e5d1c0: 0000 ffd0 | 4883 c420 | 49c7 87a8 | 0300 0000 | 0000 0049 | c787 b803 | 0000 0000 | 0000 49c7 
  0x0000026831e5d1e0: 87b0 0300 | 0000 0000 | 00c5 f877 | 4983 7f08 | 000f 8405 | 0000 00e9 | c43c ffff | 4c8b 6dc0 
  0x0000026831e5d200: 4c8b 75c8 | 4e8d 74f5 | 00c3 48b9 | f8eb 3eb7 | fb7f 0000 | 4883 e4f0 | 48b8 b0a9 | 05b7 fb7f 
  0x0000026831e5d220: 0000 ffd0 | f444 8b5b | 2841 f6c3 | 200f 8472 | 0100 0048 | 8d55 a84c | 8b5a 084d | 85db 0f85 
  0x0000026831e5d240: bb00 0000 | e805 0000 | 00e9 9600 | 0000 488d | 4424 084c | 896d c049 | 8bcf c5f8 | 7749 89af 
  0x0000026831e5d260: b803 0000 | 4989 87a8 | 0300 0048 | 83ec 2040 | f6c4 0f0f | 8419 0000 | 0048 83ec | 0848 b810 
  0x0000026831e5d280: 79df b6fb | 7f00 00ff | d048 83c4 | 08e9 0c00 | 0000 48b8 | 1079 dfb6 | fb7f 0000 | ffd0 4883 
  0x0000026831e5d2a0: c420 49c7 | 87a8 0300 | 0000 0000 | 0049 c787 | b803 0000 | 0000 0000 | 49c7 87b0 | 0300 0000 
  0x0000026831e5d2c0: 0000 00c5 | f877 4983 | 7f08 000f | 8405 0000 | 00e9 ea3b | ffff 4c8b | 6dc0 4c8b | 75c8 4e8d 
  0x0000026831e5d2e0: 74f5 00c3 | 48b9 f8eb | 3eb7 fb7f | 0000 4883 | e4f0 48b8 | b0a9 05b7 | fb7f 0000 | ffd0 f44c 
  0x0000026831e5d300: 896d c04c | 8b4a 0848 | c742 0800 | 0000 0045 | 8b87 5806 | 0000 4f3b | 4c07 f80f | 8542 0000 
  0x0000026831e5d320: 0041 83af | 5806 0000 | 084f 3b4c | 07f0 0f84 | 2a00 0000 | 498b 01a8 | 020f 8512 | 0000 004c 
  0x0000026831e5d340: 8bc0 4983 | c801 f04d | 0fb1 010f | 840d 0000 | 0041 8387 | 5806 0000 | 08e9 0500 | 0000 e93e 
  0x0000026831e5d360: 0000 004c | 894a 0848 | 8bca 4883 | ec20 40f6 | c40f 0f84 | 1900 0000 | 4883 ec08 | 48b8 304b 
  0x0000026831e5d380: dfb6 fb7f | 0000 ffd0 | 4883 c408 | e90c 0000 | 0048 b830 | 4bdf b6fb | 7f00 00ff | d048 83c4 
  0x0000026831e5d3a0: 204c 8b6d | c048 8b04 | 2448 83c4 | 10c5 fb10 | 0424 4883 | c410 4c8b | 5d18 41ff | d34c 8b5d 
  0x0000026831e5d3c0: f8c9 5f49 | 8be3 ffe7 | ba00 0000 | 00e8 0500 | 0000 e996 | 0000 0048 | 8d44 2408 | 4c89 6dc0 
  0x0000026831e5d3e0: 498b cfc5 | f877 4989 | afb8 0300 | 0049 8987 | a803 0000 | 4883 ec20 | 40f6 c40f | 0f84 1900 
  0x0000026831e5d400: 0000 4883 | ec08 48b8 | d03f dfb6 | fb7f 0000 | ffd0 4883 | c408 e90c | 0000 0048 | b8d0 3fdf 
  0x0000026831e5d420: b6fb 7f00 | 00ff d048 | 83c4 2049 | c787 a803 | 0000 0000 | 0000 49c7 | 87b8 0300 | 0000 0000 
  0x0000026831e5d440: 0049 c787 | b003 0000 | 0000 0000 | c5f8 7749 | 837f 0800 | 0f84 0500 | 0000 e961 | 3aff ff4c 
  0x0000026831e5d460: 8b6d c04c | 8b75 c84e | 8d74 f500 | c348 8b5d | e8e9 40f7 | ffff 6690 
[/MachCode]

---------------  P R O C E S S  ---------------

Threads class SMR info:
_java_thread_list=0x000002688868b060, length=20, elements={
0x000002681fe402a0, 0x00000268415e3e60, 0x00000268415e56b0, 0x00000268415e6730,
0x00000268415e9270, 0x00000268415e9da0, 0x00000268415f4930, 0x00000268415f61c0,
0x0000026841604630, 0x00000268870947d0, 0x00000268871f3ca0, 0x00000268878eef50,
0x0000026887d61e10, 0x0000026887fe3210, 0x0000026888017300, 0x000002688844c620,
0x00000268884de9a0, 0x0000026888a6be10, 0x0000026888a69980, 0x0000026888a6a820
}

Java Threads: ( => current thread )
  0x000002681fe402a0 JavaThread "main"                              [_thread_blocked, id=2580, stack(0x000000bf5a100000,0x000000bf5a200000) (1024K)]
  0x00000268415e3e60 JavaThread "Reference Handler"          daemon [_thread_blocked, id=1436, stack(0x000000bf5a900000,0x000000bf5aa00000) (1024K)]
  0x00000268415e56b0 JavaThread "Finalizer"                  daemon [_thread_blocked, id=11184, stack(0x000000bf5aa00000,0x000000bf5ab00000) (1024K)]
  0x00000268415e6730 JavaThread "Signal Dispatcher"          daemon [_thread_blocked, id=10228, stack(0x000000bf5ab00000,0x000000bf5ac00000) (1024K)]
  0x00000268415e9270 JavaThread "Attach Listener"            daemon [_thread_blocked, id=5924, stack(0x000000bf5ac00000,0x000000bf5ad00000) (1024K)]
  0x00000268415e9da0 JavaThread "Service Thread"             daemon [_thread_blocked, id=3784, stack(0x000000bf5ad00000,0x000000bf5ae00000) (1024K)]
  0x00000268415f4930 JavaThread "Monitor Deflation Thread"   daemon [_thread_blocked, id=10648, stack(0x000000bf5ae00000,0x000000bf5af00000) (1024K)]
  0x00000268415f61c0 JavaThread "C2 CompilerThread0"         daemon [_thread_blocked, id=6704, stack(0x000000bf5af00000,0x000000bf5b000000) (1024K)]
  0x0000026841604630 JavaThread "C1 CompilerThread0"         daemon [_thread_blocked, id=9892, stack(0x000000bf5b000000,0x000000bf5b100000) (1024K)]
  0x00000268870947d0 JavaThread "Common-Cleaner"             daemon [_thread_blocked, id=8512, stack(0x000000bf5b100000,0x000000bf5b200000) (1024K)]
  0x00000268871f3ca0 JavaThread "Monitor Ctrl-Break"         daemon [_thread_in_native, id=7652, stack(0x000000bf5b400000,0x000000bf5b500000) (1024K)]
  0x00000268878eef50 JavaThread "Notification Thread"        daemon [_thread_blocked, id=3640, stack(0x000000bf5b500000,0x000000bf5b600000) (1024K)]
=>0x0000026887d61e10 JavaThread "QuantumRenderer-0"          daemon [_thread_in_native, id=12116, stack(0x000000bf5b600000,0x000000bf5b700000) (1024K)]
  0x0000026887fe3210 JavaThread "InvokeLaterDispatcher"      daemon [_thread_blocked, id=11408, stack(0x000000bf5b200000,0x000000bf5b300000) (1024K)]
  0x0000026888017300 JavaThread "JavaFX Application Thread"         [_thread_blocked, id=10400, stack(0x000000bf5b300000,0x000000bf5b400000) (1024K)]
  0x000002688844c620 JavaThread "JavaFX-Launcher"                   [_thread_blocked, id=5220, stack(0x000000bf5ba00000,0x000000bf5bb00000) (1024K)]
  0x00000268884de9a0 JavaThread "Thread-2"                   daemon [_thread_in_native, id=7180, stack(0x000000bf5b900000,0x000000bf5ba00000) (1024K)]
  0x0000026888a6be10 JavaThread "Prism Font Disposer"        daemon [_thread_blocked, id=6260, stack(0x000000bf5bb00000,0x000000bf5bc00000) (1024K)]
  0x0000026888a69980 JavaThread "Timer-0"                           [_thread_blocked, id=2628, stack(0x000000bf5c500000,0x000000bf5c600000) (1024K)]
  0x0000026888a6a820 JavaThread "Cleaner-0"                  daemon [_thread_blocked, id=9048, stack(0x000000bf5c600000,0x000000bf5c700000) (1024K)]
Total: 20

Other Threads:
  0x00000268415d3280 VMThread "VM Thread"                           [id=2940, stack(0x000000bf5a800000,0x000000bf5a900000) (1024K)]
  0x00000268415c5bc0 WatcherThread "VM Periodic Task Thread"        [id=2172, stack(0x000000bf5a700000,0x000000bf5a800000) (1024K)]
  0x00000268220d0e90 WorkerThread "GC Thread#0"                     [id=3492, stack(0x000000bf5a200000,0x000000bf5a300000) (1024K)]
  0x0000026888706c30 WorkerThread "GC Thread#1"                     [id=3412, stack(0x000000bf5bf00000,0x000000bf5c000000) (1024K)]
  0x00000268885a8890 WorkerThread "GC Thread#2"                     [id=10760, stack(0x000000bf5c000000,0x000000bf5c100000) (1024K)]
  0x00000268885a9050 WorkerThread "GC Thread#3"                     [id=2060, stack(0x000000bf5c100000,0x000000bf5c200000) (1024K)]
  0x00000268885a9c20 WorkerThread "GC Thread#4"                     [id=7004, stack(0x000000bf5c200000,0x000000bf5c300000) (1024K)]
  0x00000268885b10e0 WorkerThread "GC Thread#5"                     [id=10324, stack(0x000000bf5c300000,0x000000bf5c400000) (1024K)]
  0x00000268220e5ed0 ConcurrentGCThread "G1 Main Marker"            [id=10964, stack(0x000000bf5a300000,0x000000bf5a400000) (1024K)]
  0x00000268220e8590 WorkerThread "G1 Conc#0"                       [id=7608, stack(0x000000bf5a400000,0x000000bf5a500000) (1024K)]
  0x000002682213d060 ConcurrentGCThread "G1 Refine#0"               [id=10640, stack(0x000000bf5a500000,0x000000bf5a600000) (1024K)]
  0x000002682213dbe0 ConcurrentGCThread "G1 Service"                [id=2440, stack(0x000000bf5a600000,0x000000bf5a700000) (1024K)]
Total: 12

Threads with active compile tasks:
Total: 0

VM state: not at safepoint (normal execution)

VM Mutex/Monitor currently owned by a thread: None

Heap address: 0x0000000701400000, size: 4076 MB, Compressed Oops mode: Zero based, Oop shift amount: 3

CDS archive(s) mapped at: [0x0000026842000000-0x0000026842d40000-0x0000026842d40000), size 13893632, SharedBaseAddress: 0x0000026842000000, ArchiveRelocationMode: 1.
Compressed class space mapped at: 0x0000026843000000-0x0000026883000000, reserved size: 1073741824
UseCompressedClassPointers 1, UseCompactObjectHeaders 0
Narrow klass pointer bits 32, Max shift 3
Narrow klass base: 0x0000026842000000, Narrow klass shift: 0
Encoding Range: [0x0000026842000000 - 0x0000026942000000), (4294967296 bytes)
Klass Range:    [0x0000026842000000 - 0x0000026883000000), (1090519040 bytes)
Klass ID Range:  [8 - 1090519033) (1090519025)

GC Precious Log:
 CardTable entry size: 512
 Card Set container configuration: InlinePtr #cards 4 size 8 Array Of Cards #cards 16 size 48 Howl #buckets 8 coarsen threshold 3686 Howl Bitmap #cards 512 size 80 coarsen threshold 460 Card regions per heap region 1 cards per card region 4096
 CPUs: 12 total, 12 available
 Memory: 16303M
 Large Page Support: Disabled
 NUMA Support: Disabled
 Compressed Oops: Enabled (Zero based)
 Heap Region Size: 2M
 Heap Min Capacity: 8M
 Heap Initial Capacity: 256M
 Heap Max Capacity: 4076M
 Pre-touch: Disabled
 Parallel Workers: 10
 Concurrent Workers: 3
 Concurrent Refinement Workers: 10
 Periodic GC: Disabled

Heap:
 garbage-first heap   total reserved 4173824K, committed 264192K, used 130427K [0x0000000701400000, 0x0000000800000000)
  region size 2048K, 26 young (53248K), 3 survivors (6144K)
 Metaspace       used 15695K, committed 16000K, reserved 1114112K
  class space    used 2216K, committed 2368K, reserved 1048576K

Heap Regions: E=young(eden), S=young(survivor), O=old, HS=humongous(starts), HC=humongous(continues), CS=collection set, F=free, TAMS=top-at-mark-start, PB=parsable bottom
|   0|0x0000000701400000, 0x0000000701600000, 0x0000000701600000|100%|HS|  |TAMS 0x0000000701400000| PB 0x0000000701400000| Complete |  0
|   1|0x0000000701600000, 0x0000000701800000, 0x0000000701800000|100%|HC|  |TAMS 0x0000000701600000| PB 0x0000000701600000| Complete |  0
|   2|0x0000000701800000, 0x0000000701a00000, 0x0000000701a00000|100%|HC|  |TAMS 0x0000000701800000| PB 0x0000000701800000| Complete |  0
|   3|0x0000000701a00000, 0x0000000701c00000, 0x0000000701c00000|100%|HC|  |TAMS 0x0000000701a00000| PB 0x0000000701a00000| Complete |  0
|   4|0x0000000701c00000, 0x0000000701e00000, 0x0000000701e00000|100%|HC|  |TAMS 0x0000000701c00000| PB 0x0000000701c00000| Complete |  0
|   5|0x0000000701e00000, 0x0000000702000000, 0x0000000702000000|100%|HC|  |TAMS 0x0000000701e00000| PB 0x0000000701e00000| Complete |  0
|   6|0x0000000702000000, 0x0000000702200000, 0x0000000702200000|100%|HC|  |TAMS 0x0000000702000000| PB 0x0000000702000000| Complete |  0
|   7|0x0000000702200000, 0x0000000702400000, 0x0000000702400000|100%|HC|  |TAMS 0x0000000702200000| PB 0x0000000702200000| Complete |  0
|   8|0x0000000702400000, 0x0000000702600000, 0x0000000702600000|100%|HC|  |TAMS 0x0000000702400000| PB 0x0000000702400000| Complete |  0
|   9|0x0000000702600000, 0x0000000702800000, 0x0000000702800000|100%|HC|  |TAMS 0x0000000702600000| PB 0x0000000702600000| Complete |  0
|  10|0x0000000702800000, 0x0000000702a00000, 0x0000000702a00000|100%|HC|  |TAMS 0x0000000702800000| PB 0x0000000702800000| Complete |  0
|  11|0x0000000702a00000, 0x0000000702c00000, 0x0000000702c00000|100%|HC|  |TAMS 0x0000000702a00000| PB 0x0000000702a00000| Complete |  0
|  12|0x0000000702c00000, 0x0000000702e00000, 0x0000000702e00000|100%|HC|  |TAMS 0x0000000702c00000| PB 0x0000000702c00000| Complete |  0
|  13|0x0000000702e00000, 0x0000000703000000, 0x0000000703000000|100%|HC|  |TAMS 0x0000000702e00000| PB 0x0000000702e00000| Complete |  0
|  14|0x0000000703000000, 0x0000000703200000, 0x0000000703200000|100%|HC|  |TAMS 0x0000000703000000| PB 0x0000000703000000| Complete |  0
|  15|0x0000000703200000, 0x0000000703400000, 0x0000000703400000|100%|HC|  |TAMS 0x0000000703200000| PB 0x0000000703200000| Complete |  0
|  16|0x0000000703400000, 0x0000000703600000, 0x0000000703600000|100%|HC|  |TAMS 0x0000000703400000| PB 0x0000000703400000| Complete |  0
|  17|0x0000000703600000, 0x0000000703800000, 0x0000000703800000|100%|HC|  |TAMS 0x0000000703600000| PB 0x0000000703600000| Complete |  0
|  18|0x0000000703800000, 0x0000000703a00000, 0x0000000703a00000|100%|HC|  |TAMS 0x0000000703800000| PB 0x0000000703800000| Complete |  0
|  19|0x0000000703a00000, 0x0000000703c00000, 0x0000000703c00000|100%|HC|  |TAMS 0x0000000703a00000| PB 0x0000000703a00000| Complete |  0
|  20|0x0000000703c00000, 0x0000000703e00000, 0x0000000703e00000|100%|HC|  |TAMS 0x0000000703c00000| PB 0x0000000703c00000| Complete |  0
|  21|0x0000000703e00000, 0x0000000704000000, 0x0000000704000000|100%|HC|  |TAMS 0x0000000703e00000| PB 0x0000000703e00000| Complete |  0
|  22|0x0000000704000000, 0x0000000704200000, 0x0000000704200000|100%|HC|  |TAMS 0x0000000704000000| PB 0x0000000704000000| Complete |  0
|  23|0x0000000704200000, 0x0000000704400000, 0x0000000704400000|100%|HC|  |TAMS 0x0000000704200000| PB 0x0000000704200000| Complete |  0
|  24|0x0000000704400000, 0x0000000704600000, 0x0000000704600000|100%|HC|  |TAMS 0x0000000704400000| PB 0x0000000704400000| Complete |  0
|  25|0x0000000704600000, 0x0000000704800000, 0x0000000704800000|100%|HC|  |TAMS 0x0000000704600000| PB 0x0000000704600000| Complete |  0
|  26|0x0000000704800000, 0x0000000704a00000, 0x0000000704a00000|100%|HC|  |TAMS 0x0000000704800000| PB 0x0000000704800000| Complete |  0
|  27|0x0000000704a00000, 0x0000000704c00000, 0x0000000704c00000|100%|HC|  |TAMS 0x0000000704a00000| PB 0x0000000704a00000| Complete |  0
|  28|0x0000000704c00000, 0x0000000704e00000, 0x0000000704e00000|100%|HC|  |TAMS 0x0000000704c00000| PB 0x0000000704c00000| Complete |  0
|  29|0x0000000704e00000, 0x0000000705000000, 0x0000000705000000|100%|HC|  |TAMS 0x0000000704e00000| PB 0x0000000704e00000| Complete |  0
|  30|0x0000000705000000, 0x0000000705200000, 0x0000000705200000|100%|HC|  |TAMS 0x0000000705000000| PB 0x0000000705000000| Complete |  0
|  31|0x0000000705200000, 0x0000000705400000, 0x0000000705400000|100%|HC|  |TAMS 0x0000000705200000| PB 0x0000000705200000| Complete |  0
|  32|0x0000000705400000, 0x0000000705600000, 0x0000000705600000|100%|HC|  |TAMS 0x0000000705400000| PB 0x0000000705400000| Complete |  0
|  33|0x0000000705600000, 0x0000000705800000, 0x0000000705800000|100%|HC|  |TAMS 0x0000000705600000| PB 0x0000000705600000| Complete |  0
|  34|0x0000000705800000, 0x0000000705a00000, 0x0000000705a00000|100%|HC|  |TAMS 0x0000000705800000| PB 0x0000000705800000| Complete |  0
|  35|0x0000000705a00000, 0x0000000705c00000, 0x0000000705c00000|100%|HC|  |TAMS 0x0000000705a00000| PB 0x0000000705a00000| Complete |  0
|  36|0x0000000705c00000, 0x0000000705e00000, 0x0000000705e00000|100%|HC|  |TAMS 0x0000000705c00000| PB 0x0000000705c00000| Complete |  0
|  37|0x0000000705e00000, 0x0000000706000000, 0x0000000706000000|100%|HC|  |TAMS 0x0000000705e00000| PB 0x0000000705e00000| Complete |  0
|  38|0x0000000706000000, 0x0000000706200000, 0x0000000706200000|100%|HC|  |TAMS 0x0000000706000000| PB 0x0000000706000000| Complete |  0
|  39|0x0000000706200000, 0x0000000706400000, 0x0000000706400000|100%|HS|  |TAMS 0x0000000706200000| PB 0x0000000706200000| Complete |  0
|  40|0x0000000706400000, 0x0000000706400000, 0x0000000706600000|  0%| F|  |TAMS 0x0000000706400000| PB 0x0000000706400000| Untracked |  0
|  41|0x0000000706600000, 0x0000000706600000, 0x0000000706800000|  0%| F|  |TAMS 0x0000000706600000| PB 0x0000000706600000| Untracked |  0
|  42|0x0000000706800000, 0x0000000706800000, 0x0000000706a00000|  0%| F|  |TAMS 0x0000000706800000| PB 0x0000000706800000| Untracked |  0
|  43|0x0000000706a00000, 0x0000000706a00000, 0x0000000706c00000|  0%| F|  |TAMS 0x0000000706a00000| PB 0x0000000706a00000| Untracked |  0
|  44|0x0000000706c00000, 0x0000000706c00000, 0x0000000706e00000|  0%| F|  |TAMS 0x0000000706c00000| PB 0x0000000706c00000| Untracked |  0
|  45|0x0000000706e00000, 0x0000000706e00000, 0x0000000707000000|  0%| F|  |TAMS 0x0000000706e00000| PB 0x0000000706e00000| Untracked |  0
|  46|0x0000000707000000, 0x0000000707000000, 0x0000000707200000|  0%| F|  |TAMS 0x0000000707000000| PB 0x0000000707000000| Untracked |  0
|  47|0x0000000707200000, 0x0000000707200000, 0x0000000707400000|  0%| F|  |TAMS 0x0000000707200000| PB 0x0000000707200000| Untracked |  0
|  48|0x0000000707400000, 0x0000000707400000, 0x0000000707600000|  0%| F|  |TAMS 0x0000000707400000| PB 0x0000000707400000| Untracked |  0
|  49|0x0000000707600000, 0x0000000707600000, 0x0000000707800000|  0%| F|  |TAMS 0x0000000707600000| PB 0x0000000707600000| Untracked |  0
|  50|0x0000000707800000, 0x0000000707800000, 0x0000000707a00000|  0%| F|  |TAMS 0x0000000707800000| PB 0x0000000707800000| Untracked |  0
|  51|0x0000000707a00000, 0x0000000707a00000, 0x0000000707c00000|  0%| F|  |TAMS 0x0000000707a00000| PB 0x0000000707a00000| Untracked |  0
|  52|0x0000000707c00000, 0x0000000707c00000, 0x0000000707e00000|  0%| F|  |TAMS 0x0000000707c00000| PB 0x0000000707c00000| Untracked |  0
|  53|0x0000000707e00000, 0x0000000707e00000, 0x0000000708000000|  0%| F|  |TAMS 0x0000000707e00000| PB 0x0000000707e00000| Untracked |  0
|  54|0x0000000708000000, 0x0000000708000000, 0x0000000708200000|  0%| F|  |TAMS 0x0000000708000000| PB 0x0000000708000000| Untracked |  0
|  55|0x0000000708200000, 0x0000000708200000, 0x0000000708400000|  0%| F|  |TAMS 0x0000000708200000| PB 0x0000000708200000| Untracked |  0
|  56|0x0000000708400000, 0x0000000708400000, 0x0000000708600000|  0%| F|  |TAMS 0x0000000708400000| PB 0x0000000708400000| Untracked |  0
|  57|0x0000000708600000, 0x0000000708600000, 0x0000000708800000|  0%| F|  |TAMS 0x0000000708600000| PB 0x0000000708600000| Untracked |  0
|  58|0x0000000708800000, 0x0000000708800000, 0x0000000708a00000|  0%| F|  |TAMS 0x0000000708800000| PB 0x0000000708800000| Untracked |  0
|  59|0x0000000708a00000, 0x0000000708a00000, 0x0000000708c00000|  0%| F|  |TAMS 0x0000000708a00000| PB 0x0000000708a00000| Untracked |  0
|  60|0x0000000708c00000, 0x0000000708c00000, 0x0000000708e00000|  0%| F|  |TAMS 0x0000000708c00000| PB 0x0000000708c00000| Untracked |  0
|  61|0x0000000708e00000, 0x0000000708e00000, 0x0000000709000000|  0%| F|  |TAMS 0x0000000708e00000| PB 0x0000000708e00000| Untracked |  0
|  62|0x0000000709000000, 0x0000000709000000, 0x0000000709200000|  0%| F|  |TAMS 0x0000000709000000| PB 0x0000000709000000| Untracked |  0
|  63|0x0000000709200000, 0x0000000709200000, 0x0000000709400000|  0%| F|  |TAMS 0x0000000709200000| PB 0x0000000709200000| Untracked |  0
|  64|0x0000000709400000, 0x0000000709400000, 0x0000000709600000|  0%| F|  |TAMS 0x0000000709400000| PB 0x0000000709400000| Untracked |  0
|  65|0x0000000709600000, 0x0000000709600000, 0x0000000709800000|  0%| F|  |TAMS 0x0000000709600000| PB 0x0000000709600000| Untracked |  0
|  66|0x0000000709800000, 0x0000000709800000, 0x0000000709a00000|  0%| F|  |TAMS 0x0000000709800000| PB 0x0000000709800000| Untracked |  0
|  67|0x0000000709a00000, 0x0000000709a00000, 0x0000000709c00000|  0%| F|  |TAMS 0x0000000709a00000| PB 0x0000000709a00000| Untracked |  0
|  68|0x0000000709c00000, 0x0000000709c00000, 0x0000000709e00000|  0%| F|  |TAMS 0x0000000709c00000| PB 0x0000000709c00000| Untracked |  0
|  69|0x0000000709e00000, 0x0000000709e00000, 0x000000070a000000|  0%| F|  |TAMS 0x0000000709e00000| PB 0x0000000709e00000| Untracked |  0
|  70|0x000000070a000000, 0x000000070a000000, 0x000000070a200000|  0%| F|  |TAMS 0x000000070a000000| PB 0x000000070a000000| Untracked |  0
|  71|0x000000070a200000, 0x000000070a200000, 0x000000070a400000|  0%| F|  |TAMS 0x000000070a200000| PB 0x000000070a200000| Untracked |  0
|  72|0x000000070a400000, 0x000000070a400000, 0x000000070a600000|  0%| F|  |TAMS 0x000000070a400000| PB 0x000000070a400000| Untracked |  0
|  73|0x000000070a600000, 0x000000070a600000, 0x000000070a800000|  0%| F|  |TAMS 0x000000070a600000| PB 0x000000070a600000| Untracked |  0
|  74|0x000000070a800000, 0x000000070a800000, 0x000000070aa00000|  0%| F|  |TAMS 0x000000070a800000| PB 0x000000070a800000| Untracked |  0
|  75|0x000000070aa00000, 0x000000070aa00000, 0x000000070ac00000|  0%| F|  |TAMS 0x000000070aa00000| PB 0x000000070aa00000| Untracked |  0
|  76|0x000000070ac00000, 0x000000070ac00000, 0x000000070ae00000|  0%| F|  |TAMS 0x000000070ac00000| PB 0x000000070ac00000| Untracked |  0
|  77|0x000000070ae00000, 0x000000070ae00000, 0x000000070b000000|  0%| F|  |TAMS 0x000000070ae00000| PB 0x000000070ae00000| Untracked |  0
|  78|0x000000070b000000, 0x000000070b000000, 0x000000070b200000|  0%| F|  |TAMS 0x000000070b000000| PB 0x000000070b000000| Untracked |  0
|  79|0x000000070b200000, 0x000000070b200000, 0x000000070b400000|  0%| F|  |TAMS 0x000000070b200000| PB 0x000000070b200000| Untracked |  0
|  80|0x000000070b400000, 0x000000070b400000, 0x000000070b600000|  0%| F|  |TAMS 0x000000070b400000| PB 0x000000070b400000| Untracked |  0
|  81|0x000000070b600000, 0x000000070b600000, 0x000000070b800000|  0%| F|  |TAMS 0x000000070b600000| PB 0x000000070b600000| Untracked |  0
|  82|0x000000070b800000, 0x000000070b800000, 0x000000070ba00000|  0%| F|  |TAMS 0x000000070b800000| PB 0x000000070b800000| Untracked |  0
|  83|0x000000070ba00000, 0x000000070ba00000, 0x000000070bc00000|  0%| F|  |TAMS 0x000000070ba00000| PB 0x000000070ba00000| Untracked |  0
|  84|0x000000070bc00000, 0x000000070bc00000, 0x000000070be00000|  0%| F|  |TAMS 0x000000070bc00000| PB 0x000000070bc00000| Untracked |  0
|  85|0x000000070be00000, 0x000000070be00000, 0x000000070c000000|  0%| F|  |TAMS 0x000000070be00000| PB 0x000000070be00000| Untracked |  0
|  86|0x000000070c000000, 0x000000070c000000, 0x000000070c200000|  0%| F|  |TAMS 0x000000070c000000| PB 0x000000070c000000| Untracked |  0
|  87|0x000000070c200000, 0x000000070c200000, 0x000000070c400000|  0%| F|  |TAMS 0x000000070c200000| PB 0x000000070c200000| Untracked |  0
|  88|0x000000070c400000, 0x000000070c400000, 0x000000070c600000|  0%| F|  |TAMS 0x000000070c400000| PB 0x000000070c400000| Untracked |  0
|  89|0x000000070c600000, 0x000000070c600000, 0x000000070c800000|  0%| F|  |TAMS 0x000000070c600000| PB 0x000000070c600000| Untracked |  0
|  90|0x000000070c800000, 0x000000070c800000, 0x000000070ca00000|  0%| F|  |TAMS 0x000000070c800000| PB 0x000000070c800000| Untracked |  0
|  91|0x000000070ca00000, 0x000000070ca00000, 0x000000070cc00000|  0%| F|  |TAMS 0x000000070ca00000| PB 0x000000070ca00000| Untracked |  0
|  92|0x000000070cc00000, 0x000000070cc00000, 0x000000070ce00000|  0%| F|  |TAMS 0x000000070cc00000| PB 0x000000070cc00000| Untracked |  0
|  93|0x000000070ce00000, 0x000000070ce00000, 0x000000070d000000|  0%| F|  |TAMS 0x000000070ce00000| PB 0x000000070ce00000| Untracked |  0
|  94|0x000000070d000000, 0x000000070d000000, 0x000000070d200000|  0%| F|  |TAMS 0x000000070d000000| PB 0x000000070d000000| Untracked |  0
|  95|0x000000070d200000, 0x000000070d200000, 0x000000070d400000|  0%| F|  |TAMS 0x000000070d200000| PB 0x000000070d200000| Untracked |  0
|  96|0x000000070d400000, 0x000000070d400000, 0x000000070d600000|  0%| F|  |TAMS 0x000000070d400000| PB 0x000000070d400000| Untracked |  0
|  97|0x000000070d600000, 0x000000070d600000, 0x000000070d800000|  0%| F|  |TAMS 0x000000070d600000| PB 0x000000070d600000| Untracked |  0
|  98|0x000000070d800000, 0x000000070d800000, 0x000000070da00000|  0%| F|  |TAMS 0x000000070d800000| PB 0x000000070d800000| Untracked |  0
|  99|0x000000070da00000, 0x000000070da00000, 0x000000070dc00000|  0%| F|  |TAMS 0x000000070da00000| PB 0x000000070da00000| Untracked |  0
| 100|0x000000070dc00000, 0x000000070dc00000, 0x000000070de00000|  0%| F|  |TAMS 0x000000070dc00000| PB 0x000000070dc00000| Untracked |  0
| 101|0x000000070de00000, 0x000000070de42a90, 0x000000070e000000| 13%| S|CS|TAMS 0x000000070de00000| PB 0x000000070de00000| Complete |  0
| 102|0x000000070e000000, 0x000000070e200000, 0x000000070e200000|100%| S|CS|TAMS 0x000000070e000000| PB 0x000000070e000000| Complete |  0
| 103|0x000000070e200000, 0x000000070e400000, 0x000000070e400000|100%| S|CS|TAMS 0x000000070e200000| PB 0x000000070e200000| Complete |  0
| 104|0x000000070e400000, 0x000000070e400000, 0x000000070e600000|  0%| F|  |TAMS 0x000000070e400000| PB 0x000000070e400000| Untracked |  0
| 105|0x000000070e600000, 0x000000070e66ea70, 0x000000070e800000| 21%| E|  |TAMS 0x000000070e600000| PB 0x000000070e600000| Complete |  0
| 106|0x000000070e800000, 0x000000070ea00000, 0x000000070ea00000|100%| E|CS|TAMS 0x000000070e800000| PB 0x000000070e800000| Complete |  0
| 107|0x000000070ea00000, 0x000000070ec00000, 0x000000070ec00000|100%| E|CS|TAMS 0x000000070ea00000| PB 0x000000070ea00000| Complete |  0
| 108|0x000000070ec00000, 0x000000070ee00000, 0x000000070ee00000|100%| E|CS|TAMS 0x000000070ec00000| PB 0x000000070ec00000| Complete |  0
| 109|0x000000070ee00000, 0x000000070f000000, 0x000000070f000000|100%| E|CS|TAMS 0x000000070ee00000| PB 0x000000070ee00000| Complete |  0
| 110|0x000000070f000000, 0x000000070f200000, 0x000000070f200000|100%| E|CS|TAMS 0x000000070f000000| PB 0x000000070f000000| Complete |  0
| 111|0x000000070f200000, 0x000000070f400000, 0x000000070f400000|100%| E|  |TAMS 0x000000070f200000| PB 0x000000070f200000| Complete |  0
| 112|0x000000070f400000, 0x000000070f600000, 0x000000070f600000|100%| E|CS|TAMS 0x000000070f400000| PB 0x000000070f400000| Complete |  0
| 113|0x000000070f600000, 0x000000070f800000, 0x000000070f800000|100%| E|CS|TAMS 0x000000070f600000| PB 0x000000070f600000| Complete |  0
| 114|0x000000070f800000, 0x000000070fa00000, 0x000000070fa00000|100%| E|CS|TAMS 0x000000070f800000| PB 0x000000070f800000| Complete |  0
| 115|0x000000070fa00000, 0x000000070fc00000, 0x000000070fc00000|100%| E|CS|TAMS 0x000000070fa00000| PB 0x000000070fa00000| Complete |  0
| 116|0x000000070fc00000, 0x000000070fe00000, 0x000000070fe00000|100%| E|CS|TAMS 0x000000070fc00000| PB 0x000000070fc00000| Complete |  0
| 117|0x000000070fe00000, 0x0000000710000000, 0x0000000710000000|100%| E|CS|TAMS 0x000000070fe00000| PB 0x000000070fe00000| Complete |  0
| 118|0x0000000710000000, 0x0000000710200000, 0x0000000710200000|100%| E|CS|TAMS 0x0000000710000000| PB 0x0000000710000000| Complete |  0
| 119|0x0000000710200000, 0x0000000710400000, 0x0000000710400000|100%| E|CS|TAMS 0x0000000710200000| PB 0x0000000710200000| Complete |  0
| 120|0x0000000710400000, 0x0000000710600000, 0x0000000710600000|100%| E|CS|TAMS 0x0000000710400000| PB 0x0000000710400000| Complete |  0
| 121|0x0000000710600000, 0x0000000710800000, 0x0000000710800000|100%| E|CS|TAMS 0x0000000710600000| PB 0x0000000710600000| Complete |  0
| 122|0x0000000710800000, 0x0000000710a00000, 0x0000000710a00000|100%| E|CS|TAMS 0x0000000710800000| PB 0x0000000710800000| Complete |  0
| 123|0x0000000710a00000, 0x0000000710c00000, 0x0000000710c00000|100%| E|CS|TAMS 0x0000000710a00000| PB 0x0000000710a00000| Complete |  0
| 124|0x0000000710c00000, 0x0000000710e00000, 0x0000000710e00000|100%| E|CS|TAMS 0x0000000710c00000| PB 0x0000000710c00000| Complete |  0
| 125|0x0000000710e00000, 0x0000000711000000, 0x0000000711000000|100%| E|CS|TAMS 0x0000000710e00000| PB 0x0000000710e00000| Complete |  0
| 126|0x0000000711000000, 0x0000000711200000, 0x0000000711200000|100%| E|CS|TAMS 0x0000000711000000| PB 0x0000000711000000| Complete |  0
| 127|0x0000000711200000, 0x0000000711400000, 0x0000000711400000|100%| E|CS|TAMS 0x0000000711200000| PB 0x0000000711200000| Complete |  0
|2037|0x00000007ffe00000, 0x00000007fff1c348, 0x0000000800000000| 55%| O|  |TAMS 0x00000007ffe00000| PB 0x00000007ffe00000| Untracked |  0

Card table byte_map: [0x000002683a790000,0x000002683af90000] _byte_map_base: 0x0000026836f86000

Marking Bits: (CMBitMap*) 0x00000268220d15a0
 Bits: [0x000002683af90000, 0x000002683ef40000)

Polling page: 0x0000026821850000

Metaspace:

Usage:
  Non-class:     13.16 MB used.
      Class:      2.16 MB used.
       Both:     15.33 MB used.

Virtual space:
  Non-class space:       64.00 MB reserved,      13.31 MB ( 21%) committed,  1 nodes.
      Class space:        1.00 GB reserved,       2.31 MB ( <1%) committed,  1 nodes.
             Both:        1.06 GB reserved,      15.62 MB (  1%) committed. 

Chunk freelists:
   Non-Class:  2.11 MB
       Class:  13.54 MB
        Both:  15.65 MB

MaxMetaspaceSize: unlimited
CompressedClassSpaceSize: 1.00 GB
Initial GC threshold: 21.00 MB
Current GC threshold: 21.00 MB
CDS: on
 - commit_granule_bytes: 65536.
 - commit_granule_words: 8192.
 - virtual_space_node_default_size: 8388608.
 - enlarge_chunks_in_place: 1.
UseCompressedClassPointers 1, UseCompactObjectHeaders 0
Narrow klass pointer bits 32, Max shift 3
Narrow klass base: 0x0000026842000000, Narrow klass shift: 0
Encoding Range: [0x0000026842000000 - 0x0000026942000000), (4294967296 bytes)
Klass Range:    [0x0000026842000000 - 0x0000026883000000), (1090519040 bytes)
Klass ID Range:  [8 - 1090519033) (1090519025)


Internal statistics:

num_allocs_failed_limit: 0.
num_arena_births: 164.
num_arena_deaths: 0.
num_vsnodes_births: 2.
num_vsnodes_deaths: 0.
num_space_committed: 250.
num_space_uncommitted: 0.
num_chunks_returned_to_freelist: 0.
num_chunks_taken_from_freelist: 684.
num_chunk_merges: 0.
num_chunk_splits: 482.
num_chunks_enlarged: 403.
num_inconsistent_stats: 0.

CodeHeap 'non-profiled nmethods': size=120064Kb used=916Kb max_used=916Kb free=119147Kb
 bounds [0x00000268323e0000, 0x0000026832650000, 0x0000026839920000]
CodeHeap 'profiled nmethods': size=120000Kb used=4076Kb max_used=4076Kb free=115923Kb
 bounds [0x000002682a920000, 0x000002682ad20000, 0x0000026831e50000]
CodeHeap 'non-nmethods': size=5696Kb used=1644Kb max_used=1658Kb free=4052Kb
 bounds [0x0000026831e50000, 0x00000268320c0000, 0x00000268323e0000]
CodeCache: size=245760Kb, used=6636Kb, max_used=6650Kb, free=239122Kb
 total_blobs=3371, nmethods=2561, adapters=715, full_count=0
Compilation: enabled, stopped_count=0, restarted_count=0

Compilation events (20 events):
Event: 3.971 Thread 0x0000026841604630 2546       1       com.sun.prism.paint.Paint$Type::isGradient (5 bytes)
Event: 3.971 Thread 0x0000026841604630 nmethod 2546 0x00000268324c4308 code [0x00000268324c4400, 0x00000268324c44c8]
Event: 3.971 Thread 0x0000026841604630 2547       3       com.sun.prism.impl.VertexBuffer::addQuad (63 bytes)
Event: 3.972 Thread 0x0000026841604630 nmethod 2547 0x000002682ad12108 code [0x000002682ad12260, 0x000002682ad12548]
Event: 3.972 Thread 0x0000026841604630 2548       3       com.sun.javafx.geom.transform.BaseTransform::<init> (5 bytes)
Event: 3.972 Thread 0x0000026841604630 nmethod 2548 0x000002682ad12588 code [0x000002682ad126a0, 0x000002682ad12800]
Event: 3.972 Thread 0x0000026841604630 2549       3       javafx.scene.Node::layoutBoundsChanged (47 bytes)
Event: 3.972 Thread 0x0000026841604630 nmethod 2549 0x000002682ad12888 code [0x000002682ad12a40, 0x000002682ad13288]
Event: 3.972 Thread 0x0000026841604630 2551       3       java.lang.Math::max (46 bytes)
Event: 3.972 Thread 0x0000026841604630 nmethod 2551 0x000002682ad13308 code [0x000002682ad13440, 0x000002682ad13740]
Event: 3.972 Thread 0x0000026841604630 2550       3       com.sun.javafx.geom.transform.AffineBase::isTranslateOrIdentity (22 bytes)
Event: 3.972 Thread 0x0000026841604630 nmethod 2550 0x000002682ad13788 code [0x000002682ad138c0, 0x000002682ad13d18]
Event: 3.972 Thread 0x0000026841604630 2553       3       com.sun.prism.d3d.D3DTextureResource::isValid (28 bytes)
Event: 3.972 Thread 0x0000026841604630 nmethod 2553 0x000002682ad13d88 code [0x000002682ad13ea0, 0x000002682ad141a0]
Event: 3.973 Thread 0x0000026841604630 2554       3       com.sun.javafx.scene.NodeHelper::isDirty (11 bytes)
Event: 3.973 Thread 0x0000026841604630 nmethod 2554 0x000002682ad14208 code [0x000002682ad14340, 0x000002682ad14698]
Event: 3.973 Thread 0x0000026841604630 2555       3       javafx.scene.Node$1::isDirty (6 bytes)
Event: 3.973 Thread 0x0000026841604630 nmethod 2555 0x000002682ad14708 code [0x000002682ad14840, 0x000002682ad14b08]
Event: 3.975 Thread 0x0000026841604630 2556   !   3       jdk.internal.reflect.DirectMethodHandleAccessor::invoke (92 bytes)
Event: 3.975 Thread 0x00000268415f61c0 2562       4       com.sun.prism.impl.VertexBuffer::putColor (53 bytes)

GC Heap History (2 events):
Event: 0.725 GC heap before
{Heap before GC invocations=0 (full 0):
 garbage-first heap   total reserved 4173824K, committed 264192K, used 48240K [0x0000000701400000, 0x0000000800000000)
  region size 2048K, 24 young (49152K), 0 survivors (0K)
 Metaspace       used 9040K, committed 9280K, reserved 1114112K
  class space    used 1060K, committed 1152K, reserved 1048576K
}
Event: 0.728 GC heap after
{Heap after GC invocations=1 (full 0):
 garbage-first heap   total reserved 4173824K, committed 264192K, used 5499K [0x0000000701400000, 0x0000000800000000)
  region size 2048K, 3 young (6144K), 3 survivors (6144K)
 Metaspace       used 9040K, committed 9280K, reserved 1114112K
  class space    used 1060K, committed 1152K, reserved 1048576K
}

Dll operation events (20 events):
Event: 0.240 Loaded shared library C:\Users\Administrator\.openjfx\cache\17.0.6\api-ms-win-crt-locale-l1-1-0.dll
Event: 0.242 Loaded shared library C:\Users\Administrator\.openjfx\cache\17.0.6\api-ms-win-crt-math-l1-1-0.dll
Event: 0.243 Loaded shared library C:\Users\Administrator\.openjfx\cache\17.0.6\api-ms-win-crt-multibyte-l1-1-0.dll
Event: 0.245 Loaded shared library C:\Users\Administrator\.openjfx\cache\17.0.6\api-ms-win-crt-private-l1-1-0.dll
Event: 0.246 Loaded shared library C:\Users\Administrator\.openjfx\cache\17.0.6\api-ms-win-crt-process-l1-1-0.dll
Event: 0.248 Loaded shared library C:\Users\Administrator\.openjfx\cache\17.0.6\api-ms-win-crt-runtime-l1-1-0.dll
Event: 0.249 Loaded shared library C:\Users\Administrator\.openjfx\cache\17.0.6\api-ms-win-crt-stdio-l1-1-0.dll
Event: 0.250 Loaded shared library C:\Users\Administrator\.openjfx\cache\17.0.6\api-ms-win-crt-string-l1-1-0.dll
Event: 0.251 Loaded shared library C:\Users\Administrator\.openjfx\cache\17.0.6\api-ms-win-crt-time-l1-1-0.dll
Event: 0.252 Loaded shared library C:\Users\Administrator\.openjfx\cache\17.0.6\api-ms-win-crt-utility-l1-1-0.dll
Event: 0.262 Loaded shared library C:\Users\Administrator\.openjfx\cache\17.0.6\ucrtbase.dll
Event: 0.265 Loaded shared library C:\Users\Administrator\.openjfx\cache\17.0.6\vcruntime140.dll
Event: 0.266 Loaded shared library C:\Users\Administrator\.openjfx\cache\17.0.6\vcruntime140_1.dll
Event: 0.272 Loaded shared library C:\Users\Administrator\.openjfx\cache\17.0.6\msvcp140.dll
Event: 0.273 Loaded shared library C:\Users\Administrator\.openjfx\cache\17.0.6\msvcp140_1.dll
Event: 0.276 Loaded shared library C:\Users\Administrator\.openjfx\cache\17.0.6\msvcp140_2.dll
Event: 0.304 Loaded shared library C:\Users\Administrator\.openjfx\cache\17.0.6\prism_d3d.dll
Event: 0.408 Loaded shared library C:\Users\Administrator\.openjfx\cache\17.0.6\glass.dll
Event: 0.571 Loaded shared library C:\Users\Administrator\.openjfx\cache\17.0.6\javafx_font.dll
Event: 0.640 Loaded shared library C:\Users\Administrator\.jdks\openjdk-24\bin\jimage.dll

Deoptimization events (20 events):
Event: 1.610 Thread 0x0000026888017300 Uncommon trap: trap_request=0xffffffc6 fr.pc=0x000002683243dbb4 relative=0x00000000000003d4
Event: 1.610 Thread 0x0000026888017300 Uncommon trap: reason=bimorphic_or_optimized_type_check action=maybe_recompile pc=0x000002683243dbb4 method=java.util.concurrent.ConcurrentHashMap.get(Ljava/lang/Object;)Ljava/lang/Object; @ 149 c2
Event: 1.610 Thread 0x0000026888017300 DEOPT PACKING pc=0x000002683243dbb4 sp=0x000000bf5b3fd660
Event: 1.610 Thread 0x0000026888017300 DEOPT UNPACKING pc=0x0000026831f64102 sp=0x000000bf5b3fd5e0 mode 2
Event: 1.615 Thread 0x0000026888017300 Uncommon trap: trap_request=0xffffff4d fr.pc=0x00000268324696dc relative=0x000000000000227c
Event: 1.615 Thread 0x0000026888017300 Uncommon trap: reason=unstable_if action=reinterpret pc=0x00000268324696dc method=jdk.internal.classfile.impl.StackMapGenerator.processBlock(Ljdk/internal/classfile/impl/RawBytecodeHelper;)Z @ 56 c2
Event: 1.615 Thread 0x0000026888017300 DEOPT PACKING pc=0x00000268324696dc sp=0x000000bf5b3faa00
Event: 1.615 Thread 0x0000026888017300 DEOPT UNPACKING pc=0x0000026831f64102 sp=0x000000bf5b3fa978 mode 2
Event: 1.642 Thread 0x0000026887d61e10 Uncommon trap: trap_request=0xffffffc6 fr.pc=0x0000026832486de0 relative=0x0000000000000ce0
Event: 1.642 Thread 0x0000026887d61e10 Uncommon trap: reason=bimorphic_or_optimized_type_check action=maybe_recompile pc=0x0000026832486de0 method=java.io.BufferedInputStream.read([BII)I @ 100 c2
Event: 1.642 Thread 0x0000026887d61e10 DEOPT PACKING pc=0x0000026832486de0 sp=0x000000bf5b6fde20
Event: 1.642 Thread 0x0000026887d61e10 DEOPT UNPACKING pc=0x0000026831f64102 sp=0x000000bf5b6fde08 mode 2
Event: 1.642 Thread 0x0000026887d61e10 Uncommon trap: trap_request=0xffffff4d fr.pc=0x0000026832486c04 relative=0x0000000000000b04
Event: 1.642 Thread 0x0000026887d61e10 Uncommon trap: reason=unstable_if action=reinterpret pc=0x0000026832486c04 method=java.io.BufferedInputStream.read([BII)I @ 55 c2
Event: 1.642 Thread 0x0000026887d61e10 DEOPT PACKING pc=0x0000026832486c04 sp=0x000000bf5b6fde20
Event: 1.642 Thread 0x0000026887d61e10 DEOPT UNPACKING pc=0x0000026831f64102 sp=0x000000bf5b6fde08 mode 2
Event: 1.652 Thread 0x0000026887d61e10 Uncommon trap: trap_request=0xffffff4d fr.pc=0x00000268324941b4 relative=0x00000000000076b4
Event: 1.652 Thread 0x0000026887d61e10 Uncommon trap: reason=unstable_if action=reinterpret pc=0x00000268324941b4 method=java.lang.invoke.MethodType.checkPtypes([Ljava/lang/Class;)I @ 47 c2
Event: 1.652 Thread 0x0000026887d61e10 DEOPT PACKING pc=0x00000268324941b4 sp=0x000000bf5b6fcb60
Event: 1.652 Thread 0x0000026887d61e10 DEOPT UNPACKING pc=0x0000026831f64102 sp=0x000000bf5b6fca78 mode 2

Classes loaded (20 events):
Event: 1.658 Loading class java/util/stream/SliceOps$1
Event: 1.658 Loading class java/util/stream/SliceOps$1 done
Event: 1.658 Loading class java/util/stream/SliceOps$1$1
Event: 1.658 Loading class java/util/stream/SliceOps$1$1 done
Event: 1.658 Loading class java/util/stream/WhileOps$1Op$1OpSink
Event: 1.658 Loading class java/util/stream/WhileOps$DropWhileSink
Event: 1.658 Loading class java/util/stream/WhileOps$DropWhileSink done
Event: 1.658 Loading class java/util/stream/WhileOps$1Op$1OpSink done
Event: 1.666 Loading class java/security/PrivilegedExceptionAction
Event: 1.666 Loading class java/security/PrivilegedExceptionAction done
Event: 1.666 Loading class java/nio/ShortBuffer
Event: 1.666 Loading class java/nio/ShortBuffer done
Event: 1.666 Loading class java/nio/DoubleBuffer
Event: 1.666 Loading class java/nio/DoubleBuffer done
Event: 1.667 Loading class java/nio/DirectFloatBufferU
Event: 1.667 Loading class java/nio/DirectFloatBufferU done
Event: 1.668 Loading class java/lang/FdLibm$Atan2
Event: 1.668 Loading class java/lang/FdLibm$Atan2 done
Event: 1.735 Loading class java/lang/invoke/BoundMethodHandle$Species_LLLL
Event: 1.735 Loading class java/lang/invoke/BoundMethodHandle$Species_LLLL done

Classes unloaded (0 events):
No events

Classes redefined (0 events):
No events

Internal exceptions (20 events):
Event: 0.613 Thread 0x0000026888017300 Exception <a 'java/lang/NoSuchMethodError'{0x000000070eeca118}: 'void java.lang.invoke.DirectMethodHandle$Holder.invokeStaticInit(java.lang.Object, java.lang.Object)'> (0x000000070eeca118) 
thrown [s\open\src\hotspot\share\interpreter\linkResolver.cpp, line 805]
Event: 0.640 Thread 0x0000026888017300 Exception <a 'sun/nio/fs/WindowsException'{0x000000070eaa3390}> (0x000000070eaa3390) 
thrown [s\open\src\hotspot\share\prims\jni.cpp, line 518]
Event: 0.660 Thread 0x0000026888017300 Implicit null exception at 0x000002683243702d to 0x0000026832437308
Event: 0.707 Thread 0x0000026888017300 Implicit null exception at 0x0000026832433aad to 0x0000026832433d98
Event: 0.708 Thread 0x0000026888017300 Implicit null exception at 0x00000268323ff4e0 to 0x00000268323ff7e4
Event: 0.723 Thread 0x0000026888017300 Exception <a 'java/lang/IncompatibleClassChangeError'{0x000000070e5cee30}: Found class java.lang.Object, but interface was expected> (0x000000070e5cee30) 
thrown [s\open\src\hotspot\share\interpreter\linkResolver.cpp, line 872]
Event: 0.754 Thread 0x0000026888017300 Exception <a 'java/lang/NoSuchMethodError'{0x000000071117cf20}: 'void java.lang.invoke.DirectMethodHandle$Holder.invokeSpecialIFC(java.lang.Object, java.lang.Object, java.lang.Object, java.lang.Object)'> (0x000000071117cf20) 
thrown [s\open\src\hotspot\share\interpreter\linkResolver.cpp, line 805]
Event: 0.759 Thread 0x0000026888017300 Exception <a 'java/lang/ClassNotFoundException'{0x0000000710e04b08}: com/sun/javafx/scene/control/skin/resources/controls> (0x0000000710e04b08) 
thrown [s\open\src\hotspot\share\prims\jni.cpp, line 536]
Event: 0.760 Thread 0x0000026888017300 Exception <a 'java/lang/ClassNotFoundException'{0x0000000710e11b18}: com/sun/javafx/scene/control/skin/resources/controls_en> (0x0000000710e11b18) 
thrown [s\open\src\hotspot\share\prims\jni.cpp, line 536]
Event: 0.760 Thread 0x0000026888017300 Exception <a 'java/lang/ClassNotFoundException'{0x0000000710e12968}: com/sun/javafx/scene/control/skin/resources/controls_en_US> (0x0000000710e12968) 
thrown [s\open\src\hotspot\share\prims\jni.cpp, line 536]
Event: 0.788 Thread 0x0000026888017300 Exception <a 'java/lang/NoSuchMethodError'{0x0000000710a03790}: 'int java.lang.invoke.DirectMethodHandle$Holder.invokeSpecial(java.lang.Object, java.lang.Object, int)'> (0x0000000710a03790) 
thrown [s\open\src\hotspot\share\interpreter\linkResolver.cpp, line 805]
Event: 1.007 Thread 0x0000026888017300 Exception <a 'java/lang/NoSuchMethodError'{0x00000007106a3150}: 'java.lang.Object java.lang.invoke.DirectMethodHandle$Holder.invokeStatic(java.lang.Object, java.lang.Object, java.lang.Object, java.lang.Object, int)'> (0x00000007106a3150) 
thrown [s\open\src\hotspot\share\interpreter\linkResolver.cpp, line 805]
Event: 1.008 Thread 0x0000026888017300 Exception <a 'java/lang/NoSuchMethodError'{0x00000007106b73c8}: 'int java.lang.invoke.DirectMethodHandle$Holder.invokeSpecial(java.lang.Object, java.lang.Object, java.lang.Object)'> (0x00000007106b73c8) 
thrown [s\open\src\hotspot\share\interpreter\linkResolver.cpp, line 805]
Event: 1.032 Thread 0x0000026888017300 Exception <a 'java/lang/NoSuchMethodError'{0x00000007104d2d30}: 'java.lang.Object java.lang.invoke.DirectMethodHandle$Holder.newInvokeSpecial(java.lang.Object, java.lang.Object, int)'> (0x00000007104d2d30) 
thrown [s\open\src\hotspot\share\interpreter\linkResolver.cpp, line 805]
Event: 1.148 Thread 0x0000026888017300 Exception <a 'java/lang/NoSuchMethodError'{0x000000070f629008}: 'void java.lang.invoke.DirectMethodHandle$Holder.invokeSpecial(java.lang.Object, java.lang.Object, java.lang.Object, java.lang.Object, java.lang.Object, java.lang.Object)'> (0x000000070f629008) 
thrown [s\open\src\hotspot\share\interpreter\linkResolver.cpp, line 805]
Event: 1.616 Thread 0x0000026888017300 Exception <a 'java/lang/NoSuchMethodError'{0x000000070f1e7388}: 'long java.lang.invoke.DirectMethodHandle$Holder.invokeStaticInit(java.lang.Object, java.lang.Object, java.lang.Object)'> (0x000000070f1e7388) 
thrown [s\open\src\hotspot\share\interpreter\linkResolver.cpp, line 805]
Event: 1.617 Thread 0x0000026888017300 Exception <a 'java/lang/NoSuchMethodError'{0x000000070ef0a2a8}: 'java.lang.Object java.lang.invoke.DirectMethodHandle$Holder.newInvokeSpecial(java.lang.Object, java.lang.Object, long)'> (0x000000070ef0a2a8) 
thrown [s\open\src\hotspot\share\interpreter\linkResolver.cpp, line 805]
Event: 1.618 Thread 0x0000026888017300 Exception <a 'java/lang/NoSuchMethodError'{0x000000070ef12e90}: 'java.lang.Object java.lang.invoke.Invokers$Holder.linkToTargetMethod(java.lang.Object, long, java.lang.Object)'> (0x000000070ef12e90) 
thrown [s\open\src\hotspot\share\interpreter\linkResolver.cpp, line 805]
Event: 1.635 Thread 0x0000026887d61e10 Exception <a 'java/lang/NoSuchMethodError'{0x000000070ec1e508}: 'int java.lang.invoke.DirectMethodHandle$Holder.invokeStaticInit(java.lang.Object, java.lang.Object)'> (0x000000070ec1e508) 
thrown [s\open\src\hotspot\share\interpreter\linkResolver.cpp, line 805]
Event: 1.711 Thread 0x0000026887d61e10 Exception <a 'java/lang/NoSuchMethodError'{0x000000070e95c410}: 'java.lang.Object java.lang.invoke.DirectMethodHandle$Holder.invokeStaticInit(java.lang.Object, int)'> (0x000000070e95c410) 
thrown [s\open\src\hotspot\share\interpreter\linkResolver.cpp, line 805]

VM Operations (14 events):
Event: 0.105 Executing VM operation: HandshakeAllThreads (Deoptimize)
Event: 0.105 Executing VM operation: HandshakeAllThreads (Deoptimize) done
Event: 0.105 Executing VM operation: HandshakeAllThreads (Deoptimize)
Event: 0.105 Executing VM operation: HandshakeAllThreads (Deoptimize) done
Event: 0.402 Executing VM operation: HandshakeAllThreads (Deoptimize)
Event: 0.403 Executing VM operation: HandshakeAllThreads (Deoptimize) done
Event: 0.576 Executing VM operation: HandshakeAllThreads (Deoptimize)
Event: 0.577 Executing VM operation: HandshakeAllThreads (Deoptimize) done
Event: 0.725 Executing VM operation: G1CollectForAllocation (G1 Evacuation Pause)
Event: 0.728 Executing VM operation: G1CollectForAllocation (G1 Evacuation Pause) done
Event: 0.745 Executing VM operation: HandshakeAllThreads (Deoptimize)
Event: 0.745 Executing VM operation: HandshakeAllThreads (Deoptimize) done
Event: 1.079 Executing VM operation: HandshakeAllThreads (Deoptimize)
Event: 1.079 Executing VM operation: HandshakeAllThreads (Deoptimize) done

Memory protections (0 events):
No events

Nmethod flushes (0 events):
No events

Events (20 events):
Event: 0.023 Thread 0x000002681fe402a0 Thread added: 0x0000026841604630
Event: 0.039 Thread 0x000002681fe402a0 Thread added: 0x00000268870947d0
Event: 0.058 Thread 0x0000026841604630 Thread added: 0x00000268870ac440
Event: 0.076 Thread 0x0000026841604630 Thread added: 0x00000268871bc290
Event: 0.125 Thread 0x000002681fe402a0 Thread added: 0x00000268871f3ca0
Event: 0.125 Thread 0x000002681fe402a0 Thread added: 0x00000268878eef50
Event: 0.298 Thread 0x000002681fe402a0 Thread added: 0x0000026887d61e10
Event: 0.402 Thread 0x00000268871bc290 Thread exited: 0x00000268871bc290
Event: 0.402 Thread 0x00000268870ac440 Thread exited: 0x00000268870ac440
Event: 0.409 Thread 0x000002681fe402a0 Thread added: 0x0000026887fe3210
Event: 0.412 Thread 0x000002681fe402a0 Thread added: 0x0000026888017300
Event: 0.503 Thread 0x000002681fe402a0 Thread added: 0x000002688844c620
Event: 0.513 Thread 0x00000268884de9a0 Thread added: 0x00000268884de9a0
Event: 0.587 Thread 0x0000026841604630 Thread added: 0x000002688856de80
Event: 0.975 Thread 0x000002688856de80 Thread exited: 0x000002688856de80
Event: 0.976 Thread 0x0000026888017300 Thread added: 0x0000026888a6be10
Event: 1.052 Thread 0x0000026841604630 Thread added: 0x00000268886d2450
Event: 1.607 Thread 0x0000026888017300 Thread added: 0x0000026888a69980
Event: 1.648 Thread 0x0000026887d61e10 Thread added: 0x0000026888a6a820
Event: 1.838 Thread 0x00000268886d2450 Thread exited: 0x00000268886d2450


Dynamic libraries:
0x00007ff6d0e00000 - 0x00007ff6d0e0e000 	C:\Users\Administrator\.jdks\openjdk-24\bin\java.exe
0x00007ffc19d70000 - 0x00007ffc19f68000 	C:\Windows\SYSTEM32\ntdll.dll
0x00007ffc19840000 - 0x00007ffc198fd000 	C:\Windows\System32\KERNEL32.DLL
0x00007ffc17450000 - 0x00007ffc17746000 	C:\Windows\System32\KERNELBASE.dll
0x00007ffc17750000 - 0x00007ffc17850000 	C:\Windows\System32\ucrtbase.dll
0x00007ffc126b0000 - 0x00007ffc126cb000 	C:\Users\Administrator\.jdks\openjdk-24\bin\VCRUNTIME140.dll
0x00007ffc13bd0000 - 0x00007ffc13be6000 	C:\Users\Administrator\.jdks\openjdk-24\bin\jli.dll
0x00007ffc19270000 - 0x00007ffc1940e000 	C:\Windows\System32\USER32.dll
0x00007ffbff860000 - 0x00007ffbffafa000 	C:\Windows\WinSxS\amd64_microsoft.windows.common-controls_6595b64144ccf1df_6.0.19041.1110_none_60b5254171f9507e\COMCTL32.dll
0x00007ffc17da0000 - 0x00007ffc17dc2000 	C:\Windows\System32\win32u.dll
0x00007ffc17dd0000 - 0x00007ffc17e6e000 	C:\Windows\System32\msvcrt.dll
0x00007ffc19b10000 - 0x00007ffc19b3c000 	C:\Windows\System32\GDI32.dll
0x00007ffc17850000 - 0x00007ffc1796a000 	C:\Windows\System32\gdi32full.dll
0x00007ffc17c50000 - 0x00007ffc17ced000 	C:\Windows\System32\msvcp_win.dll
0x00007ffc19900000 - 0x00007ffc19930000 	C:\Windows\System32\IMM32.DLL
0x00007ffc14cc0000 - 0x00007ffc14ccc000 	C:\Users\Administrator\.jdks\openjdk-24\bin\vcruntime140_1.dll
0x00007ffbffff0000 - 0x00007ffc0007e000 	C:\Users\Administrator\.jdks\openjdk-24\bin\msvcp140.dll
0x00007ffbb69e0000 - 0x00007ffbb7782000 	C:\Users\Administrator\.jdks\openjdk-24\bin\server\jvm.dll
0x00007ffc17e70000 - 0x00007ffc17f1e000 	C:\Windows\System32\ADVAPI32.dll
0x00007ffc191d0000 - 0x00007ffc1926c000 	C:\Windows\System32\sechost.dll
0x00007ffc188b0000 - 0x00007ffc189d6000 	C:\Windows\System32\RPCRT4.dll
0x00007ffc19410000 - 0x00007ffc1947b000 	C:\Windows\System32\WS2_32.dll
0x00007ffc16a00000 - 0x00007ffc16a4b000 	C:\Windows\SYSTEM32\POWRPROF.dll
0x00007ffc08970000 - 0x00007ffc08997000 	C:\Windows\SYSTEM32\WINMM.dll
0x00007ffc11760000 - 0x00007ffc1176a000 	C:\Windows\SYSTEM32\VERSION.dll
0x00007ffc16870000 - 0x00007ffc16882000 	C:\Windows\SYSTEM32\UMPDC.dll
0x00007ffc15300000 - 0x00007ffc15312000 	C:\Windows\SYSTEM32\kernel.appcore.dll
0x00007ffc13bc0000 - 0x00007ffc13bca000 	C:\Users\Administrator\.jdks\openjdk-24\bin\jimage.dll
0x00007ffc080f0000 - 0x00007ffc082d4000 	C:\Windows\SYSTEM32\DBGHELP.DLL
0x00007ffbefcc0000 - 0x00007ffbefcf4000 	C:\Windows\SYSTEM32\dbgcore.DLL
0x00007ffc17970000 - 0x00007ffc179f2000 	C:\Windows\System32\bcryptPrimitives.dll
0x00007ffc0f2e0000 - 0x00007ffc0f2ef000 	C:\Users\Administrator\.jdks\openjdk-24\bin\instrument.dll
0x00007ffc118c0000 - 0x00007ffc118de000 	C:\Users\Administrator\.jdks\openjdk-24\bin\java.dll
0x00007ffc19c00000 - 0x00007ffc19d2a000 	C:\Windows\System32\ole32.dll
0x00007ffc19480000 - 0x00007ffc197d4000 	C:\Windows\System32\combase.dll
0x00007ffc18010000 - 0x00007ffc18755000 	C:\Windows\System32\SHELL32.dll
0x00007ffc15500000 - 0x00007ffc15c9b000 	C:\Windows\SYSTEM32\windows.storage.dll
0x00007ffc16e90000 - 0x00007ffc16ebe000 	C:\Windows\SYSTEM32\Wldp.dll
0x00007ffc18760000 - 0x00007ffc1880d000 	C:\Windows\System32\SHCORE.dll
0x00007ffc19b40000 - 0x00007ffc19b95000 	C:\Windows\System32\shlwapi.dll
0x00007ffc17380000 - 0x00007ffc173a5000 	C:\Windows\SYSTEM32\profapi.dll
0x00007ffbf1280000 - 0x00007ffbf1357000 	C:\Users\Administrator\.jdks\openjdk-24\bin\jsvml.dll
0x00007ffc0f2d0000 - 0x00007ffc0f2e0000 	C:\Users\Administrator\.jdks\openjdk-24\bin\net.dll
0x00007ffc16bf0000 - 0x00007ffc16c5a000 	C:\Windows\system32\mswsock.dll
0x00007ffc0f2b0000 - 0x00007ffc0f2c6000 	C:\Users\Administrator\.jdks\openjdk-24\bin\nio.dll
0x00007ffc0f290000 - 0x00007ffc0f2a7000 	C:\Users\Administrator\.jdks\openjdk-24\bin\zip.dll
0x0000026821ff0000 - 0x0000026821ff3000 	C:\Users\Administrator\.openjfx\cache\17.0.6\api-ms-win-core-console-l1-1-0.dll
0x0000026822000000 - 0x0000026822003000 	C:\Users\Administrator\.openjfx\cache\17.0.6\api-ms-win-core-console-l1-2-0.dll
0x0000026822010000 - 0x0000026822013000 	C:\Users\Administrator\.openjfx\cache\17.0.6\api-ms-win-core-datetime-l1-1-0.dll
0x0000026822020000 - 0x0000026822023000 	C:\Users\Administrator\.openjfx\cache\17.0.6\api-ms-win-core-debug-l1-1-0.dll
0x0000026822030000 - 0x0000026822033000 	C:\Users\Administrator\.openjfx\cache\17.0.6\api-ms-win-core-errorhandling-l1-1-0.dll
0x0000026841c70000 - 0x0000026841c74000 	C:\Users\Administrator\.openjfx\cache\17.0.6\api-ms-win-core-file-l1-1-0.dll
0x0000026841c80000 - 0x0000026841c83000 	C:\Users\Administrator\.openjfx\cache\17.0.6\api-ms-win-core-file-l1-2-0.dll
0x0000026841c90000 - 0x0000026841c93000 	C:\Users\Administrator\.openjfx\cache\17.0.6\api-ms-win-core-file-l2-1-0.dll
0x0000026841ca0000 - 0x0000026841ca3000 	C:\Users\Administrator\.openjfx\cache\17.0.6\api-ms-win-core-handle-l1-1-0.dll
0x0000026841cb0000 - 0x0000026841cb3000 	C:\Users\Administrator\.openjfx\cache\17.0.6\api-ms-win-core-heap-l1-1-0.dll
0x0000026841cc0000 - 0x0000026841cc3000 	C:\Users\Administrator\.openjfx\cache\17.0.6\api-ms-win-core-interlocked-l1-1-0.dll
0x0000026841cd0000 - 0x0000026841cd3000 	C:\Users\Administrator\.openjfx\cache\17.0.6\api-ms-win-core-libraryloader-l1-1-0.dll
0x0000026841ce0000 - 0x0000026841ce3000 	C:\Users\Administrator\.openjfx\cache\17.0.6\api-ms-win-core-localization-l1-2-0.dll
0x0000026841cf0000 - 0x0000026841cf3000 	C:\Users\Administrator\.openjfx\cache\17.0.6\api-ms-win-core-memory-l1-1-0.dll
0x0000026841d00000 - 0x0000026841d03000 	C:\Users\Administrator\.openjfx\cache\17.0.6\api-ms-win-core-namedpipe-l1-1-0.dll
0x0000026841d10000 - 0x0000026841d13000 	C:\Users\Administrator\.openjfx\cache\17.0.6\api-ms-win-core-processenvironment-l1-1-0.dll
0x0000026841d20000 - 0x0000026841d23000 	C:\Users\Administrator\.openjfx\cache\17.0.6\api-ms-win-core-processthreads-l1-1-0.dll
0x0000026841d30000 - 0x0000026841d33000 	C:\Users\Administrator\.openjfx\cache\17.0.6\api-ms-win-core-processthreads-l1-1-1.dll
0x0000026841d40000 - 0x0000026841d43000 	C:\Users\Administrator\.openjfx\cache\17.0.6\api-ms-win-core-profile-l1-1-0.dll
0x0000026841d50000 - 0x0000026841d53000 	C:\Users\Administrator\.openjfx\cache\17.0.6\api-ms-win-core-rtlsupport-l1-1-0.dll
0x0000026841d60000 - 0x0000026841d63000 	C:\Users\Administrator\.openjfx\cache\17.0.6\api-ms-win-core-string-l1-1-0.dll
0x0000026841d70000 - 0x0000026841d73000 	C:\Users\Administrator\.openjfx\cache\17.0.6\api-ms-win-core-synch-l1-1-0.dll
0x0000026841d80000 - 0x0000026841d83000 	C:\Users\Administrator\.openjfx\cache\17.0.6\api-ms-win-core-synch-l1-2-0.dll
0x0000026841d90000 - 0x0000026841d93000 	C:\Users\Administrator\.openjfx\cache\17.0.6\api-ms-win-core-sysinfo-l1-1-0.dll
0x0000026841da0000 - 0x0000026841da3000 	C:\Users\Administrator\.openjfx\cache\17.0.6\api-ms-win-core-timezone-l1-1-0.dll
0x0000026841db0000 - 0x0000026841db3000 	C:\Users\Administrator\.openjfx\cache\17.0.6\api-ms-win-core-util-l1-1-0.dll
0x0000026841dc0000 - 0x0000026841dc3000 	C:\Users\Administrator\.openjfx\cache\17.0.6\api-ms-win-crt-conio-l1-1-0.dll
0x0000026841dd0000 - 0x0000026841dd4000 	C:\Users\Administrator\.openjfx\cache\17.0.6\api-ms-win-crt-convert-l1-1-0.dll
0x0000026841de0000 - 0x0000026841de3000 	C:\Users\Administrator\.openjfx\cache\17.0.6\api-ms-win-crt-environment-l1-1-0.dll
0x0000026841df0000 - 0x0000026841df3000 	C:\Users\Administrator\.openjfx\cache\17.0.6\api-ms-win-crt-filesystem-l1-1-0.dll
0x0000026841e00000 - 0x0000026841e03000 	C:\Users\Administrator\.openjfx\cache\17.0.6\api-ms-win-crt-heap-l1-1-0.dll
0x0000026841e10000 - 0x0000026841e13000 	C:\Users\Administrator\.openjfx\cache\17.0.6\api-ms-win-crt-locale-l1-1-0.dll
0x0000026841e20000 - 0x0000026841e25000 	C:\Users\Administrator\.openjfx\cache\17.0.6\api-ms-win-crt-math-l1-1-0.dll
0x0000026841e30000 - 0x0000026841e35000 	C:\Users\Administrator\.openjfx\cache\17.0.6\api-ms-win-crt-multibyte-l1-1-0.dll
0x0000026841e40000 - 0x0000026841e50000 	C:\Users\Administrator\.openjfx\cache\17.0.6\api-ms-win-crt-private-l1-1-0.dll
0x0000026841e50000 - 0x0000026841e53000 	C:\Users\Administrator\.openjfx\cache\17.0.6\api-ms-win-crt-process-l1-1-0.dll
0x0000026841e60000 - 0x0000026841e64000 	C:\Users\Administrator\.openjfx\cache\17.0.6\api-ms-win-crt-runtime-l1-1-0.dll
0x0000026841e70000 - 0x0000026841e74000 	C:\Users\Administrator\.openjfx\cache\17.0.6\api-ms-win-crt-stdio-l1-1-0.dll
0x0000026841e80000 - 0x0000026841e84000 	C:\Users\Administrator\.openjfx\cache\17.0.6\api-ms-win-crt-string-l1-1-0.dll
0x0000026841e90000 - 0x0000026841e93000 	C:\Users\Administrator\.openjfx\cache\17.0.6\api-ms-win-crt-time-l1-1-0.dll
0x0000026841ea0000 - 0x0000026841ea3000 	C:\Users\Administrator\.openjfx\cache\17.0.6\api-ms-win-crt-utility-l1-1-0.dll
0x00007ffbe9d90000 - 0x00007ffbe9e8c000 	C:\Users\Administrator\.openjfx\cache\17.0.6\ucrtbase.dll
0x00007ffbfffa0000 - 0x00007ffbfffba000 	C:\Users\Administrator\.openjfx\cache\17.0.6\vcruntime140.dll
0x00007ffbfff90000 - 0x00007ffbfff9c000 	C:\Users\Administrator\.openjfx\cache\17.0.6\vcruntime140_1.dll
0x00007ffbe4d00000 - 0x00007ffbe4d8d000 	C:\Users\Administrator\.openjfx\cache\17.0.6\msvcp140.dll
0x00007ffbfff80000 - 0x00007ffbfff89000 	C:\Users\Administrator\.openjfx\cache\17.0.6\msvcp140_1.dll
0x00007ffbfff50000 - 0x00007ffbfff7f000 	C:\Users\Administrator\.openjfx\cache\17.0.6\msvcp140_2.dll
0x00007ffbea370000 - 0x00007ffbea39a000 	C:\Users\Administrator\.openjfx\cache\17.0.6\prism_d3d.dll
0x00007ffbbc110000 - 0x00007ffbbc2dd000 	C:\Windows\system32\d3d9.dll
0x00007ffc151f0000 - 0x00007ffc1521f000 	C:\Windows\SYSTEM32\dwmapi.dll
0x00007ffc14e30000 - 0x00007ffc14ece000 	C:\Windows\system32\uxtheme.dll
0x00007ffc0e730000 - 0x00007ffc0e7f2000 	C:\Windows\System32\DriverStore\FileRepository\nv_dispi.inf_amd64_3cae04f75ee04f42\nvldumdx.dll
0x00007ffc17020000 - 0x00007ffc17032000 	C:\Windows\SYSTEM32\msasn1.dll
0x00007ffc11910000 - 0x00007ffc11941000 	C:\Windows\SYSTEM32\cryptnet.dll
0x00007ffc17a80000 - 0x00007ffc17bde000 	C:\Windows\System32\CRYPT32.dll
0x00007ffc16de0000 - 0x00007ffc16dec000 	C:\Windows\SYSTEM32\cryptbase.dll
0x00007ffc11400000 - 0x00007ffc11548000 	C:\Windows\SYSTEM32\drvstore.dll
0x00007ffc171e0000 - 0x00007ffc17213000 	C:\Windows\SYSTEM32\devobj.dll
0x00007ffc17a00000 - 0x00007ffc17a4e000 	C:\Windows\System32\cfgmgr32.dll
0x00007ffc17be0000 - 0x00007ffc17c47000 	C:\Windows\System32\wintrust.dll
0x00007ffc19af0000 - 0x00007ffc19b0d000 	C:\Windows\System32\imagehlp.dll
0x00007ffc16df0000 - 0x00007ffc16e08000 	C:\Windows\SYSTEM32\CRYPTSP.dll
0x00007ffc16490000 - 0x00007ffc164c4000 	C:\Windows\system32\rsaenh.dll
0x00007ffc17a50000 - 0x00007ffc17a77000 	C:\Windows\System32\bcrypt.dll
0x00007ffc096e0000 - 0x00007ffc0d190000 	C:\Windows\System32\DriverStore\FileRepository\nv_dispi.inf_amd64_3cae04f75ee04f42\nvgpucomp64.dll
0x00007ffc06a40000 - 0x00007ffc06b19000 	C:\Windows\System32\DriverStore\FileRepository\nv_dispi.inf_amd64_3cae04f75ee04f42\NvMemMapStoragex.dll
0x00007ffbb3a80000 - 0x00007ffbb5d07000 	C:\Windows\System32\DriverStore\FileRepository\nv_dispi.inf_amd64_3cae04f75ee04f42\nvd3dumx.dll
0x00007ffbe2110000 - 0x00007ffbe2152000 	C:\Users\Administrator\.openjfx\cache\17.0.6\glass.dll
0x00007ffc17f30000 - 0x00007ffc1800a000 	C:\Windows\System32\COMDLG32.dll
0x00007ffc189e0000 - 0x00007ffc18aad000 	C:\Windows\System32\OLEAUT32.dll
0x0000000180000000 - 0x0000000188132000 	C:\Program Files (x86)\ASUS\GPUTweakIII\GTIII-OSD\x64\GTIII-OSD64-VK.dll
0x00007ffbc76b0000 - 0x00007ffbc7835000 	C:\Windows\SYSTEM32\vulkan-1.dll
0x00007ffc190b0000 - 0x00007ffc191c4000 	C:\Windows\System32\MSCTF.dll
0x00007ffbb9b70000 - 0x00007ffbb9e76000 	C:\Windows\system32\nvspcap64.dll
0x00007ffc165d0000 - 0x00007ffc16603000 	C:\Windows\SYSTEM32\ntmarta.dll
0x00007ffc15cb0000 - 0x00007ffc15cd3000 	C:\Windows\SYSTEM32\gpapi.dll
0x00007ffbb99b0000 - 0x00007ffbb9b64000 	C:\Windows\System32\DriverStore\FileRepository\nv_dispi.inf_amd64_3cae04f75ee04f42\nvppex.dll
0x00007ffc0f0c0000 - 0x00007ffc0f0fb000 	C:\Windows\SYSTEM32\dxcore.dll
0x00007ffbef040000 - 0x00007ffbef054000 	C:\Users\Administrator\.openjfx\cache\17.0.6\javafx_font.dll
0x00007ffc06770000 - 0x00007ffc069ef000 	C:\Windows\SYSTEM32\dwrite.dll
0x00007ffc18ab0000 - 0x00007ffc18b59000 	C:\Windows\System32\clbcatq.dll
0x00007ffc10fd0000 - 0x00007ffc11184000 	C:\Windows\SYSTEM32\WindowsCodecs.dll

dbghelp: loaded successfully - version: 4.0.5 - missing functions: none
symbol engine: initialized successfully - sym options: 0x614 - pdb path: .;C:\Users\Administrator\.jdks\openjdk-24\bin;C:\Windows\SYSTEM32;C:\Windows\WinSxS\amd64_microsoft.windows.common-controls_6595b64144ccf1df_6.0.19041.1110_none_60b5254171f9507e;C:\Users\Administrator\.jdks\openjdk-24\bin\server;C:\Users\Administrator\.openjfx\cache\17.0.6;C:\Windows\System32\DriverStore\FileRepository\nv_dispi.inf_amd64_3cae04f75ee04f42;C:\Program Files (x86)\ASUS\GPUTweakIII\GTIII-OSD\x64;C:\Program Files\Common Files\Microsoft Shared\Ink

VM Arguments:
jvm_args: -javaagent:C:\Program Files\JetBrains\IntelliJ IDEA Community Edition 2024.3.5\lib\idea_rt.jar=50678 -Dfile.encoding=UTF-8 -Dsun.stdout.encoding=UTF-8 -Dsun.stderr.encoding=UTF-8 --module-path=C:\Users\Administrator\.m2\repository\org\openjfx\javafx-fxml\17.0.6\javafx-fxml-17.0.6-win.jar;C:\Users\Administrator\.m2\repository\org\openjfx\javafx-graphics\17.0.6\javafx-graphics-17.0.6-win.jar;C:\Users\Administrator\IdeaProjects\ProyectoBanco\target\classes;C:\Users\Administrator\.m2\repository\org\openjfx\javafx-base\17.0.6\javafx-base-17.0.6-win.jar;C:\Users\Administrator\.m2\repository\org\openjfx\javafx-controls\17.0.6\javafx-controls-17.0.6-win.jar -Djdk.module.main=SistemaTicketsBanco 
java_command: SistemaTicketsBanco/cliente.Cliente
java_class_path (initial): C:\Users\Administrator\.m2\repository\org\openjfx\javafx-controls\17.0.6\javafx-controls-17.0.6.jar;C:\Users\Administrator\.m2\repository\org\openjfx\javafx-graphics\17.0.6\javafx-graphics-17.0.6.jar;C:\Users\Administrator\.m2\repository\org\openjfx\javafx-base\17.0.6\javafx-base-17.0.6.jar;C:\Users\Administrator\.m2\repository\org\openjfx\javafx-fxml\17.0.6\javafx-fxml-17.0.6.jar
Launcher Type: SUN_STANDARD

[Global flags]
     intx CICompilerCount                          = 4                                         {product} {ergonomic}
     uint ConcGCThreads                            = 3                                         {product} {ergonomic}
     uint G1ConcRefinementThreads                  = 10                                        {product} {ergonomic}
   size_t G1HeapRegionSize                         = 2097152                                   {product} {ergonomic}
   size_t InitialHeapSize                          = 268435456                                 {product} {ergonomic}
   size_t MarkStackSize                            = 4194304                                   {product} {ergonomic}
   size_t MarkStackSizeMax                         = 536870912                                 {product} {ergonomic}
   size_t MaxHeapSize                              = 4273995776                                {product} {ergonomic}
   size_t MaxNewSize                               = 2562719744                                {product} {ergonomic}
   size_t MinHeapDeltaBytes                        = 2097152                                   {product} {ergonomic}
   size_t MinHeapSize                              = 8388608                                   {product} {ergonomic}
    uintx NonNMethodCodeHeapSize                   = 5832704                                {pd product} {ergonomic}
    uintx NonProfiledCodeHeapSize                  = 122945536                              {pd product} {ergonomic}
    uintx ProfiledCodeHeapSize                     = 122880000                              {pd product} {ergonomic}
    uintx ReservedCodeCacheSize                    = 251658240                              {pd product} {ergonomic}
     bool SegmentedCodeCache                       = true                                      {product} {ergonomic}
   size_t SoftMaxHeapSize                          = 4273995776                             {manageable} {ergonomic}
     bool UseCompressedOops                        = true                           {product lp64_product} {ergonomic}
     bool UseG1GC                                  = true                                      {product} {ergonomic}
     bool UseLargePagesIndividualAllocation        = false                                  {pd product} {ergonomic}

Logging:
Log output configuration:
 #0: stdout all=warning uptime,level,tags foldmultilines=false
 #1: stderr all=off uptime,level,tags foldmultilines=false

Environment Variables:
PATH=C:\Program Files\Common Files\Oracle\Java\javapath;C:\Program Files (x86)\Common Files\Oracle\Java\javapath;C:\Windows\system32;C:\Windows;C:\Windows\System32\Wbem;C:\Windows\System32\WindowsPowerShell\v1.0\;C:\Program Files (x86)\NVIDIA Corporation\PhysX\Common;C:\Program Files\dotnet\;C:\Program Files\NVIDIA Corporation\NVIDIA app\NvDLISR;C:\Program Files\Git\cmd;C:\Users\Administrator\AppData\Local\Microsoft\WindowsApps;
USERNAME=Administrator
OS=Windows_NT
PROCESSOR_IDENTIFIER=Intel64 Family 6 Model 165 Stepping 5, GenuineIntel
TMP=C:\Users\ADMINI~1\AppData\Local\Temp
TEMP=C:\Users\ADMINI~1\AppData\Local\Temp




Periodic native trim disabled

---------------  S Y S T E M  ---------------

OS:
 Windows 10 , 64 bit Build 19041 (10.0.19041.3393)
OS uptime: 0 days 1:24 hours

CPU: total 12 (initial active 12) (6 cores per cpu, 2 threads per core) family 6 model 165 stepping 5 microcode 0xe2, cx8, cmov, fxsr, ht, mmx, 3dnowpref, sse, sse2, sse3, ssse3, sse4.1, sse4.2, popcnt, lzcnt, tsc, tscinvbit, avx, avx2, aes, erms, clmul, bmi1, bmi2, adx, fma, vzeroupper, clflush, clflushopt, rdtscp, f16c, pku
Processor Information for the first 12 processors :
  Max Mhz: 2901, Current Mhz: 2901, Mhz Limit: 2901

Memory: 4k page, system-wide physical 16303M (8359M free)
TotalPageFile size 18607M (AvailPageFile size 5320M)
current process WorkingSet (physical memory assigned to process): 368M, peak: 368M
current process commit charge ("private bytes"): 902M, peak: 902M

vm_info: OpenJDK 64-Bit Server VM (24+36-3646) for windows-amd64 JRE (24+36-3646), built on 2025-02-06T00:20:43Z with MS VC++ 17.6 (VS2022)

END.
